Doing one experiment in logistics domain, problem 2, try 0
Reading strip domain file /lustre/rli12314/HGNIII/ICAPS22_HPLAN_experiments_logistics/logistics/domain_strips.pddl
Reading strip problem file /lustre/rli12314/HGNIII/ICAPS22_HPLAN_experiments_logistics/logistics/problem2-0-strips.pddl
Reading strip solution file /lustre/rli12314/HGNIII/ICAPS22_HPLAN_experiments_logistics/logistics/problem2-0-solution.plan
Reading htn domain file /lustre/rli12314/HGNIII/ICAPS22_HPLAN_experiments_logistics/logistics/domain_partial_htn.pddl
Reading task file /lustre/rli12314/HGNIII/ICAPS22_HPLAN_experiments_logistics/logistics/tasks2.pddl
 Done reading task files
Doing one experiment in logistics domain, problem 2, try 1
Reading strip domain file /lustre/rli12314/HGNIII/ICAPS22_HPLAN_experiments_logistics/logistics/domain_strips.pddl
Reading strip problem file /lustre/rli12314/HGNIII/ICAPS22_HPLAN_experiments_logistics/logistics/problem2-1-strips.pddl
Reading strip solution file /lustre/rli12314/HGNIII/ICAPS22_HPLAN_experiments_logistics/logistics/problem2-1-solution.plan
Reading htn domain file /lustre/rli12314/HGNIII/ICAPS22_HPLAN_experiments_logistics/logistics/domain_partial_htn.pddl
Reading task file /lustre/rli12314/HGNIII/ICAPS22_HPLAN_experiments_logistics/logistics/tasks2.pddl
 Done reading task files
Doing one experiment in logistics domain, problem 2, try 2
Reading strip domain file /lustre/rli12314/HGNIII/ICAPS22_HPLAN_experiments_logistics/logistics/domain_strips.pddl
Reading strip problem file /lustre/rli12314/HGNIII/ICAPS22_HPLAN_experiments_logistics/logistics/problem2-2-strips.pddl
Reading strip solution file /lustre/rli12314/HGNIII/ICAPS22_HPLAN_experiments_logistics/logistics/problem2-2-solution.plan
Reading htn domain file /lustre/rli12314/HGNIII/ICAPS22_HPLAN_experiments_logistics/logistics/domain_partial_htn.pddl
Reading task file /lustre/rli12314/HGNIII/ICAPS22_HPLAN_experiments_logistics/logistics/tasks2.pddl
 Done reading task files
Doing one experiment in logistics domain, problem 2, try 3
Reading strip domain file /lustre/rli12314/HGNIII/ICAPS22_HPLAN_experiments_logistics/logistics/domain_strips.pddl
Reading strip problem file /lustre/rli12314/HGNIII/ICAPS22_HPLAN_experiments_logistics/logistics/problem2-3-strips.pddl
Reading strip solution file /lustre/rli12314/HGNIII/ICAPS22_HPLAN_experiments_logistics/logistics/problem2-3-solution.plan
Reading htn domain file /lustre/rli12314/HGNIII/ICAPS22_HPLAN_experiments_logistics/logistics/domain_partial_htn.pddl
Reading task file /lustre/rli12314/HGNIII/ICAPS22_HPLAN_experiments_logistics/logistics/tasks2.pddl
 Done reading task files
Doing one experiment in logistics domain, problem 2, try 4
Reading strip domain file /lustre/rli12314/HGNIII/ICAPS22_HPLAN_experiments_logistics/logistics/domain_strips.pddl
Reading strip problem file /lustre/rli12314/HGNIII/ICAPS22_HPLAN_experiments_logistics/logistics/problem2-4-strips.pddl
Reading strip solution file /lustre/rli12314/HGNIII/ICAPS22_HPLAN_experiments_logistics/logistics/problem2-4-solution.plan
Reading htn domain file /lustre/rli12314/HGNIII/ICAPS22_HPLAN_experiments_logistics/logistics/domain_partial_htn.pddl
Reading task file /lustre/rli12314/HGNIII/ICAPS22_HPLAN_experiments_logistics/logistics/tasks2.pddl
 Done reading task files
Doing one experiment in logistics domain, problem 3, try 0
Reading strip domain file /lustre/rli12314/HGNIII/ICAPS22_HPLAN_experiments_logistics/logistics/domain_strips.pddl
Reading strip problem file /lustre/rli12314/HGNIII/ICAPS22_HPLAN_experiments_logistics/logistics/problem3-0-strips.pddl
Reading strip solution file /lustre/rli12314/HGNIII/ICAPS22_HPLAN_experiments_logistics/logistics/problem3-0-solution.plan
Reading htn domain file /lustre/rli12314/HGNIII/ICAPS22_HPLAN_experiments_logistics/logistics/domain_partial_htn.pddl
Reading task file /lustre/rli12314/HGNIII/ICAPS22_HPLAN_experiments_logistics/logistics/tasks3.pddl
 Done reading task files
Doing one experiment in logistics domain, problem 3, try 1
Reading strip domain file /lustre/rli12314/HGNIII/ICAPS22_HPLAN_experiments_logistics/logistics/domain_strips.pddl
Reading strip problem file /lustre/rli12314/HGNIII/ICAPS22_HPLAN_experiments_logistics/logistics/problem3-1-strips.pddl
Reading strip solution file /lustre/rli12314/HGNIII/ICAPS22_HPLAN_experiments_logistics/logistics/problem3-1-solution.plan
Reading htn domain file /lustre/rli12314/HGNIII/ICAPS22_HPLAN_experiments_logistics/logistics/domain_partial_htn.pddl
Reading task file /lustre/rli12314/HGNIII/ICAPS22_HPLAN_experiments_logistics/logistics/tasks3.pddl
 Done reading task files
Doing one experiment in logistics domain, problem 3, try 2
Reading strip domain file /lustre/rli12314/HGNIII/ICAPS22_HPLAN_experiments_logistics/logistics/domain_strips.pddl
Reading strip problem file /lustre/rli12314/HGNIII/ICAPS22_HPLAN_experiments_logistics/logistics/problem3-2-strips.pddl
Reading strip solution file /lustre/rli12314/HGNIII/ICAPS22_HPLAN_experiments_logistics/logistics/problem3-2-solution.plan
Reading htn domain file /lustre/rli12314/HGNIII/ICAPS22_HPLAN_experiments_logistics/logistics/domain_partial_htn.pddl
Reading task file /lustre/rli12314/HGNIII/ICAPS22_HPLAN_experiments_logistics/logistics/tasks3.pddl
 Done reading task files
Doing one experiment in logistics domain, problem 3, try 3
Reading strip domain file /lustre/rli12314/HGNIII/ICAPS22_HPLAN_experiments_logistics/logistics/domain_strips.pddl
Reading strip problem file /lustre/rli12314/HGNIII/ICAPS22_HPLAN_experiments_logistics/logistics/problem3-3-strips.pddl
Reading strip solution file /lustre/rli12314/HGNIII/ICAPS22_HPLAN_experiments_logistics/logistics/problem3-3-solution.plan
Reading htn domain file /lustre/rli12314/HGNIII/ICAPS22_HPLAN_experiments_logistics/logistics/domain_partial_htn.pddl
Reading task file /lustre/rli12314/HGNIII/ICAPS22_HPLAN_experiments_logistics/logistics/tasks3.pddl
 Done reading task files
Doing one experiment in logistics domain, problem 3, try 4
Reading strip domain file /lustre/rli12314/HGNIII/ICAPS22_HPLAN_experiments_logistics/logistics/domain_strips.pddl
Reading strip problem file /lustre/rli12314/HGNIII/ICAPS22_HPLAN_experiments_logistics/logistics/problem3-4-strips.pddl
Reading strip solution file /lustre/rli12314/HGNIII/ICAPS22_HPLAN_experiments_logistics/logistics/problem3-4-solution.plan
Reading htn domain file /lustre/rli12314/HGNIII/ICAPS22_HPLAN_experiments_logistics/logistics/domain_partial_htn.pddl
Reading task file /lustre/rli12314/HGNIII/ICAPS22_HPLAN_experiments_logistics/logistics/tasks3.pddl
 Done reading task files
Doing one experiment in logistics domain, problem 4, try 0
Reading strip domain file /lustre/rli12314/HGNIII/ICAPS22_HPLAN_experiments_logistics/logistics/domain_strips.pddl
Reading strip problem file /lustre/rli12314/HGNIII/ICAPS22_HPLAN_experiments_logistics/logistics/problem4-0-strips.pddl
Reading strip solution file /lustre/rli12314/HGNIII/ICAPS22_HPLAN_experiments_logistics/logistics/problem4-0-solution.plan
Reading htn domain file /lustre/rli12314/HGNIII/ICAPS22_HPLAN_experiments_logistics/logistics/domain_partial_htn.pddl
Reading task file /lustre/rli12314/HGNIII/ICAPS22_HPLAN_experiments_logistics/logistics/tasks4.pddl
 Done reading task files
Doing one experiment in logistics domain, problem 4, try 1
Reading strip domain file /lustre/rli12314/HGNIII/ICAPS22_HPLAN_experiments_logistics/logistics/domain_strips.pddl
Reading strip problem file /lustre/rli12314/HGNIII/ICAPS22_HPLAN_experiments_logistics/logistics/problem4-1-strips.pddl
Reading strip solution file /lustre/rli12314/HGNIII/ICAPS22_HPLAN_experiments_logistics/logistics/problem4-1-solution.plan
Reading htn domain file /lustre/rli12314/HGNIII/ICAPS22_HPLAN_experiments_logistics/logistics/domain_partial_htn.pddl
Reading task file /lustre/rli12314/HGNIII/ICAPS22_HPLAN_experiments_logistics/logistics/tasks4.pddl
 Done reading task files
Doing one experiment in logistics domain, problem 4, try 2
Reading strip domain file /lustre/rli12314/HGNIII/ICAPS22_HPLAN_experiments_logistics/logistics/domain_strips.pddl
Reading strip problem file /lustre/rli12314/HGNIII/ICAPS22_HPLAN_experiments_logistics/logistics/problem4-2-strips.pddl
Reading strip solution file /lustre/rli12314/HGNIII/ICAPS22_HPLAN_experiments_logistics/logistics/problem4-2-solution.plan
Reading htn domain file /lustre/rli12314/HGNIII/ICAPS22_HPLAN_experiments_logistics/logistics/domain_partial_htn.pddl
Reading task file /lustre/rli12314/HGNIII/ICAPS22_HPLAN_experiments_logistics/logistics/tasks4.pddl
 Done reading task files
Doing one experiment in logistics domain, problem 4, try 3
Reading strip domain file /lustre/rli12314/HGNIII/ICAPS22_HPLAN_experiments_logistics/logistics/domain_strips.pddl
Reading strip problem file /lustre/rli12314/HGNIII/ICAPS22_HPLAN_experiments_logistics/logistics/problem4-3-strips.pddl
Reading strip solution file /lustre/rli12314/HGNIII/ICAPS22_HPLAN_experiments_logistics/logistics/problem4-3-solution.plan
Reading htn domain file /lustre/rli12314/HGNIII/ICAPS22_HPLAN_experiments_logistics/logistics/domain_partial_htn.pddl
Reading task file /lustre/rli12314/HGNIII/ICAPS22_HPLAN_experiments_logistics/logistics/tasks4.pddl
 Done reading task files
Doing one experiment in logistics domain, problem 4, try 4
Reading strip domain file /lustre/rli12314/HGNIII/ICAPS22_HPLAN_experiments_logistics/logistics/domain_strips.pddl
Reading strip problem file /lustre/rli12314/HGNIII/ICAPS22_HPLAN_experiments_logistics/logistics/problem4-4-strips.pddl
Reading strip solution file /lustre/rli12314/HGNIII/ICAPS22_HPLAN_experiments_logistics/logistics/problem4-4-solution.plan
Reading htn domain file /lustre/rli12314/HGNIII/ICAPS22_HPLAN_experiments_logistics/logistics/domain_partial_htn.pddl
Reading task file /lustre/rli12314/HGNIII/ICAPS22_HPLAN_experiments_logistics/logistics/tasks4.pddl
 Done reading task files
Doing one experiment in logistics domain, problem 5, try 0
Reading strip domain file /lustre/rli12314/HGNIII/ICAPS22_HPLAN_experiments_logistics/logistics/domain_strips.pddl
Reading strip problem file /lustre/rli12314/HGNIII/ICAPS22_HPLAN_experiments_logistics/logistics/problem5-0-strips.pddl
Reading strip solution file /lustre/rli12314/HGNIII/ICAPS22_HPLAN_experiments_logistics/logistics/problem5-0-solution.plan
Reading htn domain file /lustre/rli12314/HGNIII/ICAPS22_HPLAN_experiments_logistics/logistics/domain_partial_htn.pddl
Reading task file /lustre/rli12314/HGNIII/ICAPS22_HPLAN_experiments_logistics/logistics/tasks5.pddl
 Done reading task files
Doing one experiment in logistics domain, problem 5, try 1
Reading strip domain file /lustre/rli12314/HGNIII/ICAPS22_HPLAN_experiments_logistics/logistics/domain_strips.pddl
Reading strip problem file /lustre/rli12314/HGNIII/ICAPS22_HPLAN_experiments_logistics/logistics/problem5-1-strips.pddl
Reading strip solution file /lustre/rli12314/HGNIII/ICAPS22_HPLAN_experiments_logistics/logistics/problem5-1-solution.plan
Reading htn domain file /lustre/rli12314/HGNIII/ICAPS22_HPLAN_experiments_logistics/logistics/domain_partial_htn.pddl
Reading task file /lustre/rli12314/HGNIII/ICAPS22_HPLAN_experiments_logistics/logistics/tasks5.pddl
 Done reading task files
slurmstepd: error: *** JOB 18567989 ON compute-b19-36 CANCELLED AT 2022-05-08T17:47:27 DUE TO TIME LIMIT ***
