Doing one experiment in logistics domain, problem 2, try 0
Reading strip domain file /lustre/rli12314/HGNIII/ICAPS22_HPLAN_experiments_logistics/logistics/domain_strips.pddl
Reading strip problem file /lustre/rli12314/HGNIII/ICAPS22_HPLAN_experiments_logistics/logistics/problem2-0-strips.pddl
Reading strip solution file /lustre/rli12314/HGNIII/ICAPS22_HPLAN_experiments_logistics/logistics/problem2-0-solution.plan
Reading htn domain file /lustre/rli12314/HGNIII/ICAPS22_HPLAN_experiments_logistics/logistics/domain_partial_htn.pddl
Reading task file /lustre/rli12314/HGNIII/ICAPS22_HPLAN_experiments_logistics/logistics/tasks2_prec.pddl
Reading task files for logistics domain with curriculum: 
Reading task: task_deliver1_prec.pddl
Reading task: task_deliver2_prec.pddl
 Done reading task files
Doing one experiment in logistics domain, problem 2, try 1
Reading strip domain file /lustre/rli12314/HGNIII/ICAPS22_HPLAN_experiments_logistics/logistics/domain_strips.pddl
Reading strip problem file /lustre/rli12314/HGNIII/ICAPS22_HPLAN_experiments_logistics/logistics/problem2-1-strips.pddl
Reading strip solution file /lustre/rli12314/HGNIII/ICAPS22_HPLAN_experiments_logistics/logistics/problem2-1-solution.plan
Reading htn domain file /lustre/rli12314/HGNIII/ICAPS22_HPLAN_experiments_logistics/logistics/domain_partial_htn.pddl
Reading task file /lustre/rli12314/HGNIII/ICAPS22_HPLAN_experiments_logistics/logistics/tasks2_prec.pddl
Reading task files for logistics domain with curriculum: 
Reading task: task_deliver1_prec.pddl
Reading task: task_deliver2_prec.pddl
 Done reading task files
Doing one experiment in logistics domain, problem 2, try 2
Reading strip domain file /lustre/rli12314/HGNIII/ICAPS22_HPLAN_experiments_logistics/logistics/domain_strips.pddl
Reading strip problem file /lustre/rli12314/HGNIII/ICAPS22_HPLAN_experiments_logistics/logistics/problem2-2-strips.pddl
Reading strip solution file /lustre/rli12314/HGNIII/ICAPS22_HPLAN_experiments_logistics/logistics/problem2-2-solution.plan
Reading htn domain file /lustre/rli12314/HGNIII/ICAPS22_HPLAN_experiments_logistics/logistics/domain_partial_htn.pddl
Reading task file /lustre/rli12314/HGNIII/ICAPS22_HPLAN_experiments_logistics/logistics/tasks2_prec.pddl
Reading task files for logistics domain with curriculum: 
Reading task: task_deliver1_prec.pddl
Reading task: task_deliver2_prec.pddl
 Done reading task files
Doing one experiment in logistics domain, problem 2, try 3
Reading strip domain file /lustre/rli12314/HGNIII/ICAPS22_HPLAN_experiments_logistics/logistics/domain_strips.pddl
Reading strip problem file /lustre/rli12314/HGNIII/ICAPS22_HPLAN_experiments_logistics/logistics/problem2-3-strips.pddl
Reading strip solution file /lustre/rli12314/HGNIII/ICAPS22_HPLAN_experiments_logistics/logistics/problem2-3-solution.plan
Reading htn domain file /lustre/rli12314/HGNIII/ICAPS22_HPLAN_experiments_logistics/logistics/domain_partial_htn.pddl
Reading task file /lustre/rli12314/HGNIII/ICAPS22_HPLAN_experiments_logistics/logistics/tasks2_prec.pddl
Reading task files for logistics domain with curriculum: 
Reading task: task_deliver1_prec.pddl
Reading task: task_deliver2_prec.pddl
 Done reading task files
Doing one experiment in logistics domain, problem 2, try 4
Reading strip domain file /lustre/rli12314/HGNIII/ICAPS22_HPLAN_experiments_logistics/logistics/domain_strips.pddl
Reading strip problem file /lustre/rli12314/HGNIII/ICAPS22_HPLAN_experiments_logistics/logistics/problem2-4-strips.pddl
Reading strip solution file /lustre/rli12314/HGNIII/ICAPS22_HPLAN_experiments_logistics/logistics/problem2-4-solution.plan
Reading htn domain file /lustre/rli12314/HGNIII/ICAPS22_HPLAN_experiments_logistics/logistics/domain_partial_htn.pddl
Reading task file /lustre/rli12314/HGNIII/ICAPS22_HPLAN_experiments_logistics/logistics/tasks2_prec.pddl
Reading task files for logistics domain with curriculum: 
Reading task: task_deliver1_prec.pddl
Reading task: task_deliver2_prec.pddl
 Done reading task files
Doing one experiment in logistics domain, problem 3, try 0
Reading strip domain file /lustre/rli12314/HGNIII/ICAPS22_HPLAN_experiments_logistics/logistics/domain_strips.pddl
Reading strip problem file /lustre/rli12314/HGNIII/ICAPS22_HPLAN_experiments_logistics/logistics/problem3-0-strips.pddl
Reading strip solution file /lustre/rli12314/HGNIII/ICAPS22_HPLAN_experiments_logistics/logistics/problem3-0-solution.plan
Reading htn domain file /lustre/rli12314/HGNIII/ICAPS22_HPLAN_experiments_logistics/logistics/domain_partial_htn.pddl
Reading task file /lustre/rli12314/HGNIII/ICAPS22_HPLAN_experiments_logistics/logistics/tasks3_prec.pddl
Reading task files for logistics domain with curriculum: 
Reading task: task_deliver1_prec.pddl
Reading task: task_deliver2_prec.pddl
Reading task: task_deliver3_prec.pddl
 Done reading task files
Doing one experiment in logistics domain, problem 3, try 1
Reading strip domain file /lustre/rli12314/HGNIII/ICAPS22_HPLAN_experiments_logistics/logistics/domain_strips.pddl
Reading strip problem file /lustre/rli12314/HGNIII/ICAPS22_HPLAN_experiments_logistics/logistics/problem3-1-strips.pddl
Reading strip solution file /lustre/rli12314/HGNIII/ICAPS22_HPLAN_experiments_logistics/logistics/problem3-1-solution.plan
Reading htn domain file /lustre/rli12314/HGNIII/ICAPS22_HPLAN_experiments_logistics/logistics/domain_partial_htn.pddl
Reading task file /lustre/rli12314/HGNIII/ICAPS22_HPLAN_experiments_logistics/logistics/tasks3_prec.pddl
Reading task files for logistics domain with curriculum: 
Reading task: task_deliver1_prec.pddl
Reading task: task_deliver2_prec.pddl
Reading task: task_deliver3_prec.pddl
 Done reading task files
Doing one experiment in logistics domain, problem 3, try 2
Reading strip domain file /lustre/rli12314/HGNIII/ICAPS22_HPLAN_experiments_logistics/logistics/domain_strips.pddl
Reading strip problem file /lustre/rli12314/HGNIII/ICAPS22_HPLAN_experiments_logistics/logistics/problem3-2-strips.pddl
Reading strip solution file /lustre/rli12314/HGNIII/ICAPS22_HPLAN_experiments_logistics/logistics/problem3-2-solution.plan
Reading htn domain file /lustre/rli12314/HGNIII/ICAPS22_HPLAN_experiments_logistics/logistics/domain_partial_htn.pddl
Reading task file /lustre/rli12314/HGNIII/ICAPS22_HPLAN_experiments_logistics/logistics/tasks3_prec.pddl
Reading task files for logistics domain with curriculum: 
Reading task: task_deliver1_prec.pddl
Reading task: task_deliver2_prec.pddl
Reading task: task_deliver3_prec.pddl
 Done reading task files
Doing one experiment in logistics domain, problem 3, try 3
Reading strip domain file /lustre/rli12314/HGNIII/ICAPS22_HPLAN_experiments_logistics/logistics/domain_strips.pddl
Reading strip problem file /lustre/rli12314/HGNIII/ICAPS22_HPLAN_experiments_logistics/logistics/problem3-3-strips.pddl
Reading strip solution file /lustre/rli12314/HGNIII/ICAPS22_HPLAN_experiments_logistics/logistics/problem3-3-solution.plan
Reading htn domain file /lustre/rli12314/HGNIII/ICAPS22_HPLAN_experiments_logistics/logistics/domain_partial_htn.pddl
Reading task file /lustre/rli12314/HGNIII/ICAPS22_HPLAN_experiments_logistics/logistics/tasks3_prec.pddl
Reading task files for logistics domain with curriculum: 
Reading task: task_deliver1_prec.pddl
Reading task: task_deliver2_prec.pddl
Reading task: task_deliver3_prec.pddl
 Done reading task files
Doing one experiment in logistics domain, problem 3, try 4
Reading strip domain file /lustre/rli12314/HGNIII/ICAPS22_HPLAN_experiments_logistics/logistics/domain_strips.pddl
Reading strip problem file /lustre/rli12314/HGNIII/ICAPS22_HPLAN_experiments_logistics/logistics/problem3-4-strips.pddl
Reading strip solution file /lustre/rli12314/HGNIII/ICAPS22_HPLAN_experiments_logistics/logistics/problem3-4-solution.plan
Reading htn domain file /lustre/rli12314/HGNIII/ICAPS22_HPLAN_experiments_logistics/logistics/domain_partial_htn.pddl
Reading task file /lustre/rli12314/HGNIII/ICAPS22_HPLAN_experiments_logistics/logistics/tasks3_prec.pddl
Reading task files for logistics domain with curriculum: 
Reading task: task_deliver1_prec.pddl
Reading task: task_deliver2_prec.pddl
Reading task: task_deliver3_prec.pddl
 Done reading task files
Doing one experiment in logistics domain, problem 4, try 0
Reading strip domain file /lustre/rli12314/HGNIII/ICAPS22_HPLAN_experiments_logistics/logistics/domain_strips.pddl
Reading strip problem file /lustre/rli12314/HGNIII/ICAPS22_HPLAN_experiments_logistics/logistics/problem4-0-strips.pddl
Reading strip solution file /lustre/rli12314/HGNIII/ICAPS22_HPLAN_experiments_logistics/logistics/problem4-0-solution.plan
Reading htn domain file /lustre/rli12314/HGNIII/ICAPS22_HPLAN_experiments_logistics/logistics/domain_partial_htn.pddl
Reading task file /lustre/rli12314/HGNIII/ICAPS22_HPLAN_experiments_logistics/logistics/tasks4_prec.pddl
Reading task files for logistics domain with curriculum: 
Reading task: task_deliver1_prec.pddl
Reading task: task_deliver2_prec.pddl
Reading task: task_deliver3_prec.pddl
Reading task: task_deliver4_prec.pddl
 Done reading task files
Doing one experiment in logistics domain, problem 4, try 1
Reading strip domain file /lustre/rli12314/HGNIII/ICAPS22_HPLAN_experiments_logistics/logistics/domain_strips.pddl
Reading strip problem file /lustre/rli12314/HGNIII/ICAPS22_HPLAN_experiments_logistics/logistics/problem4-1-strips.pddl
Reading strip solution file /lustre/rli12314/HGNIII/ICAPS22_HPLAN_experiments_logistics/logistics/problem4-1-solution.plan
Reading htn domain file /lustre/rli12314/HGNIII/ICAPS22_HPLAN_experiments_logistics/logistics/domain_partial_htn.pddl
Reading task file /lustre/rli12314/HGNIII/ICAPS22_HPLAN_experiments_logistics/logistics/tasks4_prec.pddl
Reading task files for logistics domain with curriculum: 
Reading task: task_deliver1_prec.pddl
Reading task: task_deliver2_prec.pddl
Reading task: task_deliver3_prec.pddl
Reading task: task_deliver4_prec.pddl
 Done reading task files
Doing one experiment in logistics domain, problem 4, try 2
Reading strip domain file /lustre/rli12314/HGNIII/ICAPS22_HPLAN_experiments_logistics/logistics/domain_strips.pddl
Reading strip problem file /lustre/rli12314/HGNIII/ICAPS22_HPLAN_experiments_logistics/logistics/problem4-2-strips.pddl
Reading strip solution file /lustre/rli12314/HGNIII/ICAPS22_HPLAN_experiments_logistics/logistics/problem4-2-solution.plan
Reading htn domain file /lustre/rli12314/HGNIII/ICAPS22_HPLAN_experiments_logistics/logistics/domain_partial_htn.pddl
Reading task file /lustre/rli12314/HGNIII/ICAPS22_HPLAN_experiments_logistics/logistics/tasks4_prec.pddl
Reading task files for logistics domain with curriculum: 
Reading task: task_deliver1_prec.pddl
Reading task: task_deliver2_prec.pddl
Reading task: task_deliver3_prec.pddl
Reading task: task_deliver4_prec.pddl
 Done reading task files
Doing one experiment in logistics domain, problem 4, try 3
Reading strip domain file /lustre/rli12314/HGNIII/ICAPS22_HPLAN_experiments_logistics/logistics/domain_strips.pddl
Reading strip problem file /lustre/rli12314/HGNIII/ICAPS22_HPLAN_experiments_logistics/logistics/problem4-3-strips.pddl
Reading strip solution file /lustre/rli12314/HGNIII/ICAPS22_HPLAN_experiments_logistics/logistics/problem4-3-solution.plan
Reading htn domain file /lustre/rli12314/HGNIII/ICAPS22_HPLAN_experiments_logistics/logistics/domain_partial_htn.pddl
Reading task file /lustre/rli12314/HGNIII/ICAPS22_HPLAN_experiments_logistics/logistics/tasks4_prec.pddl
Reading task files for logistics domain with curriculum: 
Reading task: task_deliver1_prec.pddl
Reading task: task_deliver2_prec.pddl
Reading task: task_deliver3_prec.pddl
Reading task: task_deliver4_prec.pddl
 Done reading task files
Doing one experiment in logistics domain, problem 4, try 4
Reading strip domain file /lustre/rli12314/HGNIII/ICAPS22_HPLAN_experiments_logistics/logistics/domain_strips.pddl
Reading strip problem file /lustre/rli12314/HGNIII/ICAPS22_HPLAN_experiments_logistics/logistics/problem4-4-strips.pddl
Reading strip solution file /lustre/rli12314/HGNIII/ICAPS22_HPLAN_experiments_logistics/logistics/problem4-4-solution.plan
Reading htn domain file /lustre/rli12314/HGNIII/ICAPS22_HPLAN_experiments_logistics/logistics/domain_partial_htn.pddl
Reading task file /lustre/rli12314/HGNIII/ICAPS22_HPLAN_experiments_logistics/logistics/tasks4_prec.pddl
Reading task files for logistics domain with curriculum: 
Reading task: task_deliver1_prec.pddl
Reading task: task_deliver2_prec.pddl
Reading task: task_deliver3_prec.pddl
Reading task: task_deliver4_prec.pddl
 Done reading task files
Doing one experiment in logistics domain, problem 5, try 0
Reading strip domain file /lustre/rli12314/HGNIII/ICAPS22_HPLAN_experiments_logistics/logistics/domain_strips.pddl
Reading strip problem file /lustre/rli12314/HGNIII/ICAPS22_HPLAN_experiments_logistics/logistics/problem5-0-strips.pddl
Reading strip solution file /lustre/rli12314/HGNIII/ICAPS22_HPLAN_experiments_logistics/logistics/problem5-0-solution.plan
Reading htn domain file /lustre/rli12314/HGNIII/ICAPS22_HPLAN_experiments_logistics/logistics/domain_partial_htn.pddl
Reading task file /lustre/rli12314/HGNIII/ICAPS22_HPLAN_experiments_logistics/logistics/tasks5_prec.pddl
Reading task files for logistics domain with curriculum: 
Reading task: task_deliver1_prec.pddl
Reading task: task_deliver2_prec.pddl
Reading task: task_deliver3_prec.pddl
Reading task: task_deliver4_prec.pddl
Reading task: task_deliver5_prec.pddl
 Done reading task files
Doing one experiment in logistics domain, problem 5, try 1
Reading strip domain file /lustre/rli12314/HGNIII/ICAPS22_HPLAN_experiments_logistics/logistics/domain_strips.pddl
Reading strip problem file /lustre/rli12314/HGNIII/ICAPS22_HPLAN_experiments_logistics/logistics/problem5-1-strips.pddl
Reading strip solution file /lustre/rli12314/HGNIII/ICAPS22_HPLAN_experiments_logistics/logistics/problem5-1-solution.plan
Reading htn domain file /lustre/rli12314/HGNIII/ICAPS22_HPLAN_experiments_logistics/logistics/domain_partial_htn.pddl
Reading task file /lustre/rli12314/HGNIII/ICAPS22_HPLAN_experiments_logistics/logistics/tasks5_prec.pddl
Reading task files for logistics domain with curriculum: 
Reading task: task_deliver1_prec.pddl
Reading task: task_deliver2_prec.pddl
Reading task: task_deliver3_prec.pddl
Reading task: task_deliver4_prec.pddl
Reading task: task_deliver5_prec.pddl
 Done reading task files
Doing one experiment in logistics domain, problem 5, try 2
Reading strip domain file /lustre/rli12314/HGNIII/ICAPS22_HPLAN_experiments_logistics/logistics/domain_strips.pddl
Reading strip problem file /lustre/rli12314/HGNIII/ICAPS22_HPLAN_experiments_logistics/logistics/problem5-2-strips.pddl
Reading strip solution file /lustre/rli12314/HGNIII/ICAPS22_HPLAN_experiments_logistics/logistics/problem5-2-solution.plan
Reading htn domain file /lustre/rli12314/HGNIII/ICAPS22_HPLAN_experiments_logistics/logistics/domain_partial_htn.pddl
Reading task file /lustre/rli12314/HGNIII/ICAPS22_HPLAN_experiments_logistics/logistics/tasks5_prec.pddl
Reading task files for logistics domain with curriculum: 
Reading task: task_deliver1_prec.pddl
Reading task: task_deliver2_prec.pddl
Reading task: task_deliver3_prec.pddl
Reading task: task_deliver4_prec.pddl
Reading task: task_deliver5_prec.pddl
 Done reading task files
Doing one experiment in logistics domain, problem 5, try 3
Reading strip domain file /lustre/rli12314/HGNIII/ICAPS22_HPLAN_experiments_logistics/logistics/domain_strips.pddl
Reading strip problem file /lustre/rli12314/HGNIII/ICAPS22_HPLAN_experiments_logistics/logistics/problem5-3-strips.pddl
Reading strip solution file /lustre/rli12314/HGNIII/ICAPS22_HPLAN_experiments_logistics/logistics/problem5-3-solution.plan
Reading htn domain file /lustre/rli12314/HGNIII/ICAPS22_HPLAN_experiments_logistics/logistics/domain_partial_htn.pddl
Reading task file /lustre/rli12314/HGNIII/ICAPS22_HPLAN_experiments_logistics/logistics/tasks5_prec.pddl
Reading task files for logistics domain with curriculum: 
Reading task: task_deliver1_prec.pddl
Reading task: task_deliver2_prec.pddl
Reading task: task_deliver3_prec.pddl
Reading task: task_deliver4_prec.pddl
Reading task: task_deliver5_prec.pddl
 Done reading task files
Doing one experiment in logistics domain, problem 5, try 4
Reading strip domain file /lustre/rli12314/HGNIII/ICAPS22_HPLAN_experiments_logistics/logistics/domain_strips.pddl
Reading strip problem file /lustre/rli12314/HGNIII/ICAPS22_HPLAN_experiments_logistics/logistics/problem5-4-strips.pddl
Reading strip solution file /lustre/rli12314/HGNIII/ICAPS22_HPLAN_experiments_logistics/logistics/problem5-4-solution.plan
Reading htn domain file /lustre/rli12314/HGNIII/ICAPS22_HPLAN_experiments_logistics/logistics/domain_partial_htn.pddl
Reading task file /lustre/rli12314/HGNIII/ICAPS22_HPLAN_experiments_logistics/logistics/tasks5_prec.pddl
Reading task files for logistics domain with curriculum: 
Reading task: task_deliver1_prec.pddl
Reading task: task_deliver2_prec.pddl
Reading task: task_deliver3_prec.pddl
Reading task: task_deliver4_prec.pddl
Reading task: task_deliver5_prec.pddl
 Done reading task files
Doing one experiment in logistics domain, problem 6, try 0
Reading strip domain file /lustre/rli12314/HGNIII/ICAPS22_HPLAN_experiments_logistics/logistics/domain_strips.pddl
Reading strip problem file /lustre/rli12314/HGNIII/ICAPS22_HPLAN_experiments_logistics/logistics/problem6-0-strips.pddl
Reading strip solution file /lustre/rli12314/HGNIII/ICAPS22_HPLAN_experiments_logistics/logistics/problem6-0-solution.plan
Reading htn domain file /lustre/rli12314/HGNIII/ICAPS22_HPLAN_experiments_logistics/logistics/domain_partial_htn.pddl
Reading task file /lustre/rli12314/HGNIII/ICAPS22_HPLAN_experiments_logistics/logistics/tasks6_prec.pddl
Reading task files for logistics domain with curriculum: 
Reading task: task_deliver1_prec.pddl
Reading task: task_deliver2_prec.pddl
Reading task: task_deliver3_prec.pddl
Reading task: task_deliver4_prec.pddl
Reading task: task_deliver5_prec.pddl
Reading task: task_deliver6_prec.pddl
 Done reading task files
Doing one experiment in logistics domain, problem 6, try 1
Reading strip domain file /lustre/rli12314/HGNIII/ICAPS22_HPLAN_experiments_logistics/logistics/domain_strips.pddl
Reading strip problem file /lustre/rli12314/HGNIII/ICAPS22_HPLAN_experiments_logistics/logistics/problem6-1-strips.pddl
Reading strip solution file /lustre/rli12314/HGNIII/ICAPS22_HPLAN_experiments_logistics/logistics/problem6-1-solution.plan
Reading htn domain file /lustre/rli12314/HGNIII/ICAPS22_HPLAN_experiments_logistics/logistics/domain_partial_htn.pddl
Reading task file /lustre/rli12314/HGNIII/ICAPS22_HPLAN_experiments_logistics/logistics/tasks6_prec.pddl
Reading task files for logistics domain with curriculum: 
Reading task: task_deliver1_prec.pddl
Reading task: task_deliver2_prec.pddl
Reading task: task_deliver3_prec.pddl
Reading task: task_deliver4_prec.pddl
Reading task: task_deliver5_prec.pddl
Reading task: task_deliver6_prec.pddl
 Done reading task files
Doing one experiment in logistics domain, problem 6, try 2
Reading strip domain file /lustre/rli12314/HGNIII/ICAPS22_HPLAN_experiments_logistics/logistics/domain_strips.pddl
Reading strip problem file /lustre/rli12314/HGNIII/ICAPS22_HPLAN_experiments_logistics/logistics/problem6-2-strips.pddl
Reading strip solution file /lustre/rli12314/HGNIII/ICAPS22_HPLAN_experiments_logistics/logistics/problem6-2-solution.plan
Reading htn domain file /lustre/rli12314/HGNIII/ICAPS22_HPLAN_experiments_logistics/logistics/domain_partial_htn.pddl
Reading task file /lustre/rli12314/HGNIII/ICAPS22_HPLAN_experiments_logistics/logistics/tasks6_prec.pddl
Reading task files for logistics domain with curriculum: 
Reading task: task_deliver1_prec.pddl
Reading task: task_deliver2_prec.pddl
Reading task: task_deliver3_prec.pddl
Reading task: task_deliver4_prec.pddl
Reading task: task_deliver5_prec.pddl
Reading task: task_deliver6_prec.pddl
 Done reading task files
Doing one experiment in logistics domain, problem 6, try 3
Reading strip domain file /lustre/rli12314/HGNIII/ICAPS22_HPLAN_experiments_logistics/logistics/domain_strips.pddl
Reading strip problem file /lustre/rli12314/HGNIII/ICAPS22_HPLAN_experiments_logistics/logistics/problem6-3-strips.pddl
Reading strip solution file /lustre/rli12314/HGNIII/ICAPS22_HPLAN_experiments_logistics/logistics/problem6-3-solution.plan
Reading htn domain file /lustre/rli12314/HGNIII/ICAPS22_HPLAN_experiments_logistics/logistics/domain_partial_htn.pddl
Reading task file /lustre/rli12314/HGNIII/ICAPS22_HPLAN_experiments_logistics/logistics/tasks6_prec.pddl
Reading task files for logistics domain with curriculum: 
Reading task: task_deliver1_prec.pddl
Reading task: task_deliver2_prec.pddl
Reading task: task_deliver3_prec.pddl
Reading task: task_deliver4_prec.pddl
Reading task: task_deliver5_prec.pddl
Reading task: task_deliver6_prec.pddl
 Done reading task files
Doing one experiment in logistics domain, problem 6, try 4
Reading strip domain file /lustre/rli12314/HGNIII/ICAPS22_HPLAN_experiments_logistics/logistics/domain_strips.pddl
Reading strip problem file /lustre/rli12314/HGNIII/ICAPS22_HPLAN_experiments_logistics/logistics/problem6-4-strips.pddl
Reading strip solution file /lustre/rli12314/HGNIII/ICAPS22_HPLAN_experiments_logistics/logistics/problem6-4-solution.plan
Reading htn domain file /lustre/rli12314/HGNIII/ICAPS22_HPLAN_experiments_logistics/logistics/domain_partial_htn.pddl
Reading task file /lustre/rli12314/HGNIII/ICAPS22_HPLAN_experiments_logistics/logistics/tasks6_prec.pddl
Reading task files for logistics domain with curriculum: 
Reading task: task_deliver1_prec.pddl
Reading task: task_deliver2_prec.pddl
Reading task: task_deliver3_prec.pddl
Reading task: task_deliver4_prec.pddl
Reading task: task_deliver5_prec.pddl
Reading task: task_deliver6_prec.pddl
 Done reading task files
Doing one experiment in logistics domain, problem 7, try 0
Reading strip domain file /lustre/rli12314/HGNIII/ICAPS22_HPLAN_experiments_logistics/logistics/domain_strips.pddl
Reading strip problem file /lustre/rli12314/HGNIII/ICAPS22_HPLAN_experiments_logistics/logistics/problem7-0-strips.pddl
Reading strip solution file /lustre/rli12314/HGNIII/ICAPS22_HPLAN_experiments_logistics/logistics/problem7-0-solution.plan
Reading htn domain file /lustre/rli12314/HGNIII/ICAPS22_HPLAN_experiments_logistics/logistics/domain_partial_htn.pddl
Reading task file /lustre/rli12314/HGNIII/ICAPS22_HPLAN_experiments_logistics/logistics/tasks7_prec.pddl
Reading task files for logistics domain with curriculum: 
Reading task: task_deliver1_prec.pddl
Reading task: task_deliver2_prec.pddl
Reading task: task_deliver3_prec.pddl
Reading task: task_deliver4_prec.pddl
Reading task: task_deliver5_prec.pddl
Reading task: task_deliver6_prec.pddl
Reading task: task_deliver7_prec.pddl
 Done reading task files
Doing one experiment in logistics domain, problem 7, try 1
Reading strip domain file /lustre/rli12314/HGNIII/ICAPS22_HPLAN_experiments_logistics/logistics/domain_strips.pddl
Reading strip problem file /lustre/rli12314/HGNIII/ICAPS22_HPLAN_experiments_logistics/logistics/problem7-1-strips.pddl
Reading strip solution file /lustre/rli12314/HGNIII/ICAPS22_HPLAN_experiments_logistics/logistics/problem7-1-solution.plan
Reading htn domain file /lustre/rli12314/HGNIII/ICAPS22_HPLAN_experiments_logistics/logistics/domain_partial_htn.pddl
Reading task file /lustre/rli12314/HGNIII/ICAPS22_HPLAN_experiments_logistics/logistics/tasks7_prec.pddl
Reading task files for logistics domain with curriculum: 
Reading task: task_deliver1_prec.pddl
Reading task: task_deliver2_prec.pddl
Reading task: task_deliver3_prec.pddl
Reading task: task_deliver4_prec.pddl
Reading task: task_deliver5_prec.pddl
Reading task: task_deliver6_prec.pddl
Reading task: task_deliver7_prec.pddl
 Done reading task files
Doing one experiment in logistics domain, problem 7, try 2
Reading strip domain file /lustre/rli12314/HGNIII/ICAPS22_HPLAN_experiments_logistics/logistics/domain_strips.pddl
Reading strip problem file /lustre/rli12314/HGNIII/ICAPS22_HPLAN_experiments_logistics/logistics/problem7-2-strips.pddl
Reading strip solution file /lustre/rli12314/HGNIII/ICAPS22_HPLAN_experiments_logistics/logistics/problem7-2-solution.plan
Reading htn domain file /lustre/rli12314/HGNIII/ICAPS22_HPLAN_experiments_logistics/logistics/domain_partial_htn.pddl
Reading task file /lustre/rli12314/HGNIII/ICAPS22_HPLAN_experiments_logistics/logistics/tasks7_prec.pddl
Reading task files for logistics domain with curriculum: 
Reading task: task_deliver1_prec.pddl
Reading task: task_deliver2_prec.pddl
Reading task: task_deliver3_prec.pddl
Reading task: task_deliver4_prec.pddl
Reading task: task_deliver5_prec.pddl
Reading task: task_deliver6_prec.pddl
Reading task: task_deliver7_prec.pddl
 Done reading task files
Doing one experiment in logistics domain, problem 7, try 3
Reading strip domain file /lustre/rli12314/HGNIII/ICAPS22_HPLAN_experiments_logistics/logistics/domain_strips.pddl
Reading strip problem file /lustre/rli12314/HGNIII/ICAPS22_HPLAN_experiments_logistics/logistics/problem7-3-strips.pddl
Reading strip solution file /lustre/rli12314/HGNIII/ICAPS22_HPLAN_experiments_logistics/logistics/problem7-3-solution.plan
Reading htn domain file /lustre/rli12314/HGNIII/ICAPS22_HPLAN_experiments_logistics/logistics/domain_partial_htn.pddl
Reading task file /lustre/rli12314/HGNIII/ICAPS22_HPLAN_experiments_logistics/logistics/tasks7_prec.pddl
Reading task files for logistics domain with curriculum: 
Reading task: task_deliver1_prec.pddl
Reading task: task_deliver2_prec.pddl
Reading task: task_deliver3_prec.pddl
Reading task: task_deliver4_prec.pddl
Reading task: task_deliver5_prec.pddl
Reading task: task_deliver6_prec.pddl
Reading task: task_deliver7_prec.pddl
 Done reading task files
Doing one experiment in logistics domain, problem 7, try 4
Reading strip domain file /lustre/rli12314/HGNIII/ICAPS22_HPLAN_experiments_logistics/logistics/domain_strips.pddl
Reading strip problem file /lustre/rli12314/HGNIII/ICAPS22_HPLAN_experiments_logistics/logistics/problem7-4-strips.pddl
Reading strip solution file /lustre/rli12314/HGNIII/ICAPS22_HPLAN_experiments_logistics/logistics/problem7-4-solution.plan
Reading htn domain file /lustre/rli12314/HGNIII/ICAPS22_HPLAN_experiments_logistics/logistics/domain_partial_htn.pddl
Reading task file /lustre/rli12314/HGNIII/ICAPS22_HPLAN_experiments_logistics/logistics/tasks7_prec.pddl
Reading task files for logistics domain with curriculum: 
Reading task: task_deliver1_prec.pddl
Reading task: task_deliver2_prec.pddl
Reading task: task_deliver3_prec.pddl
Reading task: task_deliver4_prec.pddl
Reading task: task_deliver5_prec.pddl
Reading task: task_deliver6_prec.pddl
Reading task: task_deliver7_prec.pddl
 Done reading task files
Doing one experiment in logistics domain, problem 8, try 0
Reading strip domain file /lustre/rli12314/HGNIII/ICAPS22_HPLAN_experiments_logistics/logistics/domain_strips.pddl
Reading strip problem file /lustre/rli12314/HGNIII/ICAPS22_HPLAN_experiments_logistics/logistics/problem8-0-strips.pddl
Reading strip solution file /lustre/rli12314/HGNIII/ICAPS22_HPLAN_experiments_logistics/logistics/problem8-0-solution.plan
Reading htn domain file /lustre/rli12314/HGNIII/ICAPS22_HPLAN_experiments_logistics/logistics/domain_partial_htn.pddl
Reading task file /lustre/rli12314/HGNIII/ICAPS22_HPLAN_experiments_logistics/logistics/tasks8_prec.pddl
Reading task files for logistics domain with curriculum: 
Reading task: task_deliver1_prec.pddl
Reading task: task_deliver2_prec.pddl
Reading task: task_deliver3_prec.pddl
Reading task: task_deliver4_prec.pddl
Reading task: task_deliver5_prec.pddl
Reading task: task_deliver6_prec.pddl
Reading task: task_deliver7_prec.pddl
Reading task: task_deliver8_prec.pddl
 Done reading task files
Doing one experiment in logistics domain, problem 8, try 1
Reading strip domain file /lustre/rli12314/HGNIII/ICAPS22_HPLAN_experiments_logistics/logistics/domain_strips.pddl
Reading strip problem file /lustre/rli12314/HGNIII/ICAPS22_HPLAN_experiments_logistics/logistics/problem8-1-strips.pddl
Reading strip solution file /lustre/rli12314/HGNIII/ICAPS22_HPLAN_experiments_logistics/logistics/problem8-1-solution.plan
Reading htn domain file /lustre/rli12314/HGNIII/ICAPS22_HPLAN_experiments_logistics/logistics/domain_partial_htn.pddl
Reading task file /lustre/rli12314/HGNIII/ICAPS22_HPLAN_experiments_logistics/logistics/tasks8_prec.pddl
Reading task files for logistics domain with curriculum: 
Reading task: task_deliver1_prec.pddl
Reading task: task_deliver2_prec.pddl
Reading task: task_deliver3_prec.pddl
Reading task: task_deliver4_prec.pddl
Reading task: task_deliver5_prec.pddl
Reading task: task_deliver6_prec.pddl
Reading task: task_deliver7_prec.pddl
Reading task: task_deliver8_prec.pddl
 Done reading task files
Doing one experiment in logistics domain, problem 8, try 2
Reading strip domain file /lustre/rli12314/HGNIII/ICAPS22_HPLAN_experiments_logistics/logistics/domain_strips.pddl
Reading strip problem file /lustre/rli12314/HGNIII/ICAPS22_HPLAN_experiments_logistics/logistics/problem8-2-strips.pddl
Reading strip solution file /lustre/rli12314/HGNIII/ICAPS22_HPLAN_experiments_logistics/logistics/problem8-2-solution.plan
Reading htn domain file /lustre/rli12314/HGNIII/ICAPS22_HPLAN_experiments_logistics/logistics/domain_partial_htn.pddl
Reading task file /lustre/rli12314/HGNIII/ICAPS22_HPLAN_experiments_logistics/logistics/tasks8_prec.pddl
Reading task files for logistics domain with curriculum: 
Reading task: task_deliver1_prec.pddl
Reading task: task_deliver2_prec.pddl
Reading task: task_deliver3_prec.pddl
Reading task: task_deliver4_prec.pddl
Reading task: task_deliver5_prec.pddl
Reading task: task_deliver6_prec.pddl
Reading task: task_deliver7_prec.pddl
Reading task: task_deliver8_prec.pddl
 Done reading task files
Doing one experiment in logistics domain, problem 8, try 3
Reading strip domain file /lustre/rli12314/HGNIII/ICAPS22_HPLAN_experiments_logistics/logistics/domain_strips.pddl
Reading strip problem file /lustre/rli12314/HGNIII/ICAPS22_HPLAN_experiments_logistics/logistics/problem8-3-strips.pddl
Reading strip solution file /lustre/rli12314/HGNIII/ICAPS22_HPLAN_experiments_logistics/logistics/problem8-3-solution.plan
Reading htn domain file /lustre/rli12314/HGNIII/ICAPS22_HPLAN_experiments_logistics/logistics/domain_partial_htn.pddl
Reading task file /lustre/rli12314/HGNIII/ICAPS22_HPLAN_experiments_logistics/logistics/tasks8_prec.pddl
Reading task files for logistics domain with curriculum: 
Reading task: task_deliver1_prec.pddl
Reading task: task_deliver2_prec.pddl
Reading task: task_deliver3_prec.pddl
Reading task: task_deliver4_prec.pddl
Reading task: task_deliver5_prec.pddl
Reading task: task_deliver6_prec.pddl
Reading task: task_deliver7_prec.pddl
Reading task: task_deliver8_prec.pddl
 Done reading task files
Doing one experiment in logistics domain, problem 8, try 4
Reading strip domain file /lustre/rli12314/HGNIII/ICAPS22_HPLAN_experiments_logistics/logistics/domain_strips.pddl
Reading strip problem file /lustre/rli12314/HGNIII/ICAPS22_HPLAN_experiments_logistics/logistics/problem8-4-strips.pddl
Reading strip solution file /lustre/rli12314/HGNIII/ICAPS22_HPLAN_experiments_logistics/logistics/problem8-4-solution.plan
Reading htn domain file /lustre/rli12314/HGNIII/ICAPS22_HPLAN_experiments_logistics/logistics/domain_partial_htn.pddl
Reading task file /lustre/rli12314/HGNIII/ICAPS22_HPLAN_experiments_logistics/logistics/tasks8_prec.pddl
Reading task files for logistics domain with curriculum: 
Reading task: task_deliver1_prec.pddl
Reading task: task_deliver2_prec.pddl
Reading task: task_deliver3_prec.pddl
Reading task: task_deliver4_prec.pddl
Reading task: task_deliver5_prec.pddl
Reading task: task_deliver6_prec.pddl
Reading task: task_deliver7_prec.pddl
Reading task: task_deliver8_prec.pddl
 Done reading task files
Doing one experiment in logistics domain, problem 9, try 0
Reading strip domain file /lustre/rli12314/HGNIII/ICAPS22_HPLAN_experiments_logistics/logistics/domain_strips.pddl
Reading strip problem file /lustre/rli12314/HGNIII/ICAPS22_HPLAN_experiments_logistics/logistics/problem9-0-strips.pddl
Reading strip solution file /lustre/rli12314/HGNIII/ICAPS22_HPLAN_experiments_logistics/logistics/problem9-0-solution.plan
Reading htn domain file /lustre/rli12314/HGNIII/ICAPS22_HPLAN_experiments_logistics/logistics/domain_partial_htn.pddl
Reading task file /lustre/rli12314/HGNIII/ICAPS22_HPLAN_experiments_logistics/logistics/tasks9_prec.pddl
Reading task files for logistics domain with curriculum: 
Reading task: task_deliver1_prec.pddl
Reading task: task_deliver2_prec.pddl
Reading task: task_deliver3_prec.pddl
Reading task: task_deliver4_prec.pddl
Reading task: task_deliver5_prec.pddl
Reading task: task_deliver6_prec.pddl
Reading task: task_deliver7_prec.pddl
Reading task: task_deliver8_prec.pddl
Reading task: task_deliver9_prec.pddl
 Done reading task files
/var/spool/slurmd/job18568108/slurm_script: line 2: 2248404 Killed                  /lustre/rli12314/HGNIII/htn-maker --partial_generalization --drop_unneeded --curriculum --soundness_check --precondition logistics
slurmstepd: error: Exceeded step memory limit at some point.
