begin
/lustre/rli12314/HGNIII/ICAPS22_HPLAN_experiments_logistics/results_with_methods/logistics_original_prune_2_0.pddl
/lustre/rli12314/HGNIII/ICAPS22_HPLAN_experiments_logistics/logistics/problem2-0-htn.pddl
debug: finding plan...

No legal plans.
3.106
/lustre/rli12314/HGNIII/ICAPS22_HPLAN_experiments_logistics/results_with_methods/logistics_original_prune_2_1.pddl
/lustre/rli12314/HGNIII/ICAPS22_HPLAN_experiments_logistics/logistics/problem2-1-htn.pddl
debug: finding plan...

No legal plans.
2.638
/lustre/rli12314/HGNIII/ICAPS22_HPLAN_experiments_logistics/results_with_methods/logistics_original_prune_2_2.pddl
/lustre/rli12314/HGNIII/ICAPS22_HPLAN_experiments_logistics/logistics/problem2-2-htn.pddl
debug: finding plan...

No legal plans.
2.537
/lustre/rli12314/HGNIII/ICAPS22_HPLAN_experiments_logistics/results_with_methods/logistics_original_prune_2_3.pddl
/lustre/rli12314/HGNIII/ICAPS22_HPLAN_experiments_logistics/logistics/problem2-3-htn.pddl
debug: finding plan...

No legal plans.
2.578
/lustre/rli12314/HGNIII/ICAPS22_HPLAN_experiments_logistics/results_with_methods/logistics_original_prune_2_4.pddl
/lustre/rli12314/HGNIII/ICAPS22_HPLAN_experiments_logistics/logistics/problem2-4-htn.pddl
debug: finding plan...

No legal plans.
3.117
/lustre/rli12314/HGNIII/ICAPS22_HPLAN_experiments_logistics/results_with_methods/logistics_original_prune_3_0.pddl
/lustre/rli12314/HGNIII/ICAPS22_HPLAN_experiments_logistics/logistics/problem3-0-htn.pddl
debug: finding plan...

No legal plans.
6.004
/lustre/rli12314/HGNIII/ICAPS22_HPLAN_experiments_logistics/results_with_methods/logistics_original_prune_3_1.pddl
/lustre/rli12314/HGNIII/ICAPS22_HPLAN_experiments_logistics/logistics/problem3-1-htn.pddl
debug: finding plan...

No legal plans.
6.718
/lustre/rli12314/HGNIII/ICAPS22_HPLAN_experiments_logistics/results_with_methods/logistics_original_prune_3_2.pddl
/lustre/rli12314/HGNIII/ICAPS22_HPLAN_experiments_logistics/logistics/problem3-2-htn.pddl
debug: finding plan...

No legal plans.
6.724
/lustre/rli12314/HGNIII/ICAPS22_HPLAN_experiments_logistics/results_with_methods/logistics_original_prune_3_3.pddl
/lustre/rli12314/HGNIII/ICAPS22_HPLAN_experiments_logistics/logistics/problem3-3-htn.pddl
debug: finding plan...

No legal plans.
5.919
/lustre/rli12314/HGNIII/ICAPS22_HPLAN_experiments_logistics/results_with_methods/logistics_original_prune_3_4.pddl
/lustre/rli12314/HGNIII/ICAPS22_HPLAN_experiments_logistics/logistics/problem3-4-htn.pddl
debug: finding plan...

No legal plans.
6.086
/lustre/rli12314/HGNIII/ICAPS22_HPLAN_experiments_logistics/results_with_methods/logistics_original_prune_4_0.pddl
/lustre/rli12314/HGNIII/ICAPS22_HPLAN_experiments_logistics/logistics/problem4-0-htn.pddl
debug: finding plan...

No legal plans.
14.731
/lustre/rli12314/HGNIII/ICAPS22_HPLAN_experiments_logistics/results_with_methods/logistics_original_prune_4_1.pddl
/lustre/rli12314/HGNIII/ICAPS22_HPLAN_experiments_logistics/logistics/problem4-1-htn.pddl
debug: finding plan...

No legal plans.
16.899
/lustre/rli12314/HGNIII/ICAPS22_HPLAN_experiments_logistics/results_with_methods/logistics_original_prune_4_2.pddl
/lustre/rli12314/HGNIII/ICAPS22_HPLAN_experiments_logistics/logistics/problem4-2-htn.pddl
debug: finding plan...

No legal plans.
16.438
/lustre/rli12314/HGNIII/ICAPS22_HPLAN_experiments_logistics/results_with_methods/logistics_original_prune_4_3.pddl
/lustre/rli12314/HGNIII/ICAPS22_HPLAN_experiments_logistics/logistics/problem4-3-htn.pddl
debug: finding plan...

No legal plans.
16.967
/lustre/rli12314/HGNIII/ICAPS22_HPLAN_experiments_logistics/results_with_methods/logistics_original_prune_4_4.pddl
/lustre/rli12314/HGNIII/ICAPS22_HPLAN_experiments_logistics/logistics/problem4-4-htn.pddl
debug: finding plan...

No legal plans.
17.078
/lustre/rli12314/HGNIII/ICAPS22_HPLAN_experiments_logistics/results_with_methods/logistics_original_prune_5_0.pddl
/lustre/rli12314/HGNIII/ICAPS22_HPLAN_experiments_logistics/logistics/problem5-0-htn.pddl
debug: finding plan...

No legal plans.
35.065
/lustre/rli12314/HGNIII/ICAPS22_HPLAN_experiments_logistics/results_with_methods/logistics_original_prune_5_1.pddl
/lustre/rli12314/HGNIII/ICAPS22_HPLAN_experiments_logistics/logistics/problem5-1-htn.pddl
