begin
/lustre/rli12314/HGNIII/ICAPS22_HPLAN_experiments_logistics/results_with_methods/logistics_curriculum_prune_2_0.pddl
/lustre/rli12314/HGNIII/ICAPS22_HPLAN_experiments_logistics/logistics/problem2-0-htn.pddl
debug: finding plan...

Plan found!
	( !DRIVE-TRUCK t000-000 - TRUCK l000-000 - LOCATION l000-944 - LOCATION c000 - CITY )
	( !LOAD-TRUCK p476 - OBJ t000-000 - TRUCK l000-944 - LOCATION )
	( !DRIVE-TRUCK t000-000 - TRUCK l000-944 - LOCATION l000-000 - LOCATION c000 - CITY )
	( !UNLOAD-TRUCK p476 - OBJ t000-000 - TRUCK l000-000 - LOCATION )
	( !DRIVE-TRUCK t000-000 - TRUCK l000-000 - LOCATION l000-944 - LOCATION c000 - CITY )
	( !LOAD-TRUCK p757 - OBJ t000-000 - TRUCK l000-944 - LOCATION )
	( !DRIVE-TRUCK t000-000 - TRUCK l000-944 - LOCATION l000-000 - LOCATION c000 - CITY )
	( !UNLOAD-TRUCK p757 - OBJ t000-000 - TRUCK l000-000 - LOCATION )
plan length: 8
2.144
/lustre/rli12314/HGNIII/ICAPS22_HPLAN_experiments_logistics/results_with_methods/logistics_curriculum_prune_2_1.pddl
/lustre/rli12314/HGNIII/ICAPS22_HPLAN_experiments_logistics/logistics/problem2-1-htn.pddl
debug: finding plan...

Plan found!
	( !DRIVE-TRUCK t000-000 - TRUCK l000-000 - LOCATION l000-354 - LOCATION c000 - CITY )
	( !LOAD-TRUCK p29 - OBJ t000-000 - TRUCK l000-354 - LOCATION )
	( !DRIVE-TRUCK t000-000 - TRUCK l000-354 - LOCATION l000-000 - LOCATION c000 - CITY )
	( !UNLOAD-TRUCK p29 - OBJ t000-000 - TRUCK l000-000 - LOCATION )
	( !DRIVE-TRUCK t000-000 - TRUCK l000-000 - LOCATION l000-354 - LOCATION c000 - CITY )
	( !LOAD-TRUCK p450 - OBJ t000-000 - TRUCK l000-354 - LOCATION )
	( !DRIVE-TRUCK t000-000 - TRUCK l000-354 - LOCATION l000-000 - LOCATION c000 - CITY )
	( !UNLOAD-TRUCK p450 - OBJ t000-000 - TRUCK l000-000 - LOCATION )
plan length: 8
1.814
/lustre/rli12314/HGNIII/ICAPS22_HPLAN_experiments_logistics/results_with_methods/logistics_curriculum_prune_2_2.pddl
/lustre/rli12314/HGNIII/ICAPS22_HPLAN_experiments_logistics/logistics/problem2-2-htn.pddl
debug: finding plan...

Plan found!
	( !DRIVE-TRUCK t000-000 - TRUCK l000-000 - LOCATION l000-832 - LOCATION c000 - CITY )
	( !LOAD-TRUCK p420 - OBJ t000-000 - TRUCK l000-832 - LOCATION )
	( !DRIVE-TRUCK t000-000 - TRUCK l000-832 - LOCATION l000-000 - LOCATION c000 - CITY )
	( !UNLOAD-TRUCK p420 - OBJ t000-000 - TRUCK l000-000 - LOCATION )
	( !DRIVE-TRUCK t000-000 - TRUCK l000-000 - LOCATION l000-832 - LOCATION c000 - CITY )
	( !LOAD-TRUCK p494 - OBJ t000-000 - TRUCK l000-832 - LOCATION )
	( !DRIVE-TRUCK t000-000 - TRUCK l000-832 - LOCATION l000-000 - LOCATION c000 - CITY )
	( !UNLOAD-TRUCK p494 - OBJ t000-000 - TRUCK l000-000 - LOCATION )
plan length: 8
1.727
/lustre/rli12314/HGNIII/ICAPS22_HPLAN_experiments_logistics/results_with_methods/logistics_curriculum_prune_2_3.pddl
/lustre/rli12314/HGNIII/ICAPS22_HPLAN_experiments_logistics/logistics/problem2-3-htn.pddl
debug: finding plan...

Plan found!
	( !DRIVE-TRUCK t000-000 - TRUCK l000-000 - LOCATION l000-657 - LOCATION c000 - CITY )
	( !LOAD-TRUCK p919 - OBJ t000-000 - TRUCK l000-657 - LOCATION )
	( !DRIVE-TRUCK t000-000 - TRUCK l000-657 - LOCATION l000-000 - LOCATION c000 - CITY )
	( !UNLOAD-TRUCK p919 - OBJ t000-000 - TRUCK l000-000 - LOCATION )
	( !DRIVE-TRUCK t000-000 - TRUCK l000-000 - LOCATION l000-657 - LOCATION c000 - CITY )
	( !LOAD-TRUCK p691 - OBJ t000-000 - TRUCK l000-657 - LOCATION )
	( !DRIVE-TRUCK t000-000 - TRUCK l000-657 - LOCATION l000-000 - LOCATION c000 - CITY )
	( !UNLOAD-TRUCK p691 - OBJ t000-000 - TRUCK l000-000 - LOCATION )
plan length: 8
1.71
/lustre/rli12314/HGNIII/ICAPS22_HPLAN_experiments_logistics/results_with_methods/logistics_curriculum_prune_2_4.pddl
/lustre/rli12314/HGNIII/ICAPS22_HPLAN_experiments_logistics/logistics/problem2-4-htn.pddl
debug: finding plan...

Plan found!
	( !DRIVE-TRUCK t000-000 - TRUCK l000-000 - LOCATION l000-774 - LOCATION c000 - CITY )
	( !LOAD-TRUCK p406 - OBJ t000-000 - TRUCK l000-774 - LOCATION )
	( !DRIVE-TRUCK t000-000 - TRUCK l000-774 - LOCATION l000-000 - LOCATION c000 - CITY )
	( !UNLOAD-TRUCK p406 - OBJ t000-000 - TRUCK l000-000 - LOCATION )
	( !DRIVE-TRUCK t000-000 - TRUCK l000-000 - LOCATION l000-772 - LOCATION c000 - CITY )
	( !LOAD-TRUCK p509 - OBJ t000-000 - TRUCK l000-772 - LOCATION )
	( !DRIVE-TRUCK t000-000 - TRUCK l000-772 - LOCATION l000-000 - LOCATION c000 - CITY )
	( !UNLOAD-TRUCK p509 - OBJ t000-000 - TRUCK l000-000 - LOCATION )
plan length: 8
1.948
/lustre/rli12314/HGNIII/ICAPS22_HPLAN_experiments_logistics/results_with_methods/logistics_curriculum_prune_3_0.pddl
/lustre/rli12314/HGNIII/ICAPS22_HPLAN_experiments_logistics/logistics/problem3-0-htn.pddl
debug: finding plan...

Plan found!
	( !DRIVE-TRUCK t000-000 - TRUCK l000-000 - LOCATION l000-564 - LOCATION c000 - CITY )
	( !LOAD-TRUCK p411 - OBJ t000-000 - TRUCK l000-564 - LOCATION )
	( !DRIVE-TRUCK t000-000 - TRUCK l000-564 - LOCATION l000-000 - LOCATION c000 - CITY )
	( !UNLOAD-TRUCK p411 - OBJ t000-000 - TRUCK l000-000 - LOCATION )
	( !DRIVE-TRUCK t000-000 - TRUCK l000-000 - LOCATION l000-83 - LOCATION c000 - CITY )
	( !LOAD-TRUCK p92 - OBJ t000-000 - TRUCK l000-83 - LOCATION )
	( !DRIVE-TRUCK t000-000 - TRUCK l000-83 - LOCATION l000-000 - LOCATION c000 - CITY )
	( !UNLOAD-TRUCK p92 - OBJ t000-000 - TRUCK l000-000 - LOCATION )
	( !DRIVE-TRUCK t000-000 - TRUCK l000-000 - LOCATION l000-83 - LOCATION c000 - CITY )
	( !LOAD-TRUCK p155 - OBJ t000-000 - TRUCK l000-83 - LOCATION )
	( !DRIVE-TRUCK t000-000 - TRUCK l000-83 - LOCATION l000-000 - LOCATION c000 - CITY )
	( !UNLOAD-TRUCK p155 - OBJ t000-000 - TRUCK l000-000 - LOCATION )
plan length: 12
2.443
/lustre/rli12314/HGNIII/ICAPS22_HPLAN_experiments_logistics/results_with_methods/logistics_curriculum_prune_3_1.pddl
/lustre/rli12314/HGNIII/ICAPS22_HPLAN_experiments_logistics/logistics/problem3-1-htn.pddl
debug: finding plan...

Plan found!
	( !DRIVE-TRUCK t000-000 - TRUCK l000-000 - LOCATION l000-301 - LOCATION c000 - CITY )
	( !LOAD-TRUCK p259 - OBJ t000-000 - TRUCK l000-301 - LOCATION )
	( !DRIVE-TRUCK t000-000 - TRUCK l000-301 - LOCATION l000-000 - LOCATION c000 - CITY )
	( !UNLOAD-TRUCK p259 - OBJ t000-000 - TRUCK l000-000 - LOCATION )
	( !DRIVE-TRUCK t000-000 - TRUCK l000-000 - LOCATION l000-301 - LOCATION c000 - CITY )
	( !LOAD-TRUCK p345 - OBJ t000-000 - TRUCK l000-301 - LOCATION )
	( !DRIVE-TRUCK t000-000 - TRUCK l000-301 - LOCATION l000-000 - LOCATION c000 - CITY )
	( !UNLOAD-TRUCK p345 - OBJ t000-000 - TRUCK l000-000 - LOCATION )
	( !DRIVE-TRUCK t000-000 - TRUCK l000-000 - LOCATION l000-111 - LOCATION c000 - CITY )
	( !LOAD-TRUCK p312 - OBJ t000-000 - TRUCK l000-111 - LOCATION )
	( !DRIVE-TRUCK t000-000 - TRUCK l000-111 - LOCATION l000-000 - LOCATION c000 - CITY )
	( !UNLOAD-TRUCK p312 - OBJ t000-000 - TRUCK l000-000 - LOCATION )
plan length: 12
2.323
/lustre/rli12314/HGNIII/ICAPS22_HPLAN_experiments_logistics/results_with_methods/logistics_curriculum_prune_3_2.pddl
/lustre/rli12314/HGNIII/ICAPS22_HPLAN_experiments_logistics/logistics/problem3-2-htn.pddl
debug: finding plan...

Plan found!
	( !DRIVE-TRUCK t000-000 - TRUCK l000-000 - LOCATION l000-660 - LOCATION c000 - CITY )
	( !LOAD-TRUCK p225 - OBJ t000-000 - TRUCK l000-660 - LOCATION )
	( !DRIVE-TRUCK t000-000 - TRUCK l000-660 - LOCATION l000-000 - LOCATION c000 - CITY )
	( !UNLOAD-TRUCK p225 - OBJ t000-000 - TRUCK l000-000 - LOCATION )
	( !DRIVE-TRUCK t000-000 - TRUCK l000-000 - LOCATION l000-660 - LOCATION c000 - CITY )
	( !LOAD-TRUCK p254 - OBJ t000-000 - TRUCK l000-660 - LOCATION )
	( !DRIVE-TRUCK t000-000 - TRUCK l000-660 - LOCATION l000-000 - LOCATION c000 - CITY )
	( !UNLOAD-TRUCK p254 - OBJ t000-000 - TRUCK l000-000 - LOCATION )
	( !DRIVE-TRUCK t000-000 - TRUCK l000-000 - LOCATION l000-770 - LOCATION c000 - CITY )
	( !LOAD-TRUCK p141 - OBJ t000-000 - TRUCK l000-770 - LOCATION )
	( !DRIVE-TRUCK t000-000 - TRUCK l000-770 - LOCATION l000-000 - LOCATION c000 - CITY )
	( !UNLOAD-TRUCK p141 - OBJ t000-000 - TRUCK l000-000 - LOCATION )
plan length: 12
2.317
/lustre/rli12314/HGNIII/ICAPS22_HPLAN_experiments_logistics/results_with_methods/logistics_curriculum_prune_3_3.pddl
/lustre/rli12314/HGNIII/ICAPS22_HPLAN_experiments_logistics/logistics/problem3-3-htn.pddl
debug: finding plan...

Plan found!
	( !DRIVE-TRUCK t000-000 - TRUCK l000-000 - LOCATION l000-590 - LOCATION c000 - CITY )
	( !LOAD-TRUCK p891 - OBJ t000-000 - TRUCK l000-590 - LOCATION )
	( !DRIVE-TRUCK t000-000 - TRUCK l000-590 - LOCATION l000-000 - LOCATION c000 - CITY )
	( !UNLOAD-TRUCK p891 - OBJ t000-000 - TRUCK l000-000 - LOCATION )
	( !DRIVE-TRUCK t000-000 - TRUCK l000-000 - LOCATION l000-350 - LOCATION c000 - CITY )
	( !LOAD-TRUCK p923 - OBJ t000-000 - TRUCK l000-350 - LOCATION )
	( !DRIVE-TRUCK t000-000 - TRUCK l000-350 - LOCATION l000-000 - LOCATION c000 - CITY )
	( !UNLOAD-TRUCK p923 - OBJ t000-000 - TRUCK l000-000 - LOCATION )
	( !DRIVE-TRUCK t000-000 - TRUCK l000-000 - LOCATION l000-350 - LOCATION c000 - CITY )
	( !LOAD-TRUCK p6 - OBJ t000-000 - TRUCK l000-350 - LOCATION )
	( !DRIVE-TRUCK t000-000 - TRUCK l000-350 - LOCATION l000-000 - LOCATION c000 - CITY )
	( !UNLOAD-TRUCK p6 - OBJ t000-000 - TRUCK l000-000 - LOCATION )
plan length: 12
2.591
/lustre/rli12314/HGNIII/ICAPS22_HPLAN_experiments_logistics/results_with_methods/logistics_curriculum_prune_3_4.pddl
/lustre/rli12314/HGNIII/ICAPS22_HPLAN_experiments_logistics/logistics/problem3-4-htn.pddl
debug: finding plan...

Plan found!
	( !DRIVE-TRUCK t000-000 - TRUCK l000-000 - LOCATION l000-233 - LOCATION c000 - CITY )
	( !LOAD-TRUCK p444 - OBJ t000-000 - TRUCK l000-233 - LOCATION )
	( !DRIVE-TRUCK t000-000 - TRUCK l000-233 - LOCATION l000-000 - LOCATION c000 - CITY )
	( !UNLOAD-TRUCK p444 - OBJ t000-000 - TRUCK l000-000 - LOCATION )
	( !DRIVE-TRUCK t000-000 - TRUCK l000-000 - LOCATION l000-308 - LOCATION c000 - CITY )
	( !LOAD-TRUCK p217 - OBJ t000-000 - TRUCK l000-308 - LOCATION )
	( !DRIVE-TRUCK t000-000 - TRUCK l000-308 - LOCATION l000-000 - LOCATION c000 - CITY )
	( !UNLOAD-TRUCK p217 - OBJ t000-000 - TRUCK l000-000 - LOCATION )
	( !DRIVE-TRUCK t000-000 - TRUCK l000-000 - LOCATION l000-308 - LOCATION c000 - CITY )
	( !LOAD-TRUCK p573 - OBJ t000-000 - TRUCK l000-308 - LOCATION )
	( !DRIVE-TRUCK t000-000 - TRUCK l000-308 - LOCATION l000-000 - LOCATION c000 - CITY )
	( !UNLOAD-TRUCK p573 - OBJ t000-000 - TRUCK l000-000 - LOCATION )
plan length: 12
2.491
/lustre/rli12314/HGNIII/ICAPS22_HPLAN_experiments_logistics/results_with_methods/logistics_curriculum_prune_4_0.pddl
/lustre/rli12314/HGNIII/ICAPS22_HPLAN_experiments_logistics/logistics/problem4-0-htn.pddl
debug: finding plan...

Plan found!
	( !DRIVE-TRUCK t000-000 - TRUCK l000-000 - LOCATION l000-38 - LOCATION c000 - CITY )
	( !LOAD-TRUCK p572 - OBJ t000-000 - TRUCK l000-38 - LOCATION )
	( !DRIVE-TRUCK t000-000 - TRUCK l000-38 - LOCATION l000-000 - LOCATION c000 - CITY )
	( !UNLOAD-TRUCK p572 - OBJ t000-000 - TRUCK l000-000 - LOCATION )
	( !DRIVE-TRUCK t000-000 - TRUCK l000-000 - LOCATION l000-38 - LOCATION c000 - CITY )
	( !LOAD-TRUCK p713 - OBJ t000-000 - TRUCK l000-38 - LOCATION )
	( !DRIVE-TRUCK t000-000 - TRUCK l000-38 - LOCATION l000-000 - LOCATION c000 - CITY )
	( !UNLOAD-TRUCK p713 - OBJ t000-000 - TRUCK l000-000 - LOCATION )
	( !DRIVE-TRUCK t000-000 - TRUCK l000-000 - LOCATION l000-34 - LOCATION c000 - CITY )
	( !LOAD-TRUCK p396 - OBJ t000-000 - TRUCK l000-34 - LOCATION )
	( !DRIVE-TRUCK t000-000 - TRUCK l000-34 - LOCATION l000-000 - LOCATION c000 - CITY )
	( !UNLOAD-TRUCK p396 - OBJ t000-000 - TRUCK l000-000 - LOCATION )
	( !DRIVE-TRUCK t000-000 - TRUCK l000-000 - LOCATION l000-34 - LOCATION c000 - CITY )
	( !LOAD-TRUCK p495 - OBJ t000-000 - TRUCK l000-34 - LOCATION )
	( !DRIVE-TRUCK t000-000 - TRUCK l000-34 - LOCATION l000-000 - LOCATION c000 - CITY )
	( !UNLOAD-TRUCK p495 - OBJ t000-000 - TRUCK l000-000 - LOCATION )
plan length: 16
3.568
/lustre/rli12314/HGNIII/ICAPS22_HPLAN_experiments_logistics/results_with_methods/logistics_curriculum_prune_4_1.pddl
/lustre/rli12314/HGNIII/ICAPS22_HPLAN_experiments_logistics/logistics/problem4-1-htn.pddl
debug: finding plan...

Plan found!
	( !DRIVE-TRUCK t000-000 - TRUCK l000-000 - LOCATION l000-143 - LOCATION c000 - CITY )
	( !LOAD-TRUCK p145 - OBJ t000-000 - TRUCK l000-143 - LOCATION )
	( !DRIVE-TRUCK t000-000 - TRUCK l000-143 - LOCATION l000-000 - LOCATION c000 - CITY )
	( !UNLOAD-TRUCK p145 - OBJ t000-000 - TRUCK l000-000 - LOCATION )
	( !DRIVE-TRUCK t000-000 - TRUCK l000-000 - LOCATION l000-600 - LOCATION c000 - CITY )
	( !LOAD-TRUCK p428 - OBJ t000-000 - TRUCK l000-600 - LOCATION )
	( !DRIVE-TRUCK t000-000 - TRUCK l000-600 - LOCATION l000-000 - LOCATION c000 - CITY )
	( !UNLOAD-TRUCK p428 - OBJ t000-000 - TRUCK l000-000 - LOCATION )
	( !DRIVE-TRUCK t000-000 - TRUCK l000-000 - LOCATION l000-753 - LOCATION c000 - CITY )
	( !LOAD-TRUCK p792 - OBJ t000-000 - TRUCK l000-753 - LOCATION )
	( !DRIVE-TRUCK t000-000 - TRUCK l000-753 - LOCATION l000-000 - LOCATION c000 - CITY )
	( !UNLOAD-TRUCK p792 - OBJ t000-000 - TRUCK l000-000 - LOCATION )
	( !DRIVE-TRUCK t000-000 - TRUCK l000-000 - LOCATION l000-861 - LOCATION c000 - CITY )
	( !LOAD-TRUCK p879 - OBJ t000-000 - TRUCK l000-861 - LOCATION )
	( !DRIVE-TRUCK t000-000 - TRUCK l000-861 - LOCATION l000-000 - LOCATION c000 - CITY )
	( !UNLOAD-TRUCK p879 - OBJ t000-000 - TRUCK l000-000 - LOCATION )
plan length: 16
2.99
/lustre/rli12314/HGNIII/ICAPS22_HPLAN_experiments_logistics/results_with_methods/logistics_curriculum_prune_4_2.pddl
/lustre/rli12314/HGNIII/ICAPS22_HPLAN_experiments_logistics/logistics/problem4-2-htn.pddl
debug: finding plan...

Plan found!
	( !DRIVE-TRUCK t000-000 - TRUCK l000-000 - LOCATION l000-674 - LOCATION c000 - CITY )
	( !LOAD-TRUCK p819 - OBJ t000-000 - TRUCK l000-674 - LOCATION )
	( !DRIVE-TRUCK t000-000 - TRUCK l000-674 - LOCATION l000-000 - LOCATION c000 - CITY )
	( !UNLOAD-TRUCK p819 - OBJ t000-000 - TRUCK l000-000 - LOCATION )
	( !DRIVE-TRUCK t000-000 - TRUCK l000-000 - LOCATION l000-449 - LOCATION c000 - CITY )
	( !LOAD-TRUCK p345 - OBJ t000-000 - TRUCK l000-449 - LOCATION )
	( !DRIVE-TRUCK t000-000 - TRUCK l000-449 - LOCATION l000-000 - LOCATION c000 - CITY )
	( !UNLOAD-TRUCK p345 - OBJ t000-000 - TRUCK l000-000 - LOCATION )
	( !DRIVE-TRUCK t000-000 - TRUCK l000-000 - LOCATION l000-449 - LOCATION c000 - CITY )
	( !LOAD-TRUCK p460 - OBJ t000-000 - TRUCK l000-449 - LOCATION )
	( !DRIVE-TRUCK t000-000 - TRUCK l000-449 - LOCATION l000-000 - LOCATION c000 - CITY )
	( !UNLOAD-TRUCK p460 - OBJ t000-000 - TRUCK l000-000 - LOCATION )
	( !DRIVE-TRUCK t000-000 - TRUCK l000-000 - LOCATION l000-756 - LOCATION c000 - CITY )
	( !LOAD-TRUCK p949 - OBJ t000-000 - TRUCK l000-756 - LOCATION )
	( !DRIVE-TRUCK t000-000 - TRUCK l000-756 - LOCATION l000-000 - LOCATION c000 - CITY )
	( !UNLOAD-TRUCK p949 - OBJ t000-000 - TRUCK l000-000 - LOCATION )
plan length: 16
3.953
/lustre/rli12314/HGNIII/ICAPS22_HPLAN_experiments_logistics/results_with_methods/logistics_curriculum_prune_4_3.pddl
/lustre/rli12314/HGNIII/ICAPS22_HPLAN_experiments_logistics/logistics/problem4-3-htn.pddl
debug: finding plan...

Plan found!
	( !DRIVE-TRUCK t000-000 - TRUCK l000-000 - LOCATION l000-453 - LOCATION c000 - CITY )
	( !LOAD-TRUCK p913 - OBJ t000-000 - TRUCK l000-453 - LOCATION )
	( !DRIVE-TRUCK t000-000 - TRUCK l000-453 - LOCATION l000-000 - LOCATION c000 - CITY )
	( !UNLOAD-TRUCK p913 - OBJ t000-000 - TRUCK l000-000 - LOCATION )
	( !DRIVE-TRUCK t000-000 - TRUCK l000-000 - LOCATION l000-509 - LOCATION c000 - CITY )
	( !LOAD-TRUCK p550 - OBJ t000-000 - TRUCK l000-509 - LOCATION )
	( !DRIVE-TRUCK t000-000 - TRUCK l000-509 - LOCATION l000-000 - LOCATION c000 - CITY )
	( !UNLOAD-TRUCK p550 - OBJ t000-000 - TRUCK l000-000 - LOCATION )
	( !DRIVE-TRUCK t000-000 - TRUCK l000-000 - LOCATION l000-586 - LOCATION c000 - CITY )
	( !LOAD-TRUCK p902 - OBJ t000-000 - TRUCK l000-586 - LOCATION )
	( !DRIVE-TRUCK t000-000 - TRUCK l000-586 - LOCATION l000-000 - LOCATION c000 - CITY )
	( !UNLOAD-TRUCK p902 - OBJ t000-000 - TRUCK l000-000 - LOCATION )
	( !DRIVE-TRUCK t000-000 - TRUCK l000-000 - LOCATION l000-453 - LOCATION c000 - CITY )
	( !LOAD-TRUCK p276 - OBJ t000-000 - TRUCK l000-453 - LOCATION )
	( !DRIVE-TRUCK t000-000 - TRUCK l000-453 - LOCATION l000-000 - LOCATION c000 - CITY )
	( !UNLOAD-TRUCK p276 - OBJ t000-000 - TRUCK l000-000 - LOCATION )
plan length: 16
3.925
/lustre/rli12314/HGNIII/ICAPS22_HPLAN_experiments_logistics/results_with_methods/logistics_curriculum_prune_4_4.pddl
/lustre/rli12314/HGNIII/ICAPS22_HPLAN_experiments_logistics/logistics/problem4-4-htn.pddl
debug: finding plan...

Plan found!
	( !DRIVE-TRUCK t000-000 - TRUCK l000-000 - LOCATION l000-816 - LOCATION c000 - CITY )
	( !LOAD-TRUCK p844 - OBJ t000-000 - TRUCK l000-816 - LOCATION )
	( !DRIVE-TRUCK t000-000 - TRUCK l000-816 - LOCATION l000-000 - LOCATION c000 - CITY )
	( !UNLOAD-TRUCK p844 - OBJ t000-000 - TRUCK l000-000 - LOCATION )
	( !DRIVE-TRUCK t000-000 - TRUCK l000-000 - LOCATION l000-816 - LOCATION c000 - CITY )
	( !LOAD-TRUCK p946 - OBJ t000-000 - TRUCK l000-816 - LOCATION )
	( !DRIVE-TRUCK t000-000 - TRUCK l000-816 - LOCATION l000-000 - LOCATION c000 - CITY )
	( !UNLOAD-TRUCK p946 - OBJ t000-000 - TRUCK l000-000 - LOCATION )
	( !DRIVE-TRUCK t000-000 - TRUCK l000-000 - LOCATION l000-810 - LOCATION c000 - CITY )
	( !LOAD-TRUCK p592 - OBJ t000-000 - TRUCK l000-810 - LOCATION )
	( !DRIVE-TRUCK t000-000 - TRUCK l000-810 - LOCATION l000-000 - LOCATION c000 - CITY )
	( !UNLOAD-TRUCK p592 - OBJ t000-000 - TRUCK l000-000 - LOCATION )
	( !DRIVE-TRUCK t000-000 - TRUCK l000-000 - LOCATION l000-816 - LOCATION c000 - CITY )
	( !LOAD-TRUCK p622 - OBJ t000-000 - TRUCK l000-816 - LOCATION )
	( !DRIVE-TRUCK t000-000 - TRUCK l000-816 - LOCATION l000-000 - LOCATION c000 - CITY )
	( !UNLOAD-TRUCK p622 - OBJ t000-000 - TRUCK l000-000 - LOCATION )
plan length: 16
3.598
/lustre/rli12314/HGNIII/ICAPS22_HPLAN_experiments_logistics/results_with_methods/logistics_curriculum_prune_5_0.pddl
/lustre/rli12314/HGNIII/ICAPS22_HPLAN_experiments_logistics/logistics/problem5-0-htn.pddl
debug: finding plan...

Plan found!
	( !DRIVE-TRUCK t000-000 - TRUCK l000-000 - LOCATION l000-347 - LOCATION c000 - CITY )
	( !LOAD-TRUCK p526 - OBJ t000-000 - TRUCK l000-347 - LOCATION )
	( !DRIVE-TRUCK t000-000 - TRUCK l000-347 - LOCATION l000-000 - LOCATION c000 - CITY )
	( !UNLOAD-TRUCK p526 - OBJ t000-000 - TRUCK l000-000 - LOCATION )
	( !DRIVE-TRUCK t000-000 - TRUCK l000-000 - LOCATION l000-784 - LOCATION c000 - CITY )
	( !LOAD-TRUCK p739 - OBJ t000-000 - TRUCK l000-784 - LOCATION )
	( !DRIVE-TRUCK t000-000 - TRUCK l000-784 - LOCATION l000-000 - LOCATION c000 - CITY )
	( !UNLOAD-TRUCK p739 - OBJ t000-000 - TRUCK l000-000 - LOCATION )
	( !DRIVE-TRUCK t000-000 - TRUCK l000-000 - LOCATION l000-336 - LOCATION c000 - CITY )
	( !LOAD-TRUCK p436 - OBJ t000-000 - TRUCK l000-336 - LOCATION )
	( !DRIVE-TRUCK t000-000 - TRUCK l000-336 - LOCATION l000-000 - LOCATION c000 - CITY )
	( !UNLOAD-TRUCK p436 - OBJ t000-000 - TRUCK l000-000 - LOCATION )
	( !DRIVE-TRUCK t000-000 - TRUCK l000-000 - LOCATION l000-780 - LOCATION c000 - CITY )
	( !LOAD-TRUCK p609 - OBJ t000-000 - TRUCK l000-780 - LOCATION )
	( !DRIVE-TRUCK t000-000 - TRUCK l000-780 - LOCATION l000-000 - LOCATION c000 - CITY )
	( !UNLOAD-TRUCK p609 - OBJ t000-000 - TRUCK l000-000 - LOCATION )
	( !DRIVE-TRUCK t000-000 - TRUCK l000-000 - LOCATION l000-970 - LOCATION c000 - CITY )
	( !LOAD-TRUCK p97 - OBJ t000-000 - TRUCK l000-970 - LOCATION )
	( !DRIVE-TRUCK t000-000 - TRUCK l000-970 - LOCATION l000-000 - LOCATION c000 - CITY )
	( !UNLOAD-TRUCK p97 - OBJ t000-000 - TRUCK l000-000 - LOCATION )
plan length: 20
4.203
/lustre/rli12314/HGNIII/ICAPS22_HPLAN_experiments_logistics/results_with_methods/logistics_curriculum_prune_5_1.pddl
/lustre/rli12314/HGNIII/ICAPS22_HPLAN_experiments_logistics/logistics/problem5-1-htn.pddl
debug: finding plan...

Plan found!
	( !DRIVE-TRUCK t000-000 - TRUCK l000-000 - LOCATION l000-817 - LOCATION c000 - CITY )
	( !LOAD-TRUCK p514 - OBJ t000-000 - TRUCK l000-817 - LOCATION )
	( !DRIVE-TRUCK t000-000 - TRUCK l000-817 - LOCATION l000-000 - LOCATION c000 - CITY )
	( !UNLOAD-TRUCK p514 - OBJ t000-000 - TRUCK l000-000 - LOCATION )
	( !DRIVE-TRUCK t000-000 - TRUCK l000-000 - LOCATION l000-822 - LOCATION c000 - CITY )
	( !LOAD-TRUCK p758 - OBJ t000-000 - TRUCK l000-822 - LOCATION )
	( !DRIVE-TRUCK t000-000 - TRUCK l000-822 - LOCATION l000-000 - LOCATION c000 - CITY )
	( !UNLOAD-TRUCK p758 - OBJ t000-000 - TRUCK l000-000 - LOCATION )
	( !DRIVE-TRUCK t000-000 - TRUCK l000-000 - LOCATION l000-320 - LOCATION c000 - CITY )
	( !LOAD-TRUCK p664 - OBJ t000-000 - TRUCK l000-320 - LOCATION )
	( !DRIVE-TRUCK t000-000 - TRUCK l000-320 - LOCATION l000-000 - LOCATION c000 - CITY )
	( !UNLOAD-TRUCK p664 - OBJ t000-000 - TRUCK l000-000 - LOCATION )
	( !DRIVE-TRUCK t000-000 - TRUCK l000-000 - LOCATION l000-579 - LOCATION c000 - CITY )
	( !LOAD-TRUCK p77 - OBJ t000-000 - TRUCK l000-579 - LOCATION )
	( !DRIVE-TRUCK t000-000 - TRUCK l000-579 - LOCATION l000-000 - LOCATION c000 - CITY )
	( !UNLOAD-TRUCK p77 - OBJ t000-000 - TRUCK l000-000 - LOCATION )
	( !DRIVE-TRUCK t000-000 - TRUCK l000-000 - LOCATION l000-320 - LOCATION c000 - CITY )
	( !LOAD-TRUCK p444 - OBJ t000-000 - TRUCK l000-320 - LOCATION )
	( !DRIVE-TRUCK t000-000 - TRUCK l000-320 - LOCATION l000-000 - LOCATION c000 - CITY )
	( !UNLOAD-TRUCK p444 - OBJ t000-000 - TRUCK l000-000 - LOCATION )
plan length: 20
6.591
/lustre/rli12314/HGNIII/ICAPS22_HPLAN_experiments_logistics/results_with_methods/logistics_curriculum_prune_5_2.pddl
/lustre/rli12314/HGNIII/ICAPS22_HPLAN_experiments_logistics/logistics/problem5-2-htn.pddl
debug: finding plan...

Plan found!
	( !DRIVE-TRUCK t000-000 - TRUCK l000-000 - LOCATION l000-364 - LOCATION c000 - CITY )
	( !LOAD-TRUCK p794 - OBJ t000-000 - TRUCK l000-364 - LOCATION )
	( !DRIVE-TRUCK t000-000 - TRUCK l000-364 - LOCATION l000-000 - LOCATION c000 - CITY )
	( !UNLOAD-TRUCK p794 - OBJ t000-000 - TRUCK l000-000 - LOCATION )
	( !DRIVE-TRUCK t000-000 - TRUCK l000-000 - LOCATION l000-555 - LOCATION c000 - CITY )
	( !LOAD-TRUCK p977 - OBJ t000-000 - TRUCK l000-555 - LOCATION )
	( !DRIVE-TRUCK t000-000 - TRUCK l000-555 - LOCATION l000-000 - LOCATION c000 - CITY )
	( !UNLOAD-TRUCK p977 - OBJ t000-000 - TRUCK l000-000 - LOCATION )
	( !DRIVE-TRUCK t000-000 - TRUCK l000-000 - LOCATION l000-230 - LOCATION c000 - CITY )
	( !LOAD-TRUCK p713 - OBJ t000-000 - TRUCK l000-230 - LOCATION )
	( !DRIVE-TRUCK t000-000 - TRUCK l000-230 - LOCATION l000-000 - LOCATION c000 - CITY )
	( !UNLOAD-TRUCK p713 - OBJ t000-000 - TRUCK l000-000 - LOCATION )
	( !DRIVE-TRUCK t000-000 - TRUCK l000-000 - LOCATION l000-717 - LOCATION c000 - CITY )
	( !LOAD-TRUCK p776 - OBJ t000-000 - TRUCK l000-717 - LOCATION )
	( !DRIVE-TRUCK t000-000 - TRUCK l000-717 - LOCATION l000-000 - LOCATION c000 - CITY )
	( !UNLOAD-TRUCK p776 - OBJ t000-000 - TRUCK l000-000 - LOCATION )
	( !DRIVE-TRUCK t000-000 - TRUCK l000-000 - LOCATION l000-555 - LOCATION c000 - CITY )
	( !LOAD-TRUCK p339 - OBJ t000-000 - TRUCK l000-555 - LOCATION )
	( !DRIVE-TRUCK t000-000 - TRUCK l000-555 - LOCATION l000-000 - LOCATION c000 - CITY )
	( !UNLOAD-TRUCK p339 - OBJ t000-000 - TRUCK l000-000 - LOCATION )
plan length: 20
6.89
/lustre/rli12314/HGNIII/ICAPS22_HPLAN_experiments_logistics/results_with_methods/logistics_curriculum_prune_5_3.pddl
/lustre/rli12314/HGNIII/ICAPS22_HPLAN_experiments_logistics/logistics/problem5-3-htn.pddl
debug: finding plan...

Plan found!
	( !DRIVE-TRUCK t000-000 - TRUCK l000-000 - LOCATION l000-819 - LOCATION c000 - CITY )
	( !LOAD-TRUCK p165 - OBJ t000-000 - TRUCK l000-819 - LOCATION )
	( !DRIVE-TRUCK t000-000 - TRUCK l000-819 - LOCATION l000-000 - LOCATION c000 - CITY )
	( !UNLOAD-TRUCK p165 - OBJ t000-000 - TRUCK l000-000 - LOCATION )
	( !DRIVE-TRUCK t000-000 - TRUCK l000-000 - LOCATION l000-885 - LOCATION c000 - CITY )
	( !LOAD-TRUCK p184 - OBJ t000-000 - TRUCK l000-885 - LOCATION )
	( !DRIVE-TRUCK t000-000 - TRUCK l000-885 - LOCATION l000-000 - LOCATION c000 - CITY )
	( !UNLOAD-TRUCK p184 - OBJ t000-000 - TRUCK l000-000 - LOCATION )
	( !DRIVE-TRUCK t000-000 - TRUCK l000-000 - LOCATION l000-819 - LOCATION c000 - CITY )
	( !LOAD-TRUCK p273 - OBJ t000-000 - TRUCK l000-819 - LOCATION )
	( !DRIVE-TRUCK t000-000 - TRUCK l000-819 - LOCATION l000-000 - LOCATION c000 - CITY )
	( !UNLOAD-TRUCK p273 - OBJ t000-000 - TRUCK l000-000 - LOCATION )
	( !DRIVE-TRUCK t000-000 - TRUCK l000-000 - LOCATION l000-885 - LOCATION c000 - CITY )
	( !LOAD-TRUCK p601 - OBJ t000-000 - TRUCK l000-885 - LOCATION )
	( !DRIVE-TRUCK t000-000 - TRUCK l000-885 - LOCATION l000-000 - LOCATION c000 - CITY )
	( !UNLOAD-TRUCK p601 - OBJ t000-000 - TRUCK l000-000 - LOCATION )
	( !DRIVE-TRUCK t000-000 - TRUCK l000-000 - LOCATION l000-885 - LOCATION c000 - CITY )
	( !LOAD-TRUCK p293 - OBJ t000-000 - TRUCK l000-885 - LOCATION )
	( !DRIVE-TRUCK t000-000 - TRUCK l000-885 - LOCATION l000-000 - LOCATION c000 - CITY )
	( !UNLOAD-TRUCK p293 - OBJ t000-000 - TRUCK l000-000 - LOCATION )
plan length: 20
5.99
/lustre/rli12314/HGNIII/ICAPS22_HPLAN_experiments_logistics/results_with_methods/logistics_curriculum_prune_5_4.pddl
/lustre/rli12314/HGNIII/ICAPS22_HPLAN_experiments_logistics/logistics/problem5-4-htn.pddl
debug: finding plan...

Plan found!
	( !DRIVE-TRUCK t000-000 - TRUCK l000-000 - LOCATION l000-874 - LOCATION c000 - CITY )
	( !LOAD-TRUCK p584 - OBJ t000-000 - TRUCK l000-874 - LOCATION )
	( !DRIVE-TRUCK t000-000 - TRUCK l000-874 - LOCATION l000-000 - LOCATION c000 - CITY )
	( !UNLOAD-TRUCK p584 - OBJ t000-000 - TRUCK l000-000 - LOCATION )
	( !DRIVE-TRUCK t000-000 - TRUCK l000-000 - LOCATION l000-658 - LOCATION c000 - CITY )
	( !LOAD-TRUCK p101 - OBJ t000-000 - TRUCK l000-658 - LOCATION )
	( !DRIVE-TRUCK t000-000 - TRUCK l000-658 - LOCATION l000-000 - LOCATION c000 - CITY )
	( !UNLOAD-TRUCK p101 - OBJ t000-000 - TRUCK l000-000 - LOCATION )
	( !DRIVE-TRUCK t000-000 - TRUCK l000-000 - LOCATION l000-140 - LOCATION c000 - CITY )
	( !LOAD-TRUCK p342 - OBJ t000-000 - TRUCK l000-140 - LOCATION )
	( !DRIVE-TRUCK t000-000 - TRUCK l000-140 - LOCATION l000-000 - LOCATION c000 - CITY )
	( !UNLOAD-TRUCK p342 - OBJ t000-000 - TRUCK l000-000 - LOCATION )
	( !DRIVE-TRUCK t000-000 - TRUCK l000-000 - LOCATION l000-862 - LOCATION c000 - CITY )
	( !LOAD-TRUCK p289 - OBJ t000-000 - TRUCK l000-862 - LOCATION )
	( !DRIVE-TRUCK t000-000 - TRUCK l000-862 - LOCATION l000-000 - LOCATION c000 - CITY )
	( !UNLOAD-TRUCK p289 - OBJ t000-000 - TRUCK l000-000 - LOCATION )
	( !DRIVE-TRUCK t000-000 - TRUCK l000-000 - LOCATION l000-272 - LOCATION c000 - CITY )
	( !LOAD-TRUCK p770 - OBJ t000-000 - TRUCK l000-272 - LOCATION )
	( !DRIVE-TRUCK t000-000 - TRUCK l000-272 - LOCATION l000-000 - LOCATION c000 - CITY )
	( !UNLOAD-TRUCK p770 - OBJ t000-000 - TRUCK l000-000 - LOCATION )
plan length: 20
3.917
/lustre/rli12314/HGNIII/ICAPS22_HPLAN_experiments_logistics/results_with_methods/logistics_curriculum_prune_6_0.pddl
/lustre/rli12314/HGNIII/ICAPS22_HPLAN_experiments_logistics/logistics/problem6-0-htn.pddl
debug: finding plan...

Plan found!
	( !DRIVE-TRUCK t000-000 - TRUCK l000-000 - LOCATION l000-921 - LOCATION c000 - CITY )
	( !LOAD-TRUCK p218 - OBJ t000-000 - TRUCK l000-921 - LOCATION )
	( !DRIVE-TRUCK t000-000 - TRUCK l000-921 - LOCATION l000-000 - LOCATION c000 - CITY )
	( !UNLOAD-TRUCK p218 - OBJ t000-000 - TRUCK l000-000 - LOCATION )
	( !DRIVE-TRUCK t000-000 - TRUCK l000-000 - LOCATION l000-220 - LOCATION c000 - CITY )
	( !LOAD-TRUCK p435 - OBJ t000-000 - TRUCK l000-220 - LOCATION )
	( !DRIVE-TRUCK t000-000 - TRUCK l000-220 - LOCATION l000-000 - LOCATION c000 - CITY )
	( !UNLOAD-TRUCK p435 - OBJ t000-000 - TRUCK l000-000 - LOCATION )
	( !DRIVE-TRUCK t000-000 - TRUCK l000-000 - LOCATION l000-259 - LOCATION c000 - CITY )
	( !LOAD-TRUCK p590 - OBJ t000-000 - TRUCK l000-259 - LOCATION )
	( !DRIVE-TRUCK t000-000 - TRUCK l000-259 - LOCATION l000-000 - LOCATION c000 - CITY )
	( !UNLOAD-TRUCK p590 - OBJ t000-000 - TRUCK l000-000 - LOCATION )
	( !DRIVE-TRUCK t000-000 - TRUCK l000-000 - LOCATION l000-921 - LOCATION c000 - CITY )
	( !LOAD-TRUCK p62 - OBJ t000-000 - TRUCK l000-921 - LOCATION )
	( !DRIVE-TRUCK t000-000 - TRUCK l000-921 - LOCATION l000-000 - LOCATION c000 - CITY )
	( !UNLOAD-TRUCK p62 - OBJ t000-000 - TRUCK l000-000 - LOCATION )
	( !DRIVE-TRUCK t000-000 - TRUCK l000-000 - LOCATION l000-972 - LOCATION c000 - CITY )
	( !LOAD-TRUCK p342 - OBJ t000-000 - TRUCK l000-972 - LOCATION )
	( !DRIVE-TRUCK t000-000 - TRUCK l000-972 - LOCATION l000-000 - LOCATION c000 - CITY )
	( !UNLOAD-TRUCK p342 - OBJ t000-000 - TRUCK l000-000 - LOCATION )
	( !DRIVE-TRUCK t000-000 - TRUCK l000-000 - LOCATION l000-220 - LOCATION c000 - CITY )
	( !LOAD-TRUCK p705 - OBJ t000-000 - TRUCK l000-220 - LOCATION )
	( !DRIVE-TRUCK t000-000 - TRUCK l000-220 - LOCATION l000-000 - LOCATION c000 - CITY )
	( !UNLOAD-TRUCK p705 - OBJ t000-000 - TRUCK l000-000 - LOCATION )
plan length: 24
25.785
/lustre/rli12314/HGNIII/ICAPS22_HPLAN_experiments_logistics/results_with_methods/logistics_curriculum_prune_6_1.pddl
/lustre/rli12314/HGNIII/ICAPS22_HPLAN_experiments_logistics/logistics/problem6-1-htn.pddl
debug: finding plan...

Plan found!
	( !DRIVE-TRUCK t000-000 - TRUCK l000-000 - LOCATION l000-168 - LOCATION c000 - CITY )
	( !LOAD-TRUCK p79 - OBJ t000-000 - TRUCK l000-168 - LOCATION )
	( !DRIVE-TRUCK t000-000 - TRUCK l000-168 - LOCATION l000-000 - LOCATION c000 - CITY )
	( !UNLOAD-TRUCK p79 - OBJ t000-000 - TRUCK l000-000 - LOCATION )
	( !DRIVE-TRUCK t000-000 - TRUCK l000-000 - LOCATION l000-533 - LOCATION c000 - CITY )
	( !LOAD-TRUCK p623 - OBJ t000-000 - TRUCK l000-533 - LOCATION )
	( !DRIVE-TRUCK t000-000 - TRUCK l000-533 - LOCATION l000-000 - LOCATION c000 - CITY )
	( !UNLOAD-TRUCK p623 - OBJ t000-000 - TRUCK l000-000 - LOCATION )
	( !DRIVE-TRUCK t000-000 - TRUCK l000-000 - LOCATION l000-533 - LOCATION c000 - CITY )
	( !LOAD-TRUCK p536 - OBJ t000-000 - TRUCK l000-533 - LOCATION )
	( !DRIVE-TRUCK t000-000 - TRUCK l000-533 - LOCATION l000-000 - LOCATION c000 - CITY )
	( !UNLOAD-TRUCK p536 - OBJ t000-000 - TRUCK l000-000 - LOCATION )
	( !DRIVE-TRUCK t000-000 - TRUCK l000-000 - LOCATION l000-32 - LOCATION c000 - CITY )
	( !LOAD-TRUCK p148 - OBJ t000-000 - TRUCK l000-32 - LOCATION )
	( !DRIVE-TRUCK t000-000 - TRUCK l000-32 - LOCATION l000-000 - LOCATION c000 - CITY )
	( !UNLOAD-TRUCK p148 - OBJ t000-000 - TRUCK l000-000 - LOCATION )
	( !DRIVE-TRUCK t000-000 - TRUCK l000-000 - LOCATION l000-339 - LOCATION c000 - CITY )
	( !LOAD-TRUCK p247 - OBJ t000-000 - TRUCK l000-339 - LOCATION )
	( !DRIVE-TRUCK t000-000 - TRUCK l000-339 - LOCATION l000-000 - LOCATION c000 - CITY )
	( !UNLOAD-TRUCK p247 - OBJ t000-000 - TRUCK l000-000 - LOCATION )
	( !DRIVE-TRUCK t000-000 - TRUCK l000-000 - LOCATION l000-533 - LOCATION c000 - CITY )
	( !LOAD-TRUCK p764 - OBJ t000-000 - TRUCK l000-533 - LOCATION )
	( !DRIVE-TRUCK t000-000 - TRUCK l000-533 - LOCATION l000-000 - LOCATION c000 - CITY )
	( !UNLOAD-TRUCK p764 - OBJ t000-000 - TRUCK l000-000 - LOCATION )
plan length: 24
17.066
/lustre/rli12314/HGNIII/ICAPS22_HPLAN_experiments_logistics/results_with_methods/logistics_curriculum_prune_6_2.pddl
/lustre/rli12314/HGNIII/ICAPS22_HPLAN_experiments_logistics/logistics/problem6-2-htn.pddl
debug: finding plan...

Plan found!
	( !DRIVE-TRUCK t000-000 - TRUCK l000-000 - LOCATION l000-997 - LOCATION c000 - CITY )
	( !LOAD-TRUCK p666 - OBJ t000-000 - TRUCK l000-997 - LOCATION )
	( !DRIVE-TRUCK t000-000 - TRUCK l000-997 - LOCATION l000-000 - LOCATION c000 - CITY )
	( !UNLOAD-TRUCK p666 - OBJ t000-000 - TRUCK l000-000 - LOCATION )
	( !DRIVE-TRUCK t000-000 - TRUCK l000-000 - LOCATION l000-997 - LOCATION c000 - CITY )
	( !LOAD-TRUCK p273 - OBJ t000-000 - TRUCK l000-997 - LOCATION )
	( !DRIVE-TRUCK t000-000 - TRUCK l000-997 - LOCATION l000-000 - LOCATION c000 - CITY )
	( !UNLOAD-TRUCK p273 - OBJ t000-000 - TRUCK l000-000 - LOCATION )
	( !DRIVE-TRUCK t000-000 - TRUCK l000-000 - LOCATION l000-697 - LOCATION c000 - CITY )
	( !LOAD-TRUCK p828 - OBJ t000-000 - TRUCK l000-697 - LOCATION )
	( !DRIVE-TRUCK t000-000 - TRUCK l000-697 - LOCATION l000-000 - LOCATION c000 - CITY )
	( !UNLOAD-TRUCK p828 - OBJ t000-000 - TRUCK l000-000 - LOCATION )
	( !DRIVE-TRUCK t000-000 - TRUCK l000-000 - LOCATION l000-477 - LOCATION c000 - CITY )
	( !LOAD-TRUCK p437 - OBJ t000-000 - TRUCK l000-477 - LOCATION )
	( !DRIVE-TRUCK t000-000 - TRUCK l000-477 - LOCATION l000-000 - LOCATION c000 - CITY )
	( !UNLOAD-TRUCK p437 - OBJ t000-000 - TRUCK l000-000 - LOCATION )
	( !DRIVE-TRUCK t000-000 - TRUCK l000-000 - LOCATION l000-997 - LOCATION c000 - CITY )
	( !LOAD-TRUCK p994 - OBJ t000-000 - TRUCK l000-997 - LOCATION )
	( !DRIVE-TRUCK t000-000 - TRUCK l000-997 - LOCATION l000-000 - LOCATION c000 - CITY )
	( !UNLOAD-TRUCK p994 - OBJ t000-000 - TRUCK l000-000 - LOCATION )
	( !DRIVE-TRUCK t000-000 - TRUCK l000-000 - LOCATION l000-697 - LOCATION c000 - CITY )
	( !LOAD-TRUCK p72 - OBJ t000-000 - TRUCK l000-697 - LOCATION )
	( !DRIVE-TRUCK t000-000 - TRUCK l000-697 - LOCATION l000-000 - LOCATION c000 - CITY )
	( !UNLOAD-TRUCK p72 - OBJ t000-000 - TRUCK l000-000 - LOCATION )
plan length: 24
29.226
/lustre/rli12314/HGNIII/ICAPS22_HPLAN_experiments_logistics/results_with_methods/logistics_curriculum_prune_6_3.pddl
/lustre/rli12314/HGNIII/ICAPS22_HPLAN_experiments_logistics/logistics/problem6-3-htn.pddl
debug: finding plan...

Plan found!
	( !DRIVE-TRUCK t000-000 - TRUCK l000-000 - LOCATION l000-732 - LOCATION c000 - CITY )
	( !LOAD-TRUCK p305 - OBJ t000-000 - TRUCK l000-732 - LOCATION )
	( !DRIVE-TRUCK t000-000 - TRUCK l000-732 - LOCATION l000-000 - LOCATION c000 - CITY )
	( !UNLOAD-TRUCK p305 - OBJ t000-000 - TRUCK l000-000 - LOCATION )
	( !DRIVE-TRUCK t000-000 - TRUCK l000-000 - LOCATION l000-732 - LOCATION c000 - CITY )
	( !LOAD-TRUCK p968 - OBJ t000-000 - TRUCK l000-732 - LOCATION )
	( !DRIVE-TRUCK t000-000 - TRUCK l000-732 - LOCATION l000-000 - LOCATION c000 - CITY )
	( !UNLOAD-TRUCK p968 - OBJ t000-000 - TRUCK l000-000 - LOCATION )
	( !DRIVE-TRUCK t000-000 - TRUCK l000-000 - LOCATION l000-669 - LOCATION c000 - CITY )
	( !LOAD-TRUCK p317 - OBJ t000-000 - TRUCK l000-669 - LOCATION )
	( !DRIVE-TRUCK t000-000 - TRUCK l000-669 - LOCATION l000-000 - LOCATION c000 - CITY )
	( !UNLOAD-TRUCK p317 - OBJ t000-000 - TRUCK l000-000 - LOCATION )
	( !DRIVE-TRUCK t000-000 - TRUCK l000-000 - LOCATION l000-756 - LOCATION c000 - CITY )
	( !LOAD-TRUCK p349 - OBJ t000-000 - TRUCK l000-756 - LOCATION )
	( !DRIVE-TRUCK t000-000 - TRUCK l000-756 - LOCATION l000-000 - LOCATION c000 - CITY )
	( !UNLOAD-TRUCK p349 - OBJ t000-000 - TRUCK l000-000 - LOCATION )
	( !DRIVE-TRUCK t000-000 - TRUCK l000-000 - LOCATION l000-756 - LOCATION c000 - CITY )
	( !LOAD-TRUCK p557 - OBJ t000-000 - TRUCK l000-756 - LOCATION )
	( !DRIVE-TRUCK t000-000 - TRUCK l000-756 - LOCATION l000-000 - LOCATION c000 - CITY )
	( !UNLOAD-TRUCK p557 - OBJ t000-000 - TRUCK l000-000 - LOCATION )
	( !DRIVE-TRUCK t000-000 - TRUCK l000-000 - LOCATION l000-669 - LOCATION c000 - CITY )
	( !LOAD-TRUCK p945 - OBJ t000-000 - TRUCK l000-669 - LOCATION )
	( !DRIVE-TRUCK t000-000 - TRUCK l000-669 - LOCATION l000-000 - LOCATION c000 - CITY )
	( !UNLOAD-TRUCK p945 - OBJ t000-000 - TRUCK l000-000 - LOCATION )
plan length: 24
15.263
/lustre/rli12314/HGNIII/ICAPS22_HPLAN_experiments_logistics/results_with_methods/logistics_curriculum_prune_6_4.pddl
/lustre/rli12314/HGNIII/ICAPS22_HPLAN_experiments_logistics/logistics/problem6-4-htn.pddl
debug: finding plan...

Plan found!
	( !DRIVE-TRUCK t000-000 - TRUCK l000-000 - LOCATION l000-70 - LOCATION c000 - CITY )
	( !LOAD-TRUCK p664 - OBJ t000-000 - TRUCK l000-70 - LOCATION )
	( !DRIVE-TRUCK t000-000 - TRUCK l000-70 - LOCATION l000-000 - LOCATION c000 - CITY )
	( !UNLOAD-TRUCK p664 - OBJ t000-000 - TRUCK l000-000 - LOCATION )
	( !DRIVE-TRUCK t000-000 - TRUCK l000-000 - LOCATION l000-70 - LOCATION c000 - CITY )
	( !LOAD-TRUCK p267 - OBJ t000-000 - TRUCK l000-70 - LOCATION )
	( !DRIVE-TRUCK t000-000 - TRUCK l000-70 - LOCATION l000-000 - LOCATION c000 - CITY )
	( !UNLOAD-TRUCK p267 - OBJ t000-000 - TRUCK l000-000 - LOCATION )
	( !DRIVE-TRUCK t000-000 - TRUCK l000-000 - LOCATION l000-577 - LOCATION c000 - CITY )
	( !LOAD-TRUCK p338 - OBJ t000-000 - TRUCK l000-577 - LOCATION )
	( !DRIVE-TRUCK t000-000 - TRUCK l000-577 - LOCATION l000-000 - LOCATION c000 - CITY )
	( !UNLOAD-TRUCK p338 - OBJ t000-000 - TRUCK l000-000 - LOCATION )
	( !DRIVE-TRUCK t000-000 - TRUCK l000-000 - LOCATION l000-70 - LOCATION c000 - CITY )
	( !LOAD-TRUCK p992 - OBJ t000-000 - TRUCK l000-70 - LOCATION )
	( !DRIVE-TRUCK t000-000 - TRUCK l000-70 - LOCATION l000-000 - LOCATION c000 - CITY )
	( !UNLOAD-TRUCK p992 - OBJ t000-000 - TRUCK l000-000 - LOCATION )
	( !DRIVE-TRUCK t000-000 - TRUCK l000-000 - LOCATION l000-577 - LOCATION c000 - CITY )
	( !LOAD-TRUCK p933 - OBJ t000-000 - TRUCK l000-577 - LOCATION )
	( !DRIVE-TRUCK t000-000 - TRUCK l000-577 - LOCATION l000-000 - LOCATION c000 - CITY )
	( !UNLOAD-TRUCK p933 - OBJ t000-000 - TRUCK l000-000 - LOCATION )
	( !DRIVE-TRUCK t000-000 - TRUCK l000-000 - LOCATION l000-824 - LOCATION c000 - CITY )
	( !LOAD-TRUCK p728 - OBJ t000-000 - TRUCK l000-824 - LOCATION )
	( !DRIVE-TRUCK t000-000 - TRUCK l000-824 - LOCATION l000-000 - LOCATION c000 - CITY )
	( !UNLOAD-TRUCK p728 - OBJ t000-000 - TRUCK l000-000 - LOCATION )
plan length: 24
21.959
/lustre/rli12314/HGNIII/ICAPS22_HPLAN_experiments_logistics/results_with_methods/logistics_curriculum_prune_7_0.pddl
/lustre/rli12314/HGNIII/ICAPS22_HPLAN_experiments_logistics/logistics/problem7-0-htn.pddl
