begin
/lustre/rli12314/HGN-Maker-MiniGrid/ICAPS22_HPLAN_experiments_Satellite/results_with_methods/satellite_original_2_0.pddl
/lustre/rli12314/HGN-Maker-MiniGrid/ICAPS22_HPLAN_experiments_Satellite/satellite/problem2-0-htn.pddl
debug: finding plan...

Plan found!
	( !TURN_TO sat000 - SATELLITE dir000 - DIRECTION dir004 - DIRECTION )
	( !SWITCH_ON inst000-001 - INSTRUMENT sat000 - SATELLITE )
	( !CALIBRATE sat000 - SATELLITE inst000-001 - INSTRUMENT dir000 - DIRECTION )
	( !TURN_TO sat000 - SATELLITE dir001 - DIRECTION dir000 - DIRECTION )
	( !TAKE_IMAGE sat000 - SATELLITE dir001 - DIRECTION inst000-001 - INSTRUMENT mode002 - MODE )
	( !TURN_TO sat000 - SATELLITE dir003 - DIRECTION dir001 - DIRECTION )
	( !TAKE_IMAGE sat000 - SATELLITE dir003 - DIRECTION inst000-001 - INSTRUMENT mode002 - MODE )
	( !SWITCH_ON inst001-001 - INSTRUMENT sat001 - SATELLITE )
	( !TURN_TO sat000 - SATELLITE dir002 - DIRECTION dir003 - DIRECTION )
	( !SWITCH_ON inst002-000 - INSTRUMENT sat002 - SATELLITE )
	( !TURN_TO sat000 - SATELLITE dir001 - DIRECTION dir002 - DIRECTION )
	( !TURN_TO sat001 - SATELLITE dir003 - DIRECTION dir002 - DIRECTION )
	( !CALIBRATE sat001 - SATELLITE inst001-001 - INSTRUMENT dir003 - DIRECTION )
	( !TURN_TO sat001 - SATELLITE dir001 - DIRECTION dir003 - DIRECTION )
	( !CALIBRATE sat002 - SATELLITE inst002-000 - INSTRUMENT dir001 - DIRECTION )
	( !TURN_TO sat000 - SATELLITE dir003 - DIRECTION dir001 - DIRECTION )
	( !TURN_TO sat001 - SATELLITE dir000 - DIRECTION dir001 - DIRECTION )
	( !TURN_TO sat000 - SATELLITE dir001 - DIRECTION dir003 - DIRECTION )
	( !TURN_TO sat002 - SATELLITE dir000 - DIRECTION dir001 - DIRECTION )
	( !TURN_TO sat001 - SATELLITE dir003 - DIRECTION dir000 - DIRECTION )
	( !TURN_TO sat001 - SATELLITE dir000 - DIRECTION dir003 - DIRECTION )
	( !TAKE_IMAGE sat001 - SATELLITE dir000 - DIRECTION inst001-001 - INSTRUMENT mode000 - MODE )
	( !SWITCH_OFF inst000-001 - INSTRUMENT sat000 - SATELLITE )
	( !TURN_TO sat002 - SATELLITE dir003 - DIRECTION dir000 - DIRECTION )
	( !TAKE_IMAGE sat002 - SATELLITE dir003 - DIRECTION inst002-000 - INSTRUMENT mode000 - MODE )
	( !TURN_TO sat000 - SATELLITE dir000 - DIRECTION dir001 - DIRECTION )
	( !SWITCH_ON inst000-001 - INSTRUMENT sat000 - SATELLITE )
	( !CALIBRATE sat000 - SATELLITE inst000-001 - INSTRUMENT dir000 - DIRECTION )
	( !TURN_TO sat000 - SATELLITE dir003 - DIRECTION dir000 - DIRECTION )
	( !TURN_TO sat000 - SATELLITE dir004 - DIRECTION dir003 - DIRECTION )
	( !TAKE_IMAGE sat000 - SATELLITE dir004 - DIRECTION inst000-001 - INSTRUMENT mode002 - MODE )
plan length: 31
14.896
/lustre/rli12314/HGN-Maker-MiniGrid/ICAPS22_HPLAN_experiments_Satellite/results_with_methods/satellite_original_2_1.pddl
/lustre/rli12314/HGN-Maker-MiniGrid/ICAPS22_HPLAN_experiments_Satellite/satellite/problem2-1-htn.pddl
