begin
/lustre/rli12314/HGNII/ICAPS22_HPLAN_experiments_Satellite/results_with_methods/satellite_curriculum_1_0.pddl
/lustre/rli12314/HGNII/ICAPS22_HPLAN_experiments_Satellite/satellite/problem1-0-htn.pddl
debug: finding plan...

Plan found!
	( !TURN_TO sat000 - SATELLITE dir244 - DIRECTION dir834 - DIRECTION )
	( !SWITCH_ON inst548 - INSTRUMENT sat000 - SATELLITE )
	( !CALIBRATE sat000 - SATELLITE inst548 - INSTRUMENT dir244 - DIRECTION )
	( !TURN_TO sat000 - SATELLITE dir262 - DIRECTION dir244 - DIRECTION )
	( !TAKE_IMAGE sat000 - SATELLITE dir262 - DIRECTION inst548 - INSTRUMENT mode548 - MODE )
plan length: 5
1.421
/lustre/rli12314/HGNII/ICAPS22_HPLAN_experiments_Satellite/results_with_methods/satellite_curriculum_1_1.pddl
/lustre/rli12314/HGNII/ICAPS22_HPLAN_experiments_Satellite/satellite/problem1-1-htn.pddl
debug: finding plan...

Plan found!
	( !TURN_TO sat000 - SATELLITE dir86 - DIRECTION dir2 - DIRECTION )
	( !SWITCH_ON inst754 - INSTRUMENT sat000 - SATELLITE )
	( !CALIBRATE sat000 - SATELLITE inst754 - INSTRUMENT dir86 - DIRECTION )
	( !TURN_TO sat000 - SATELLITE dir486 - DIRECTION dir86 - DIRECTION )
	( !TAKE_IMAGE sat000 - SATELLITE dir486 - DIRECTION inst754 - INSTRUMENT mode754 - MODE )
plan length: 5
1.119
/lustre/rli12314/HGNII/ICAPS22_HPLAN_experiments_Satellite/results_with_methods/satellite_curriculum_1_2.pddl
/lustre/rli12314/HGNII/ICAPS22_HPLAN_experiments_Satellite/satellite/problem1-2-htn.pddl
debug: finding plan...

Plan found!
	( !TURN_TO sat000 - SATELLITE dir411 - DIRECTION dir160 - DIRECTION )
	( !SWITCH_ON inst959 - INSTRUMENT sat000 - SATELLITE )
	( !CALIBRATE sat000 - SATELLITE inst959 - INSTRUMENT dir411 - DIRECTION )
	( !TURN_TO sat000 - SATELLITE dir183 - DIRECTION dir411 - DIRECTION )
	( !TAKE_IMAGE sat000 - SATELLITE dir183 - DIRECTION inst959 - INSTRUMENT mode959 - MODE )
plan length: 5
1.101
/lustre/rli12314/HGNII/ICAPS22_HPLAN_experiments_Satellite/results_with_methods/satellite_curriculum_1_3.pddl
/lustre/rli12314/HGNII/ICAPS22_HPLAN_experiments_Satellite/satellite/problem1-3-htn.pddl
debug: finding plan...

Plan found!
	( !TURN_TO sat000 - SATELLITE dir916 - DIRECTION dir547 - DIRECTION )
	( !SWITCH_ON inst904 - INSTRUMENT sat000 - SATELLITE )
	( !CALIBRATE sat000 - SATELLITE inst904 - INSTRUMENT dir916 - DIRECTION )
	( !TURN_TO sat000 - SATELLITE dir571 - DIRECTION dir916 - DIRECTION )
	( !TAKE_IMAGE sat000 - SATELLITE dir571 - DIRECTION inst904 - INSTRUMENT mode904 - MODE )
plan length: 5
1.094
/lustre/rli12314/HGNII/ICAPS22_HPLAN_experiments_Satellite/results_with_methods/satellite_curriculum_1_4.pddl
/lustre/rli12314/HGNII/ICAPS22_HPLAN_experiments_Satellite/satellite/problem1-4-htn.pddl
debug: finding plan...

Plan found!
	( !TURN_TO sat000 - SATELLITE dir532 - DIRECTION dir876 - DIRECTION )
	( !SWITCH_ON inst291 - INSTRUMENT sat000 - SATELLITE )
	( !CALIBRATE sat000 - SATELLITE inst291 - INSTRUMENT dir532 - DIRECTION )
	( !TURN_TO sat000 - SATELLITE dir663 - DIRECTION dir532 - DIRECTION )
	( !TAKE_IMAGE sat000 - SATELLITE dir663 - DIRECTION inst291 - INSTRUMENT mode291 - MODE )
plan length: 5
1.088
/lustre/rli12314/HGNII/ICAPS22_HPLAN_experiments_Satellite/results_with_methods/satellite_curriculum_2_0.pddl
/lustre/rli12314/HGNII/ICAPS22_HPLAN_experiments_Satellite/satellite/problem2-0-htn.pddl
debug: finding plan...

Plan found!
	( !TURN_TO sat000 - SATELLITE dir586 - DIRECTION dir37 - DIRECTION )
	( !SWITCH_ON inst199 - INSTRUMENT sat000 - SATELLITE )
	( !CALIBRATE sat000 - SATELLITE inst199 - INSTRUMENT dir586 - DIRECTION )
	( !TURN_TO sat000 - SATELLITE dir757 - DIRECTION dir586 - DIRECTION )
	( !TAKE_IMAGE sat000 - SATELLITE dir757 - DIRECTION inst199 - INSTRUMENT mode199 - MODE )
	( !SWITCH_OFF inst199 - INSTRUMENT sat000 - SATELLITE )
	( !TURN_TO sat000 - SATELLITE dir586 - DIRECTION dir757 - DIRECTION )
	( !SWITCH_ON inst488 - INSTRUMENT sat000 - SATELLITE )
	( !CALIBRATE sat000 - SATELLITE inst488 - INSTRUMENT dir586 - DIRECTION )
	( !TURN_TO sat000 - SATELLITE dir766 - DIRECTION dir586 - DIRECTION )
	( !TAKE_IMAGE sat000 - SATELLITE dir766 - DIRECTION inst488 - INSTRUMENT mode488 - MODE )
plan length: 11
2.127
/lustre/rli12314/HGNII/ICAPS22_HPLAN_experiments_Satellite/results_with_methods/satellite_curriculum_2_1.pddl
/lustre/rli12314/HGNII/ICAPS22_HPLAN_experiments_Satellite/satellite/problem2-1-htn.pddl
debug: finding plan...

Plan found!
	( !TURN_TO sat000 - SATELLITE dir583 - DIRECTION dir359 - DIRECTION )
	( !SWITCH_ON inst655 - INSTRUMENT sat000 - SATELLITE )
	( !CALIBRATE sat000 - SATELLITE inst655 - INSTRUMENT dir583 - DIRECTION )
	( !TURN_TO sat000 - SATELLITE dir798 - DIRECTION dir583 - DIRECTION )
	( !TAKE_IMAGE sat000 - SATELLITE dir798 - DIRECTION inst655 - INSTRUMENT mode655 - MODE )
	( !SWITCH_OFF inst655 - INSTRUMENT sat000 - SATELLITE )
	( !TURN_TO sat000 - SATELLITE dir583 - DIRECTION dir798 - DIRECTION )
	( !SWITCH_ON inst403 - INSTRUMENT sat000 - SATELLITE )
	( !CALIBRATE sat000 - SATELLITE inst403 - INSTRUMENT dir583 - DIRECTION )
	( !TURN_TO sat000 - SATELLITE dir262 - DIRECTION dir583 - DIRECTION )
	( !TAKE_IMAGE sat000 - SATELLITE dir262 - DIRECTION inst403 - INSTRUMENT mode403 - MODE )
plan length: 11
1.961
/lustre/rli12314/HGNII/ICAPS22_HPLAN_experiments_Satellite/results_with_methods/satellite_curriculum_2_2.pddl
/lustre/rli12314/HGNII/ICAPS22_HPLAN_experiments_Satellite/satellite/problem2-2-htn.pddl
debug: finding plan...

Plan found!
	( !TURN_TO sat000 - SATELLITE dir879 - DIRECTION dir175 - DIRECTION )
	( !SWITCH_ON inst331 - INSTRUMENT sat000 - SATELLITE )
	( !CALIBRATE sat000 - SATELLITE inst331 - INSTRUMENT dir879 - DIRECTION )
	( !TURN_TO sat000 - SATELLITE dir40 - DIRECTION dir879 - DIRECTION )
	( !TAKE_IMAGE sat000 - SATELLITE dir40 - DIRECTION inst331 - INSTRUMENT mode331 - MODE )
	( !SWITCH_OFF inst331 - INSTRUMENT sat000 - SATELLITE )
	( !TURN_TO sat000 - SATELLITE dir879 - DIRECTION dir40 - DIRECTION )
	( !SWITCH_ON inst270 - INSTRUMENT sat000 - SATELLITE )
	( !CALIBRATE sat000 - SATELLITE inst270 - INSTRUMENT dir879 - DIRECTION )
	( !TURN_TO sat000 - SATELLITE dir597 - DIRECTION dir879 - DIRECTION )
	( !TAKE_IMAGE sat000 - SATELLITE dir597 - DIRECTION inst270 - INSTRUMENT mode270 - MODE )
plan length: 11
2.217
/lustre/rli12314/HGNII/ICAPS22_HPLAN_experiments_Satellite/results_with_methods/satellite_curriculum_2_3.pddl
/lustre/rli12314/HGNII/ICAPS22_HPLAN_experiments_Satellite/satellite/problem2-3-htn.pddl
debug: finding plan...

Plan found!
	( !TURN_TO sat000 - SATELLITE dir30 - DIRECTION dir573 - DIRECTION )
	( !SWITCH_ON inst39 - INSTRUMENT sat000 - SATELLITE )
	( !CALIBRATE sat000 - SATELLITE inst39 - INSTRUMENT dir30 - DIRECTION )
	( !TURN_TO sat000 - SATELLITE dir113 - DIRECTION dir30 - DIRECTION )
	( !TAKE_IMAGE sat000 - SATELLITE dir113 - DIRECTION inst39 - INSTRUMENT mode39 - MODE )
	( !SWITCH_OFF inst39 - INSTRUMENT sat000 - SATELLITE )
	( !TURN_TO sat000 - SATELLITE dir30 - DIRECTION dir113 - DIRECTION )
	( !SWITCH_ON inst181 - INSTRUMENT sat000 - SATELLITE )
	( !CALIBRATE sat000 - SATELLITE inst181 - INSTRUMENT dir30 - DIRECTION )
	( !TURN_TO sat000 - SATELLITE dir640 - DIRECTION dir30 - DIRECTION )
	( !TAKE_IMAGE sat000 - SATELLITE dir640 - DIRECTION inst181 - INSTRUMENT mode181 - MODE )
plan length: 11
2.042
/lustre/rli12314/HGNII/ICAPS22_HPLAN_experiments_Satellite/results_with_methods/satellite_curriculum_2_4.pddl
/lustre/rli12314/HGNII/ICAPS22_HPLAN_experiments_Satellite/satellite/problem2-4-htn.pddl
debug: finding plan...

Plan found!
	( !TURN_TO sat000 - SATELLITE dir582 - DIRECTION dir387 - DIRECTION )
	( !SWITCH_ON inst600 - INSTRUMENT sat000 - SATELLITE )
	( !CALIBRATE sat000 - SATELLITE inst600 - INSTRUMENT dir582 - DIRECTION )
	( !TURN_TO sat000 - SATELLITE dir963 - DIRECTION dir582 - DIRECTION )
	( !TAKE_IMAGE sat000 - SATELLITE dir963 - DIRECTION inst600 - INSTRUMENT mode600 - MODE )
	( !SWITCH_OFF inst600 - INSTRUMENT sat000 - SATELLITE )
	( !TURN_TO sat000 - SATELLITE dir582 - DIRECTION dir963 - DIRECTION )
	( !SWITCH_ON inst411 - INSTRUMENT sat000 - SATELLITE )
	( !CALIBRATE sat000 - SATELLITE inst411 - INSTRUMENT dir582 - DIRECTION )
	( !TURN_TO sat000 - SATELLITE dir182 - DIRECTION dir582 - DIRECTION )
	( !TAKE_IMAGE sat000 - SATELLITE dir182 - DIRECTION inst411 - INSTRUMENT mode411 - MODE )
plan length: 11
2.744
/lustre/rli12314/HGNII/ICAPS22_HPLAN_experiments_Satellite/results_with_methods/satellite_curriculum_3_0.pddl
/lustre/rli12314/HGNII/ICAPS22_HPLAN_experiments_Satellite/satellite/problem3-0-htn.pddl
debug: finding plan...

Plan found!
	( !TURN_TO sat000 - SATELLITE dir810 - DIRECTION dir261 - DIRECTION )
	( !SWITCH_ON inst94 - INSTRUMENT sat000 - SATELLITE )
	( !CALIBRATE sat000 - SATELLITE inst94 - INSTRUMENT dir810 - DIRECTION )
	( !TURN_TO sat000 - SATELLITE dir751 - DIRECTION dir810 - DIRECTION )
	( !TAKE_IMAGE sat000 - SATELLITE dir751 - DIRECTION inst94 - INSTRUMENT mode94 - MODE )
	( !SWITCH_OFF inst94 - INSTRUMENT sat000 - SATELLITE )
	( !TURN_TO sat000 - SATELLITE dir810 - DIRECTION dir751 - DIRECTION )
	( !SWITCH_ON inst846 - INSTRUMENT sat000 - SATELLITE )
	( !CALIBRATE sat000 - SATELLITE inst846 - INSTRUMENT dir810 - DIRECTION )
	( !TURN_TO sat000 - SATELLITE dir899 - DIRECTION dir810 - DIRECTION )
	( !TAKE_IMAGE sat000 - SATELLITE dir899 - DIRECTION inst846 - INSTRUMENT mode846 - MODE )
	( !SWITCH_OFF inst846 - INSTRUMENT sat000 - SATELLITE )
	( !TURN_TO sat000 - SATELLITE dir810 - DIRECTION dir899 - DIRECTION )
	( !SWITCH_ON inst765 - INSTRUMENT sat000 - SATELLITE )
	( !CALIBRATE sat000 - SATELLITE inst765 - INSTRUMENT dir810 - DIRECTION )
	( !TURN_TO sat000 - SATELLITE dir763 - DIRECTION dir810 - DIRECTION )
	( !TAKE_IMAGE sat000 - SATELLITE dir763 - DIRECTION inst765 - INSTRUMENT mode765 - MODE )
plan length: 17
5.33
/lustre/rli12314/HGNII/ICAPS22_HPLAN_experiments_Satellite/results_with_methods/satellite_curriculum_3_1.pddl
/lustre/rli12314/HGNII/ICAPS22_HPLAN_experiments_Satellite/satellite/problem3-1-htn.pddl
debug: finding plan...

Plan found!
	( !TURN_TO sat000 - SATELLITE dir396 - DIRECTION dir685 - DIRECTION )
	( !SWITCH_ON inst535 - INSTRUMENT sat000 - SATELLITE )
	( !CALIBRATE sat000 - SATELLITE inst535 - INSTRUMENT dir396 - DIRECTION )
	( !TURN_TO sat000 - SATELLITE dir587 - DIRECTION dir396 - DIRECTION )
	( !TAKE_IMAGE sat000 - SATELLITE dir587 - DIRECTION inst535 - INSTRUMENT mode535 - MODE )
	( !SWITCH_OFF inst535 - INSTRUMENT sat000 - SATELLITE )
	( !TURN_TO sat000 - SATELLITE dir396 - DIRECTION dir587 - DIRECTION )
	( !SWITCH_ON inst733 - INSTRUMENT sat000 - SATELLITE )
	( !CALIBRATE sat000 - SATELLITE inst733 - INSTRUMENT dir396 - DIRECTION )
	( !TURN_TO sat000 - SATELLITE dir158 - DIRECTION dir396 - DIRECTION )
	( !TAKE_IMAGE sat000 - SATELLITE dir158 - DIRECTION inst733 - INSTRUMENT mode733 - MODE )
	( !SWITCH_OFF inst733 - INSTRUMENT sat000 - SATELLITE )
	( !TURN_TO sat000 - SATELLITE dir396 - DIRECTION dir158 - DIRECTION )
	( !SWITCH_ON inst897 - INSTRUMENT sat000 - SATELLITE )
	( !CALIBRATE sat000 - SATELLITE inst897 - INSTRUMENT dir396 - DIRECTION )
	( !TURN_TO sat000 - SATELLITE dir195 - DIRECTION dir396 - DIRECTION )
	( !TAKE_IMAGE sat000 - SATELLITE dir195 - DIRECTION inst897 - INSTRUMENT mode897 - MODE )
plan length: 17
5.81
/lustre/rli12314/HGNII/ICAPS22_HPLAN_experiments_Satellite/results_with_methods/satellite_curriculum_3_2.pddl
/lustre/rli12314/HGNII/ICAPS22_HPLAN_experiments_Satellite/satellite/problem3-2-htn.pddl
debug: finding plan...

Plan found!
	( !TURN_TO sat000 - SATELLITE dir555 - DIRECTION dir207 - DIRECTION )
	( !SWITCH_ON inst212 - INSTRUMENT sat000 - SATELLITE )
	( !CALIBRATE sat000 - SATELLITE inst212 - INSTRUMENT dir555 - DIRECTION )
	( !TURN_TO sat000 - SATELLITE dir872 - DIRECTION dir555 - DIRECTION )
	( !TAKE_IMAGE sat000 - SATELLITE dir872 - DIRECTION inst212 - INSTRUMENT mode212 - MODE )
	( !SWITCH_OFF inst212 - INSTRUMENT sat000 - SATELLITE )
	( !TURN_TO sat000 - SATELLITE dir555 - DIRECTION dir872 - DIRECTION )
	( !SWITCH_ON inst319 - INSTRUMENT sat000 - SATELLITE )
	( !CALIBRATE sat000 - SATELLITE inst319 - INSTRUMENT dir555 - DIRECTION )
	( !TURN_TO sat000 - SATELLITE dir661 - DIRECTION dir555 - DIRECTION )
	( !TAKE_IMAGE sat000 - SATELLITE dir661 - DIRECTION inst319 - INSTRUMENT mode319 - MODE )
	( !SWITCH_OFF inst319 - INSTRUMENT sat000 - SATELLITE )
	( !TURN_TO sat000 - SATELLITE dir555 - DIRECTION dir661 - DIRECTION )
	( !SWITCH_ON inst717 - INSTRUMENT sat000 - SATELLITE )
	( !CALIBRATE sat000 - SATELLITE inst717 - INSTRUMENT dir555 - DIRECTION )
	( !TURN_TO sat000 - SATELLITE dir29 - DIRECTION dir555 - DIRECTION )
	( !TAKE_IMAGE sat000 - SATELLITE dir29 - DIRECTION inst717 - INSTRUMENT mode717 - MODE )
plan length: 17
5.035
/lustre/rli12314/HGNII/ICAPS22_HPLAN_experiments_Satellite/results_with_methods/satellite_curriculum_3_3.pddl
/lustre/rli12314/HGNII/ICAPS22_HPLAN_experiments_Satellite/satellite/problem3-3-htn.pddl
debug: finding plan...

Plan found!
	( !TURN_TO sat000 - SATELLITE dir844 - DIRECTION dir553 - DIRECTION )
	( !SWITCH_ON inst768 - INSTRUMENT sat000 - SATELLITE )
	( !CALIBRATE sat000 - SATELLITE inst768 - INSTRUMENT dir844 - DIRECTION )
	( !TURN_TO sat000 - SATELLITE dir301 - DIRECTION dir844 - DIRECTION )
	( !TAKE_IMAGE sat000 - SATELLITE dir301 - DIRECTION inst768 - INSTRUMENT mode768 - MODE )
	( !SWITCH_OFF inst768 - INSTRUMENT sat000 - SATELLITE )
	( !TURN_TO sat000 - SATELLITE dir844 - DIRECTION dir301 - DIRECTION )
	( !SWITCH_ON inst583 - INSTRUMENT sat000 - SATELLITE )
	( !CALIBRATE sat000 - SATELLITE inst583 - INSTRUMENT dir844 - DIRECTION )
	( !TURN_TO sat000 - SATELLITE dir742 - DIRECTION dir844 - DIRECTION )
	( !TAKE_IMAGE sat000 - SATELLITE dir742 - DIRECTION inst583 - INSTRUMENT mode583 - MODE )
	( !SWITCH_OFF inst583 - INSTRUMENT sat000 - SATELLITE )
	( !TURN_TO sat000 - SATELLITE dir844 - DIRECTION dir742 - DIRECTION )
	( !SWITCH_ON inst594 - INSTRUMENT sat000 - SATELLITE )
	( !CALIBRATE sat000 - SATELLITE inst594 - INSTRUMENT dir844 - DIRECTION )
	( !TURN_TO sat000 - SATELLITE dir712 - DIRECTION dir844 - DIRECTION )
	( !TAKE_IMAGE sat000 - SATELLITE dir712 - DIRECTION inst594 - INSTRUMENT mode594 - MODE )
plan length: 17
5.411
/lustre/rli12314/HGNII/ICAPS22_HPLAN_experiments_Satellite/results_with_methods/satellite_curriculum_3_4.pddl
/lustre/rli12314/HGNII/ICAPS22_HPLAN_experiments_Satellite/satellite/problem3-4-htn.pddl
debug: finding plan...

Plan found!
	( !TURN_TO sat000 - SATELLITE dir249 - DIRECTION dir803 - DIRECTION )
	( !SWITCH_ON inst295 - INSTRUMENT sat000 - SATELLITE )
	( !CALIBRATE sat000 - SATELLITE inst295 - INSTRUMENT dir249 - DIRECTION )
	( !TURN_TO sat000 - SATELLITE dir730 - DIRECTION dir249 - DIRECTION )
	( !TAKE_IMAGE sat000 - SATELLITE dir730 - DIRECTION inst295 - INSTRUMENT mode295 - MODE )
	( !SWITCH_OFF inst295 - INSTRUMENT sat000 - SATELLITE )
	( !TURN_TO sat000 - SATELLITE dir249 - DIRECTION dir730 - DIRECTION )
	( !SWITCH_ON inst829 - INSTRUMENT sat000 - SATELLITE )
	( !CALIBRATE sat000 - SATELLITE inst829 - INSTRUMENT dir249 - DIRECTION )
	( !TURN_TO sat000 - SATELLITE dir378 - DIRECTION dir249 - DIRECTION )
	( !TAKE_IMAGE sat000 - SATELLITE dir378 - DIRECTION inst829 - INSTRUMENT mode829 - MODE )
	( !SWITCH_OFF inst829 - INSTRUMENT sat000 - SATELLITE )
	( !TURN_TO sat000 - SATELLITE dir249 - DIRECTION dir378 - DIRECTION )
	( !SWITCH_ON inst624 - INSTRUMENT sat000 - SATELLITE )
	( !CALIBRATE sat000 - SATELLITE inst624 - INSTRUMENT dir249 - DIRECTION )
	( !TURN_TO sat000 - SATELLITE dir810 - DIRECTION dir249 - DIRECTION )
	( !TAKE_IMAGE sat000 - SATELLITE dir810 - DIRECTION inst624 - INSTRUMENT mode624 - MODE )
plan length: 17
5.025
/lustre/rli12314/HGNII/ICAPS22_HPLAN_experiments_Satellite/results_with_methods/satellite_curriculum_4_0.pddl
/lustre/rli12314/HGNII/ICAPS22_HPLAN_experiments_Satellite/satellite/problem4-0-htn.pddl
debug: finding plan...

Plan found!
	( !TURN_TO sat000 - SATELLITE dir641 - DIRECTION dir974 - DIRECTION )
	( !SWITCH_ON inst576 - INSTRUMENT sat000 - SATELLITE )
	( !CALIBRATE sat000 - SATELLITE inst576 - INSTRUMENT dir641 - DIRECTION )
	( !TURN_TO sat000 - SATELLITE dir899 - DIRECTION dir641 - DIRECTION )
	( !TAKE_IMAGE sat000 - SATELLITE dir899 - DIRECTION inst576 - INSTRUMENT mode576 - MODE )
	( !SWITCH_OFF inst576 - INSTRUMENT sat000 - SATELLITE )
	( !TURN_TO sat000 - SATELLITE dir641 - DIRECTION dir899 - DIRECTION )
	( !SWITCH_ON inst95 - INSTRUMENT sat000 - SATELLITE )
	( !CALIBRATE sat000 - SATELLITE inst95 - INSTRUMENT dir641 - DIRECTION )
	( !TURN_TO sat000 - SATELLITE dir592 - DIRECTION dir641 - DIRECTION )
	( !TAKE_IMAGE sat000 - SATELLITE dir592 - DIRECTION inst95 - INSTRUMENT mode95 - MODE )
	( !SWITCH_OFF inst95 - INSTRUMENT sat000 - SATELLITE )
	( !TURN_TO sat000 - SATELLITE dir641 - DIRECTION dir592 - DIRECTION )
	( !SWITCH_ON inst96 - INSTRUMENT sat000 - SATELLITE )
	( !CALIBRATE sat000 - SATELLITE inst96 - INSTRUMENT dir641 - DIRECTION )
	( !TURN_TO sat000 - SATELLITE dir793 - DIRECTION dir641 - DIRECTION )
	( !TAKE_IMAGE sat000 - SATELLITE dir793 - DIRECTION inst96 - INSTRUMENT mode96 - MODE )
	( !SWITCH_OFF inst96 - INSTRUMENT sat000 - SATELLITE )
	( !TURN_TO sat000 - SATELLITE dir641 - DIRECTION dir793 - DIRECTION )
	( !SWITCH_ON inst364 - INSTRUMENT sat000 - SATELLITE )
	( !CALIBRATE sat000 - SATELLITE inst364 - INSTRUMENT dir641 - DIRECTION )
	( !TURN_TO sat000 - SATELLITE dir690 - DIRECTION dir641 - DIRECTION )
	( !TAKE_IMAGE sat000 - SATELLITE dir690 - DIRECTION inst364 - INSTRUMENT mode364 - MODE )
plan length: 23
18.428
/lustre/rli12314/HGNII/ICAPS22_HPLAN_experiments_Satellite/results_with_methods/satellite_curriculum_4_1.pddl
/lustre/rli12314/HGNII/ICAPS22_HPLAN_experiments_Satellite/satellite/problem4-1-htn.pddl
debug: finding plan...

Plan found!
	( !TURN_TO sat000 - SATELLITE dir43 - DIRECTION dir258 - DIRECTION )
	( !SWITCH_ON inst252 - INSTRUMENT sat000 - SATELLITE )
	( !CALIBRATE sat000 - SATELLITE inst252 - INSTRUMENT dir43 - DIRECTION )
	( !TURN_TO sat000 - SATELLITE dir562 - DIRECTION dir43 - DIRECTION )
	( !TAKE_IMAGE sat000 - SATELLITE dir562 - DIRECTION inst252 - INSTRUMENT mode252 - MODE )
	( !SWITCH_OFF inst252 - INSTRUMENT sat000 - SATELLITE )
	( !TURN_TO sat000 - SATELLITE dir43 - DIRECTION dir562 - DIRECTION )
	( !SWITCH_ON inst581 - INSTRUMENT sat000 - SATELLITE )
	( !CALIBRATE sat000 - SATELLITE inst581 - INSTRUMENT dir43 - DIRECTION )
	( !TURN_TO sat000 - SATELLITE dir896 - DIRECTION dir43 - DIRECTION )
	( !TAKE_IMAGE sat000 - SATELLITE dir896 - DIRECTION inst581 - INSTRUMENT mode581 - MODE )
	( !SWITCH_OFF inst581 - INSTRUMENT sat000 - SATELLITE )
	( !TURN_TO sat000 - SATELLITE dir43 - DIRECTION dir896 - DIRECTION )
	( !SWITCH_ON inst729 - INSTRUMENT sat000 - SATELLITE )
	( !CALIBRATE sat000 - SATELLITE inst729 - INSTRUMENT dir43 - DIRECTION )
	( !TURN_TO sat000 - SATELLITE dir18 - DIRECTION dir43 - DIRECTION )
	( !TAKE_IMAGE sat000 - SATELLITE dir18 - DIRECTION inst729 - INSTRUMENT mode729 - MODE )
	( !SWITCH_OFF inst729 - INSTRUMENT sat000 - SATELLITE )
	( !TURN_TO sat000 - SATELLITE dir43 - DIRECTION dir18 - DIRECTION )
	( !SWITCH_ON inst755 - INSTRUMENT sat000 - SATELLITE )
	( !CALIBRATE sat000 - SATELLITE inst755 - INSTRUMENT dir43 - DIRECTION )
	( !TURN_TO sat000 - SATELLITE dir627 - DIRECTION dir43 - DIRECTION )
	( !TAKE_IMAGE sat000 - SATELLITE dir627 - DIRECTION inst755 - INSTRUMENT mode755 - MODE )
plan length: 23
16.747
/lustre/rli12314/HGNII/ICAPS22_HPLAN_experiments_Satellite/results_with_methods/satellite_curriculum_4_2.pddl
/lustre/rli12314/HGNII/ICAPS22_HPLAN_experiments_Satellite/satellite/problem4-2-htn.pddl
debug: finding plan...

Plan found!
	( !TURN_TO sat000 - SATELLITE dir45 - DIRECTION dir353 - DIRECTION )
	( !SWITCH_ON inst234 - INSTRUMENT sat000 - SATELLITE )
	( !CALIBRATE sat000 - SATELLITE inst234 - INSTRUMENT dir45 - DIRECTION )
	( !TURN_TO sat000 - SATELLITE dir541 - DIRECTION dir45 - DIRECTION )
	( !TAKE_IMAGE sat000 - SATELLITE dir541 - DIRECTION inst234 - INSTRUMENT mode234 - MODE )
	( !SWITCH_OFF inst234 - INSTRUMENT sat000 - SATELLITE )
	( !TURN_TO sat000 - SATELLITE dir45 - DIRECTION dir541 - DIRECTION )
	( !SWITCH_ON inst948 - INSTRUMENT sat000 - SATELLITE )
	( !CALIBRATE sat000 - SATELLITE inst948 - INSTRUMENT dir45 - DIRECTION )
	( !TURN_TO sat000 - SATELLITE dir395 - DIRECTION dir45 - DIRECTION )
	( !TAKE_IMAGE sat000 - SATELLITE dir395 - DIRECTION inst948 - INSTRUMENT mode948 - MODE )
	( !SWITCH_OFF inst948 - INSTRUMENT sat000 - SATELLITE )
	( !TURN_TO sat000 - SATELLITE dir45 - DIRECTION dir395 - DIRECTION )
	( !SWITCH_ON inst469 - INSTRUMENT sat000 - SATELLITE )
	( !CALIBRATE sat000 - SATELLITE inst469 - INSTRUMENT dir45 - DIRECTION )
	( !TURN_TO sat000 - SATELLITE dir97 - DIRECTION dir45 - DIRECTION )
	( !TAKE_IMAGE sat000 - SATELLITE dir97 - DIRECTION inst469 - INSTRUMENT mode469 - MODE )
	( !SWITCH_OFF inst469 - INSTRUMENT sat000 - SATELLITE )
	( !TURN_TO sat000 - SATELLITE dir45 - DIRECTION dir97 - DIRECTION )
	( !SWITCH_ON inst291 - INSTRUMENT sat000 - SATELLITE )
	( !CALIBRATE sat000 - SATELLITE inst291 - INSTRUMENT dir45 - DIRECTION )
	( !TURN_TO sat000 - SATELLITE dir63 - DIRECTION dir45 - DIRECTION )
	( !TAKE_IMAGE sat000 - SATELLITE dir63 - DIRECTION inst291 - INSTRUMENT mode291 - MODE )
plan length: 23
29.627
/lustre/rli12314/HGNII/ICAPS22_HPLAN_experiments_Satellite/results_with_methods/satellite_curriculum_4_3.pddl
/lustre/rli12314/HGNII/ICAPS22_HPLAN_experiments_Satellite/satellite/problem4-3-htn.pddl
debug: finding plan...

Plan found!
	( !TURN_TO sat000 - SATELLITE dir150 - DIRECTION dir21 - DIRECTION )
	( !SWITCH_ON inst931 - INSTRUMENT sat000 - SATELLITE )
	( !CALIBRATE sat000 - SATELLITE inst931 - INSTRUMENT dir150 - DIRECTION )
	( !TURN_TO sat000 - SATELLITE dir241 - DIRECTION dir150 - DIRECTION )
	( !TAKE_IMAGE sat000 - SATELLITE dir241 - DIRECTION inst931 - INSTRUMENT mode931 - MODE )
	( !SWITCH_OFF inst931 - INSTRUMENT sat000 - SATELLITE )
	( !TURN_TO sat000 - SATELLITE dir150 - DIRECTION dir241 - DIRECTION )
	( !SWITCH_ON inst713 - INSTRUMENT sat000 - SATELLITE )
	( !CALIBRATE sat000 - SATELLITE inst713 - INSTRUMENT dir150 - DIRECTION )
	( !TURN_TO sat000 - SATELLITE dir104 - DIRECTION dir150 - DIRECTION )
	( !TAKE_IMAGE sat000 - SATELLITE dir104 - DIRECTION inst713 - INSTRUMENT mode713 - MODE )
	( !SWITCH_OFF inst713 - INSTRUMENT sat000 - SATELLITE )
	( !TURN_TO sat000 - SATELLITE dir150 - DIRECTION dir104 - DIRECTION )
	( !SWITCH_ON inst33 - INSTRUMENT sat000 - SATELLITE )
	( !CALIBRATE sat000 - SATELLITE inst33 - INSTRUMENT dir150 - DIRECTION )
	( !TURN_TO sat000 - SATELLITE dir651 - DIRECTION dir150 - DIRECTION )
	( !TAKE_IMAGE sat000 - SATELLITE dir651 - DIRECTION inst33 - INSTRUMENT mode33 - MODE )
	( !SWITCH_OFF inst33 - INSTRUMENT sat000 - SATELLITE )
	( !TURN_TO sat000 - SATELLITE dir150 - DIRECTION dir651 - DIRECTION )
	( !SWITCH_ON inst151 - INSTRUMENT sat000 - SATELLITE )
	( !CALIBRATE sat000 - SATELLITE inst151 - INSTRUMENT dir150 - DIRECTION )
	( !TURN_TO sat000 - SATELLITE dir215 - DIRECTION dir150 - DIRECTION )
	( !TAKE_IMAGE sat000 - SATELLITE dir215 - DIRECTION inst151 - INSTRUMENT mode151 - MODE )
plan length: 23
40.177
/lustre/rli12314/HGNII/ICAPS22_HPLAN_experiments_Satellite/results_with_methods/satellite_curriculum_4_4.pddl
/lustre/rli12314/HGNII/ICAPS22_HPLAN_experiments_Satellite/satellite/problem4-4-htn.pddl
debug: finding plan...

Plan found!
	( !TURN_TO sat000 - SATELLITE dir628 - DIRECTION dir56 - DIRECTION )
	( !SWITCH_ON inst384 - INSTRUMENT sat000 - SATELLITE )
	( !CALIBRATE sat000 - SATELLITE inst384 - INSTRUMENT dir628 - DIRECTION )
	( !TURN_TO sat000 - SATELLITE dir353 - DIRECTION dir628 - DIRECTION )
	( !TAKE_IMAGE sat000 - SATELLITE dir353 - DIRECTION inst384 - INSTRUMENT mode384 - MODE )
	( !SWITCH_OFF inst384 - INSTRUMENT sat000 - SATELLITE )
	( !TURN_TO sat000 - SATELLITE dir628 - DIRECTION dir353 - DIRECTION )
	( !SWITCH_ON inst410 - INSTRUMENT sat000 - SATELLITE )
	( !CALIBRATE sat000 - SATELLITE inst410 - INSTRUMENT dir628 - DIRECTION )
	( !TURN_TO sat000 - SATELLITE dir51 - DIRECTION dir628 - DIRECTION )
	( !TAKE_IMAGE sat000 - SATELLITE dir51 - DIRECTION inst410 - INSTRUMENT mode410 - MODE )
	( !SWITCH_OFF inst410 - INSTRUMENT sat000 - SATELLITE )
	( !TURN_TO sat000 - SATELLITE dir628 - DIRECTION dir51 - DIRECTION )
	( !SWITCH_ON inst538 - INSTRUMENT sat000 - SATELLITE )
	( !CALIBRATE sat000 - SATELLITE inst538 - INSTRUMENT dir628 - DIRECTION )
	( !TURN_TO sat000 - SATELLITE dir342 - DIRECTION dir628 - DIRECTION )
	( !TAKE_IMAGE sat000 - SATELLITE dir342 - DIRECTION inst538 - INSTRUMENT mode538 - MODE )
	( !SWITCH_OFF inst538 - INSTRUMENT sat000 - SATELLITE )
	( !TURN_TO sat000 - SATELLITE dir628 - DIRECTION dir342 - DIRECTION )
	( !SWITCH_ON inst336 - INSTRUMENT sat000 - SATELLITE )
	( !CALIBRATE sat000 - SATELLITE inst336 - INSTRUMENT dir628 - DIRECTION )
	( !TURN_TO sat000 - SATELLITE dir487 - DIRECTION dir628 - DIRECTION )
	( !TAKE_IMAGE sat000 - SATELLITE dir487 - DIRECTION inst336 - INSTRUMENT mode336 - MODE )
plan length: 23
15.474
/lustre/rli12314/HGNII/ICAPS22_HPLAN_experiments_Satellite/results_with_methods/satellite_curriculum_5_0.pddl
/lustre/rli12314/HGNII/ICAPS22_HPLAN_experiments_Satellite/satellite/problem5-0-htn.pddl
debug: finding plan...

Plan found!
	( !TURN_TO sat000 - SATELLITE dir443 - DIRECTION dir316 - DIRECTION )
	( !SWITCH_ON inst832 - INSTRUMENT sat000 - SATELLITE )
	( !CALIBRATE sat000 - SATELLITE inst832 - INSTRUMENT dir443 - DIRECTION )
	( !TURN_TO sat000 - SATELLITE dir314 - DIRECTION dir443 - DIRECTION )
	( !TAKE_IMAGE sat000 - SATELLITE dir314 - DIRECTION inst832 - INSTRUMENT mode832 - MODE )
	( !SWITCH_OFF inst832 - INSTRUMENT sat000 - SATELLITE )
	( !TURN_TO sat000 - SATELLITE dir443 - DIRECTION dir314 - DIRECTION )
	( !SWITCH_ON inst99 - INSTRUMENT sat000 - SATELLITE )
	( !CALIBRATE sat000 - SATELLITE inst99 - INSTRUMENT dir443 - DIRECTION )
	( !TURN_TO sat000 - SATELLITE dir561 - DIRECTION dir443 - DIRECTION )
	( !TAKE_IMAGE sat000 - SATELLITE dir561 - DIRECTION inst99 - INSTRUMENT mode99 - MODE )
	( !SWITCH_OFF inst99 - INSTRUMENT sat000 - SATELLITE )
	( !TURN_TO sat000 - SATELLITE dir443 - DIRECTION dir561 - DIRECTION )
	( !SWITCH_ON inst404 - INSTRUMENT sat000 - SATELLITE )
	( !CALIBRATE sat000 - SATELLITE inst404 - INSTRUMENT dir443 - DIRECTION )
	( !TURN_TO sat000 - SATELLITE dir547 - DIRECTION dir443 - DIRECTION )
	( !TAKE_IMAGE sat000 - SATELLITE dir547 - DIRECTION inst404 - INSTRUMENT mode404 - MODE )
	( !SWITCH_OFF inst404 - INSTRUMENT sat000 - SATELLITE )
	( !TURN_TO sat000 - SATELLITE dir443 - DIRECTION dir547 - DIRECTION )
	( !SWITCH_ON inst781 - INSTRUMENT sat000 - SATELLITE )
	( !CALIBRATE sat000 - SATELLITE inst781 - INSTRUMENT dir443 - DIRECTION )
	( !TURN_TO sat000 - SATELLITE dir480 - DIRECTION dir443 - DIRECTION )
	( !TAKE_IMAGE sat000 - SATELLITE dir480 - DIRECTION inst781 - INSTRUMENT mode781 - MODE )
	( !SWITCH_OFF inst781 - INSTRUMENT sat000 - SATELLITE )
	( !TURN_TO sat000 - SATELLITE dir443 - DIRECTION dir480 - DIRECTION )
	( !SWITCH_ON inst233 - INSTRUMENT sat000 - SATELLITE )
	( !CALIBRATE sat000 - SATELLITE inst233 - INSTRUMENT dir443 - DIRECTION )
	( !TURN_TO sat000 - SATELLITE dir9 - DIRECTION dir443 - DIRECTION )
	( !TAKE_IMAGE sat000 - SATELLITE dir9 - DIRECTION inst233 - INSTRUMENT mode233 - MODE )
plan length: 29
120.77
/lustre/rli12314/HGNII/ICAPS22_HPLAN_experiments_Satellite/results_with_methods/satellite_curriculum_5_1.pddl
/lustre/rli12314/HGNII/ICAPS22_HPLAN_experiments_Satellite/satellite/problem5-1-htn.pddl
debug: finding plan...

Plan found!
	( !TURN_TO sat000 - SATELLITE dir799 - DIRECTION dir350 - DIRECTION )
	( !SWITCH_ON inst104 - INSTRUMENT sat000 - SATELLITE )
	( !CALIBRATE sat000 - SATELLITE inst104 - INSTRUMENT dir799 - DIRECTION )
	( !TURN_TO sat000 - SATELLITE dir729 - DIRECTION dir799 - DIRECTION )
	( !TAKE_IMAGE sat000 - SATELLITE dir729 - DIRECTION inst104 - INSTRUMENT mode104 - MODE )
	( !SWITCH_OFF inst104 - INSTRUMENT sat000 - SATELLITE )
	( !TURN_TO sat000 - SATELLITE dir799 - DIRECTION dir729 - DIRECTION )
	( !SWITCH_ON inst780 - INSTRUMENT sat000 - SATELLITE )
	( !CALIBRATE sat000 - SATELLITE inst780 - INSTRUMENT dir799 - DIRECTION )
	( !TURN_TO sat000 - SATELLITE dir952 - DIRECTION dir799 - DIRECTION )
	( !TAKE_IMAGE sat000 - SATELLITE dir952 - DIRECTION inst780 - INSTRUMENT mode780 - MODE )
	( !SWITCH_OFF inst780 - INSTRUMENT sat000 - SATELLITE )
	( !TURN_TO sat000 - SATELLITE dir799 - DIRECTION dir952 - DIRECTION )
	( !SWITCH_ON inst532 - INSTRUMENT sat000 - SATELLITE )
	( !CALIBRATE sat000 - SATELLITE inst532 - INSTRUMENT dir799 - DIRECTION )
	( !TURN_TO sat000 - SATELLITE dir892 - DIRECTION dir799 - DIRECTION )
	( !TAKE_IMAGE sat000 - SATELLITE dir892 - DIRECTION inst532 - INSTRUMENT mode532 - MODE )
	( !SWITCH_OFF inst532 - INSTRUMENT sat000 - SATELLITE )
	( !TURN_TO sat000 - SATELLITE dir799 - DIRECTION dir892 - DIRECTION )
	( !SWITCH_ON inst719 - INSTRUMENT sat000 - SATELLITE )
	( !CALIBRATE sat000 - SATELLITE inst719 - INSTRUMENT dir799 - DIRECTION )
	( !TURN_TO sat000 - SATELLITE dir834 - DIRECTION dir799 - DIRECTION )
	( !TAKE_IMAGE sat000 - SATELLITE dir834 - DIRECTION inst719 - INSTRUMENT mode719 - MODE )
	( !SWITCH_OFF inst719 - INSTRUMENT sat000 - SATELLITE )
	( !TURN_TO sat000 - SATELLITE dir799 - DIRECTION dir834 - DIRECTION )
	( !SWITCH_ON inst713 - INSTRUMENT sat000 - SATELLITE )
	( !CALIBRATE sat000 - SATELLITE inst713 - INSTRUMENT dir799 - DIRECTION )
	( !TURN_TO sat000 - SATELLITE dir927 - DIRECTION dir799 - DIRECTION )
	( !TAKE_IMAGE sat000 - SATELLITE dir927 - DIRECTION inst713 - INSTRUMENT mode713 - MODE )
plan length: 29
118.234
/lustre/rli12314/HGNII/ICAPS22_HPLAN_experiments_Satellite/results_with_methods/satellite_curriculum_5_2.pddl
/lustre/rli12314/HGNII/ICAPS22_HPLAN_experiments_Satellite/satellite/problem5-2-htn.pddl
debug: finding plan...

Plan found!
	( !TURN_TO sat000 - SATELLITE dir101 - DIRECTION dir26 - DIRECTION )
	( !SWITCH_ON inst414 - INSTRUMENT sat000 - SATELLITE )
	( !CALIBRATE sat000 - SATELLITE inst414 - INSTRUMENT dir101 - DIRECTION )
	( !TURN_TO sat000 - SATELLITE dir685 - DIRECTION dir101 - DIRECTION )
	( !TAKE_IMAGE sat000 - SATELLITE dir685 - DIRECTION inst414 - INSTRUMENT mode414 - MODE )
	( !SWITCH_OFF inst414 - INSTRUMENT sat000 - SATELLITE )
	( !TURN_TO sat000 - SATELLITE dir101 - DIRECTION dir685 - DIRECTION )
	( !SWITCH_ON inst928 - INSTRUMENT sat000 - SATELLITE )
	( !CALIBRATE sat000 - SATELLITE inst928 - INSTRUMENT dir101 - DIRECTION )
	( !TURN_TO sat000 - SATELLITE dir673 - DIRECTION dir101 - DIRECTION )
	( !TAKE_IMAGE sat000 - SATELLITE dir673 - DIRECTION inst928 - INSTRUMENT mode928 - MODE )
	( !SWITCH_OFF inst928 - INSTRUMENT sat000 - SATELLITE )
	( !TURN_TO sat000 - SATELLITE dir101 - DIRECTION dir673 - DIRECTION )
	( !SWITCH_ON inst830 - INSTRUMENT sat000 - SATELLITE )
	( !CALIBRATE sat000 - SATELLITE inst830 - INSTRUMENT dir101 - DIRECTION )
	( !TURN_TO sat000 - SATELLITE dir433 - DIRECTION dir101 - DIRECTION )
	( !TAKE_IMAGE sat000 - SATELLITE dir433 - DIRECTION inst830 - INSTRUMENT mode830 - MODE )
	( !SWITCH_OFF inst830 - INSTRUMENT sat000 - SATELLITE )
	( !TURN_TO sat000 - SATELLITE dir101 - DIRECTION dir433 - DIRECTION )
	( !SWITCH_ON inst526 - INSTRUMENT sat000 - SATELLITE )
	( !CALIBRATE sat000 - SATELLITE inst526 - INSTRUMENT dir101 - DIRECTION )
	( !TURN_TO sat000 - SATELLITE dir33 - DIRECTION dir101 - DIRECTION )
	( !TAKE_IMAGE sat000 - SATELLITE dir33 - DIRECTION inst526 - INSTRUMENT mode526 - MODE )
	( !SWITCH_OFF inst526 - INSTRUMENT sat000 - SATELLITE )
	( !TURN_TO sat000 - SATELLITE dir101 - DIRECTION dir33 - DIRECTION )
	( !SWITCH_ON inst860 - INSTRUMENT sat000 - SATELLITE )
	( !CALIBRATE sat000 - SATELLITE inst860 - INSTRUMENT dir101 - DIRECTION )
	( !TURN_TO sat000 - SATELLITE dir758 - DIRECTION dir101 - DIRECTION )
	( !TAKE_IMAGE sat000 - SATELLITE dir758 - DIRECTION inst860 - INSTRUMENT mode860 - MODE )
plan length: 29
328.247
/lustre/rli12314/HGNII/ICAPS22_HPLAN_experiments_Satellite/results_with_methods/satellite_curriculum_5_3.pddl
/lustre/rli12314/HGNII/ICAPS22_HPLAN_experiments_Satellite/satellite/problem5-3-htn.pddl
debug: finding plan...

Plan found!
	( !TURN_TO sat000 - SATELLITE dir923 - DIRECTION dir980 - DIRECTION )
	( !SWITCH_ON inst785 - INSTRUMENT sat000 - SATELLITE )
	( !CALIBRATE sat000 - SATELLITE inst785 - INSTRUMENT dir923 - DIRECTION )
	( !TURN_TO sat000 - SATELLITE dir358 - DIRECTION dir923 - DIRECTION )
	( !TAKE_IMAGE sat000 - SATELLITE dir358 - DIRECTION inst785 - INSTRUMENT mode785 - MODE )
	( !SWITCH_OFF inst785 - INSTRUMENT sat000 - SATELLITE )
	( !TURN_TO sat000 - SATELLITE dir923 - DIRECTION dir358 - DIRECTION )
	( !SWITCH_ON inst577 - INSTRUMENT sat000 - SATELLITE )
	( !CALIBRATE sat000 - SATELLITE inst577 - INSTRUMENT dir923 - DIRECTION )
	( !TURN_TO sat000 - SATELLITE dir54 - DIRECTION dir923 - DIRECTION )
	( !TAKE_IMAGE sat000 - SATELLITE dir54 - DIRECTION inst577 - INSTRUMENT mode577 - MODE )
	( !SWITCH_OFF inst577 - INSTRUMENT sat000 - SATELLITE )
	( !TURN_TO sat000 - SATELLITE dir923 - DIRECTION dir54 - DIRECTION )
	( !SWITCH_ON inst956 - INSTRUMENT sat000 - SATELLITE )
	( !CALIBRATE sat000 - SATELLITE inst956 - INSTRUMENT dir923 - DIRECTION )
	( !TURN_TO sat000 - SATELLITE dir311 - DIRECTION dir923 - DIRECTION )
	( !TAKE_IMAGE sat000 - SATELLITE dir311 - DIRECTION inst956 - INSTRUMENT mode956 - MODE )
	( !SWITCH_OFF inst956 - INSTRUMENT sat000 - SATELLITE )
	( !TURN_TO sat000 - SATELLITE dir923 - DIRECTION dir311 - DIRECTION )
	( !SWITCH_ON inst297 - INSTRUMENT sat000 - SATELLITE )
	( !CALIBRATE sat000 - SATELLITE inst297 - INSTRUMENT dir923 - DIRECTION )
	( !TURN_TO sat000 - SATELLITE dir837 - DIRECTION dir923 - DIRECTION )
	( !TAKE_IMAGE sat000 - SATELLITE dir837 - DIRECTION inst297 - INSTRUMENT mode297 - MODE )
	( !SWITCH_OFF inst297 - INSTRUMENT sat000 - SATELLITE )
	( !TURN_TO sat000 - SATELLITE dir923 - DIRECTION dir837 - DIRECTION )
	( !SWITCH_ON inst367 - INSTRUMENT sat000 - SATELLITE )
	( !CALIBRATE sat000 - SATELLITE inst367 - INSTRUMENT dir923 - DIRECTION )
	( !TURN_TO sat000 - SATELLITE dir715 - DIRECTION dir923 - DIRECTION )
	( !TAKE_IMAGE sat000 - SATELLITE dir715 - DIRECTION inst367 - INSTRUMENT mode367 - MODE )
plan length: 29
95.317
/lustre/rli12314/HGNII/ICAPS22_HPLAN_experiments_Satellite/results_with_methods/satellite_curriculum_5_4.pddl
/lustre/rli12314/HGNII/ICAPS22_HPLAN_experiments_Satellite/satellite/problem5-4-htn.pddl
debug: finding plan...

Plan found!
	( !TURN_TO sat000 - SATELLITE dir429 - DIRECTION dir611 - DIRECTION )
	( !SWITCH_ON inst251 - INSTRUMENT sat000 - SATELLITE )
	( !CALIBRATE sat000 - SATELLITE inst251 - INSTRUMENT dir429 - DIRECTION )
	( !TURN_TO sat000 - SATELLITE dir97 - DIRECTION dir429 - DIRECTION )
	( !TAKE_IMAGE sat000 - SATELLITE dir97 - DIRECTION inst251 - INSTRUMENT mode251 - MODE )
	( !SWITCH_OFF inst251 - INSTRUMENT sat000 - SATELLITE )
	( !TURN_TO sat000 - SATELLITE dir429 - DIRECTION dir97 - DIRECTION )
	( !SWITCH_ON inst457 - INSTRUMENT sat000 - SATELLITE )
	( !CALIBRATE sat000 - SATELLITE inst457 - INSTRUMENT dir429 - DIRECTION )
	( !TURN_TO sat000 - SATELLITE dir534 - DIRECTION dir429 - DIRECTION )
	( !TAKE_IMAGE sat000 - SATELLITE dir534 - DIRECTION inst457 - INSTRUMENT mode457 - MODE )
	( !SWITCH_OFF inst457 - INSTRUMENT sat000 - SATELLITE )
	( !TURN_TO sat000 - SATELLITE dir429 - DIRECTION dir534 - DIRECTION )
	( !SWITCH_ON inst413 - INSTRUMENT sat000 - SATELLITE )
	( !CALIBRATE sat000 - SATELLITE inst413 - INSTRUMENT dir429 - DIRECTION )
	( !TURN_TO sat000 - SATELLITE dir565 - DIRECTION dir429 - DIRECTION )
	( !TAKE_IMAGE sat000 - SATELLITE dir565 - DIRECTION inst413 - INSTRUMENT mode413 - MODE )
	( !SWITCH_OFF inst413 - INSTRUMENT sat000 - SATELLITE )
	( !TURN_TO sat000 - SATELLITE dir429 - DIRECTION dir565 - DIRECTION )
	( !SWITCH_ON inst723 - INSTRUMENT sat000 - SATELLITE )
	( !CALIBRATE sat000 - SATELLITE inst723 - INSTRUMENT dir429 - DIRECTION )
	( !TURN_TO sat000 - SATELLITE dir393 - DIRECTION dir429 - DIRECTION )
	( !TAKE_IMAGE sat000 - SATELLITE dir393 - DIRECTION inst723 - INSTRUMENT mode723 - MODE )
	( !SWITCH_OFF inst723 - INSTRUMENT sat000 - SATELLITE )
	( !TURN_TO sat000 - SATELLITE dir429 - DIRECTION dir393 - DIRECTION )
	( !SWITCH_ON inst409 - INSTRUMENT sat000 - SATELLITE )
	( !CALIBRATE sat000 - SATELLITE inst409 - INSTRUMENT dir429 - DIRECTION )
	( !TURN_TO sat000 - SATELLITE dir45 - DIRECTION dir429 - DIRECTION )
	( !TAKE_IMAGE sat000 - SATELLITE dir45 - DIRECTION inst409 - INSTRUMENT mode409 - MODE )
plan length: 29
105.792
/lustre/rli12314/HGNII/ICAPS22_HPLAN_experiments_Satellite/results_with_methods/satellite_curriculum_6_0.pddl
/lustre/rli12314/HGNII/ICAPS22_HPLAN_experiments_Satellite/satellite/problem6-0-htn.pddl
debug: finding plan...

Plan found!
	( !TURN_TO sat000 - SATELLITE dir69 - DIRECTION dir372 - DIRECTION )
	( !SWITCH_ON inst770 - INSTRUMENT sat000 - SATELLITE )
	( !CALIBRATE sat000 - SATELLITE inst770 - INSTRUMENT dir69 - DIRECTION )
	( !TURN_TO sat000 - SATELLITE dir56 - DIRECTION dir69 - DIRECTION )
	( !TAKE_IMAGE sat000 - SATELLITE dir56 - DIRECTION inst770 - INSTRUMENT mode770 - MODE )
	( !SWITCH_OFF inst770 - INSTRUMENT sat000 - SATELLITE )
	( !TURN_TO sat000 - SATELLITE dir69 - DIRECTION dir56 - DIRECTION )
	( !SWITCH_ON inst370 - INSTRUMENT sat000 - SATELLITE )
	( !CALIBRATE sat000 - SATELLITE inst370 - INSTRUMENT dir69 - DIRECTION )
	( !TURN_TO sat000 - SATELLITE dir474 - DIRECTION dir69 - DIRECTION )
	( !TAKE_IMAGE sat000 - SATELLITE dir474 - DIRECTION inst370 - INSTRUMENT mode370 - MODE )
	( !SWITCH_OFF inst370 - INSTRUMENT sat000 - SATELLITE )
	( !TURN_TO sat000 - SATELLITE dir69 - DIRECTION dir474 - DIRECTION )
	( !SWITCH_ON inst491 - INSTRUMENT sat000 - SATELLITE )
	( !CALIBRATE sat000 - SATELLITE inst491 - INSTRUMENT dir69 - DIRECTION )
	( !TURN_TO sat000 - SATELLITE dir636 - DIRECTION dir69 - DIRECTION )
	( !TAKE_IMAGE sat000 - SATELLITE dir636 - DIRECTION inst491 - INSTRUMENT mode491 - MODE )
	( !SWITCH_OFF inst491 - INSTRUMENT sat000 - SATELLITE )
	( !TURN_TO sat000 - SATELLITE dir69 - DIRECTION dir636 - DIRECTION )
	( !SWITCH_ON inst528 - INSTRUMENT sat000 - SATELLITE )
	( !CALIBRATE sat000 - SATELLITE inst528 - INSTRUMENT dir69 - DIRECTION )
	( !TURN_TO sat000 - SATELLITE dir132 - DIRECTION dir69 - DIRECTION )
	( !TAKE_IMAGE sat000 - SATELLITE dir132 - DIRECTION inst528 - INSTRUMENT mode528 - MODE )
	( !SWITCH_OFF inst528 - INSTRUMENT sat000 - SATELLITE )
	( !TURN_TO sat000 - SATELLITE dir69 - DIRECTION dir132 - DIRECTION )
	( !SWITCH_ON inst780 - INSTRUMENT sat000 - SATELLITE )
	( !CALIBRATE sat000 - SATELLITE inst780 - INSTRUMENT dir69 - DIRECTION )
	( !TURN_TO sat000 - SATELLITE dir713 - DIRECTION dir69 - DIRECTION )
	( !TAKE_IMAGE sat000 - SATELLITE dir713 - DIRECTION inst780 - INSTRUMENT mode780 - MODE )
	( !SWITCH_OFF inst780 - INSTRUMENT sat000 - SATELLITE )
	( !TURN_TO sat000 - SATELLITE dir69 - DIRECTION dir713 - DIRECTION )
	( !SWITCH_ON inst966 - INSTRUMENT sat000 - SATELLITE )
	( !CALIBRATE sat000 - SATELLITE inst966 - INSTRUMENT dir69 - DIRECTION )
	( !TURN_TO sat000 - SATELLITE dir263 - DIRECTION dir69 - DIRECTION )
	( !TAKE_IMAGE sat000 - SATELLITE dir263 - DIRECTION inst966 - INSTRUMENT mode966 - MODE )
plan length: 35
2117.31
/lustre/rli12314/HGNII/ICAPS22_HPLAN_experiments_Satellite/results_with_methods/satellite_curriculum_6_1.pddl
/lustre/rli12314/HGNII/ICAPS22_HPLAN_experiments_Satellite/satellite/problem6-1-htn.pddl
debug: finding plan...

Plan found!
	( !TURN_TO sat000 - SATELLITE dir158 - DIRECTION dir18 - DIRECTION )
	( !SWITCH_ON inst48 - INSTRUMENT sat000 - SATELLITE )
	( !CALIBRATE sat000 - SATELLITE inst48 - INSTRUMENT dir158 - DIRECTION )
	( !TURN_TO sat000 - SATELLITE dir115 - DIRECTION dir158 - DIRECTION )
	( !TAKE_IMAGE sat000 - SATELLITE dir115 - DIRECTION inst48 - INSTRUMENT mode48 - MODE )
	( !SWITCH_OFF inst48 - INSTRUMENT sat000 - SATELLITE )
	( !TURN_TO sat000 - SATELLITE dir158 - DIRECTION dir115 - DIRECTION )
	( !SWITCH_ON inst525 - INSTRUMENT sat000 - SATELLITE )
	( !CALIBRATE sat000 - SATELLITE inst525 - INSTRUMENT dir158 - DIRECTION )
	( !TURN_TO sat000 - SATELLITE dir233 - DIRECTION dir158 - DIRECTION )
	( !TAKE_IMAGE sat000 - SATELLITE dir233 - DIRECTION inst525 - INSTRUMENT mode525 - MODE )
	( !SWITCH_OFF inst525 - INSTRUMENT sat000 - SATELLITE )
	( !TURN_TO sat000 - SATELLITE dir158 - DIRECTION dir233 - DIRECTION )
	( !SWITCH_ON inst859 - INSTRUMENT sat000 - SATELLITE )
	( !CALIBRATE sat000 - SATELLITE inst859 - INSTRUMENT dir158 - DIRECTION )
	( !TURN_TO sat000 - SATELLITE dir167 - DIRECTION dir158 - DIRECTION )
	( !TAKE_IMAGE sat000 - SATELLITE dir167 - DIRECTION inst859 - INSTRUMENT mode859 - MODE )
	( !SWITCH_OFF inst859 - INSTRUMENT sat000 - SATELLITE )
	( !TURN_TO sat000 - SATELLITE dir158 - DIRECTION dir167 - DIRECTION )
	( !SWITCH_ON inst325 - INSTRUMENT sat000 - SATELLITE )
	( !CALIBRATE sat000 - SATELLITE inst325 - INSTRUMENT dir158 - DIRECTION )
	( !TURN_TO sat000 - SATELLITE dir371 - DIRECTION dir158 - DIRECTION )
	( !TAKE_IMAGE sat000 - SATELLITE dir371 - DIRECTION inst325 - INSTRUMENT mode325 - MODE )
	( !SWITCH_OFF inst325 - INSTRUMENT sat000 - SATELLITE )
	( !TURN_TO sat000 - SATELLITE dir158 - DIRECTION dir371 - DIRECTION )
	( !SWITCH_ON inst348 - INSTRUMENT sat000 - SATELLITE )
	( !CALIBRATE sat000 - SATELLITE inst348 - INSTRUMENT dir158 - DIRECTION )
	( !TURN_TO sat000 - SATELLITE dir3 - DIRECTION dir158 - DIRECTION )
	( !TAKE_IMAGE sat000 - SATELLITE dir3 - DIRECTION inst348 - INSTRUMENT mode348 - MODE )
	( !SWITCH_OFF inst348 - INSTRUMENT sat000 - SATELLITE )
	( !TURN_TO sat000 - SATELLITE dir158 - DIRECTION dir3 - DIRECTION )
	( !SWITCH_ON inst111 - INSTRUMENT sat000 - SATELLITE )
	( !CALIBRATE sat000 - SATELLITE inst111 - INSTRUMENT dir158 - DIRECTION )
	( !TURN_TO sat000 - SATELLITE dir472 - DIRECTION dir158 - DIRECTION )
	( !TAKE_IMAGE sat000 - SATELLITE dir472 - DIRECTION inst111 - INSTRUMENT mode111 - MODE )
plan length: 35
502.328
/lustre/rli12314/HGNII/ICAPS22_HPLAN_experiments_Satellite/results_with_methods/satellite_curriculum_6_2.pddl
/lustre/rli12314/HGNII/ICAPS22_HPLAN_experiments_Satellite/satellite/problem6-2-htn.pddl
debug: finding plan...

Plan found!
	( !TURN_TO sat000 - SATELLITE dir238 - DIRECTION dir307 - DIRECTION )
	( !SWITCH_ON inst416 - INSTRUMENT sat000 - SATELLITE )
	( !CALIBRATE sat000 - SATELLITE inst416 - INSTRUMENT dir238 - DIRECTION )
	( !TURN_TO sat000 - SATELLITE dir231 - DIRECTION dir238 - DIRECTION )
	( !TAKE_IMAGE sat000 - SATELLITE dir231 - DIRECTION inst416 - INSTRUMENT mode416 - MODE )
	( !SWITCH_OFF inst416 - INSTRUMENT sat000 - SATELLITE )
	( !TURN_TO sat000 - SATELLITE dir238 - DIRECTION dir231 - DIRECTION )
	( !SWITCH_ON inst450 - INSTRUMENT sat000 - SATELLITE )
	( !CALIBRATE sat000 - SATELLITE inst450 - INSTRUMENT dir238 - DIRECTION )
	( !TURN_TO sat000 - SATELLITE dir839 - DIRECTION dir238 - DIRECTION )
	( !TAKE_IMAGE sat000 - SATELLITE dir839 - DIRECTION inst450 - INSTRUMENT mode450 - MODE )
	( !SWITCH_OFF inst450 - INSTRUMENT sat000 - SATELLITE )
	( !TURN_TO sat000 - SATELLITE dir238 - DIRECTION dir839 - DIRECTION )
	( !SWITCH_ON inst240 - INSTRUMENT sat000 - SATELLITE )
	( !CALIBRATE sat000 - SATELLITE inst240 - INSTRUMENT dir238 - DIRECTION )
	( !TURN_TO sat000 - SATELLITE dir372 - DIRECTION dir238 - DIRECTION )
	( !TAKE_IMAGE sat000 - SATELLITE dir372 - DIRECTION inst240 - INSTRUMENT mode240 - MODE )
	( !SWITCH_OFF inst240 - INSTRUMENT sat000 - SATELLITE )
	( !TURN_TO sat000 - SATELLITE dir238 - DIRECTION dir372 - DIRECTION )
	( !SWITCH_ON inst413 - INSTRUMENT sat000 - SATELLITE )
	( !CALIBRATE sat000 - SATELLITE inst413 - INSTRUMENT dir238 - DIRECTION )
	( !TURN_TO sat000 - SATELLITE dir565 - DIRECTION dir238 - DIRECTION )
	( !TAKE_IMAGE sat000 - SATELLITE dir565 - DIRECTION inst413 - INSTRUMENT mode413 - MODE )
	( !SWITCH_OFF inst413 - INSTRUMENT sat000 - SATELLITE )
	( !TURN_TO sat000 - SATELLITE dir238 - DIRECTION dir565 - DIRECTION )
	( !SWITCH_ON inst243 - INSTRUMENT sat000 - SATELLITE )
	( !CALIBRATE sat000 - SATELLITE inst243 - INSTRUMENT dir238 - DIRECTION )
	( !TURN_TO sat000 - SATELLITE dir113 - DIRECTION dir238 - DIRECTION )
	( !TAKE_IMAGE sat000 - SATELLITE dir113 - DIRECTION inst243 - INSTRUMENT mode243 - MODE )
	( !SWITCH_OFF inst243 - INSTRUMENT sat000 - SATELLITE )
	( !TURN_TO sat000 - SATELLITE dir238 - DIRECTION dir113 - DIRECTION )
	( !SWITCH_ON inst915 - INSTRUMENT sat000 - SATELLITE )
	( !CALIBRATE sat000 - SATELLITE inst915 - INSTRUMENT dir238 - DIRECTION )
	( !TURN_TO sat000 - SATELLITE dir558 - DIRECTION dir238 - DIRECTION )
	( !TAKE_IMAGE sat000 - SATELLITE dir558 - DIRECTION inst915 - INSTRUMENT mode915 - MODE )
plan length: 35
14651.7
/lustre/rli12314/HGNII/ICAPS22_HPLAN_experiments_Satellite/results_with_methods/satellite_curriculum_6_3.pddl
/lustre/rli12314/HGNII/ICAPS22_HPLAN_experiments_Satellite/satellite/problem6-3-htn.pddl
debug: finding plan...

Plan found!
	( !TURN_TO sat000 - SATELLITE dir258 - DIRECTION dir19 - DIRECTION )
	( !SWITCH_ON inst146 - INSTRUMENT sat000 - SATELLITE )
	( !CALIBRATE sat000 - SATELLITE inst146 - INSTRUMENT dir258 - DIRECTION )
	( !TURN_TO sat000 - SATELLITE dir758 - DIRECTION dir258 - DIRECTION )
	( !TAKE_IMAGE sat000 - SATELLITE dir758 - DIRECTION inst146 - INSTRUMENT mode146 - MODE )
	( !SWITCH_OFF inst146 - INSTRUMENT sat000 - SATELLITE )
	( !TURN_TO sat000 - SATELLITE dir258 - DIRECTION dir758 - DIRECTION )
	( !SWITCH_ON inst265 - INSTRUMENT sat000 - SATELLITE )
	( !CALIBRATE sat000 - SATELLITE inst265 - INSTRUMENT dir258 - DIRECTION )
	( !TURN_TO sat000 - SATELLITE dir210 - DIRECTION dir258 - DIRECTION )
	( !TAKE_IMAGE sat000 - SATELLITE dir210 - DIRECTION inst265 - INSTRUMENT mode265 - MODE )
	( !SWITCH_OFF inst265 - INSTRUMENT sat000 - SATELLITE )
	( !TURN_TO sat000 - SATELLITE dir258 - DIRECTION dir210 - DIRECTION )
	( !SWITCH_ON inst936 - INSTRUMENT sat000 - SATELLITE )
	( !CALIBRATE sat000 - SATELLITE inst936 - INSTRUMENT dir258 - DIRECTION )
	( !TURN_TO sat000 - SATELLITE dir762 - DIRECTION dir258 - DIRECTION )
	( !TAKE_IMAGE sat000 - SATELLITE dir762 - DIRECTION inst936 - INSTRUMENT mode936 - MODE )
	( !SWITCH_OFF inst936 - INSTRUMENT sat000 - SATELLITE )
	( !TURN_TO sat000 - SATELLITE dir258 - DIRECTION dir762 - DIRECTION )
	( !SWITCH_ON inst440 - INSTRUMENT sat000 - SATELLITE )
	( !CALIBRATE sat000 - SATELLITE inst440 - INSTRUMENT dir258 - DIRECTION )
	( !TURN_TO sat000 - SATELLITE dir67 - DIRECTION dir258 - DIRECTION )
	( !TAKE_IMAGE sat000 - SATELLITE dir67 - DIRECTION inst440 - INSTRUMENT mode440 - MODE )
	( !SWITCH_OFF inst440 - INSTRUMENT sat000 - SATELLITE )
	( !TURN_TO sat000 - SATELLITE dir258 - DIRECTION dir67 - DIRECTION )
	( !SWITCH_ON inst496 - INSTRUMENT sat000 - SATELLITE )
	( !CALIBRATE sat000 - SATELLITE inst496 - INSTRUMENT dir258 - DIRECTION )
	( !TURN_TO sat000 - SATELLITE dir61 - DIRECTION dir258 - DIRECTION )
	( !TAKE_IMAGE sat000 - SATELLITE dir61 - DIRECTION inst496 - INSTRUMENT mode496 - MODE )
	( !SWITCH_OFF inst496 - INSTRUMENT sat000 - SATELLITE )
	( !TURN_TO sat000 - SATELLITE dir258 - DIRECTION dir61 - DIRECTION )
	( !SWITCH_ON inst647 - INSTRUMENT sat000 - SATELLITE )
	( !CALIBRATE sat000 - SATELLITE inst647 - INSTRUMENT dir258 - DIRECTION )
	( !TURN_TO sat000 - SATELLITE dir471 - DIRECTION dir258 - DIRECTION )
	( !TAKE_IMAGE sat000 - SATELLITE dir471 - DIRECTION inst647 - INSTRUMENT mode647 - MODE )
plan length: 35
1863.58
/lustre/rli12314/HGNII/ICAPS22_HPLAN_experiments_Satellite/results_with_methods/satellite_curriculum_6_4.pddl
/lustre/rli12314/HGNII/ICAPS22_HPLAN_experiments_Satellite/satellite/problem6-4-htn.pddl
debug: finding plan...

Plan found!
	( !TURN_TO sat000 - SATELLITE dir970 - DIRECTION dir688 - DIRECTION )
	( !SWITCH_ON inst273 - INSTRUMENT sat000 - SATELLITE )
	( !CALIBRATE sat000 - SATELLITE inst273 - INSTRUMENT dir970 - DIRECTION )
	( !TURN_TO sat000 - SATELLITE dir737 - DIRECTION dir970 - DIRECTION )
	( !TAKE_IMAGE sat000 - SATELLITE dir737 - DIRECTION inst273 - INSTRUMENT mode273 - MODE )
	( !SWITCH_OFF inst273 - INSTRUMENT sat000 - SATELLITE )
	( !TURN_TO sat000 - SATELLITE dir970 - DIRECTION dir737 - DIRECTION )
	( !SWITCH_ON inst150 - INSTRUMENT sat000 - SATELLITE )
	( !CALIBRATE sat000 - SATELLITE inst150 - INSTRUMENT dir970 - DIRECTION )
	( !TURN_TO sat000 - SATELLITE dir976 - DIRECTION dir970 - DIRECTION )
	( !TAKE_IMAGE sat000 - SATELLITE dir976 - DIRECTION inst150 - INSTRUMENT mode150 - MODE )
	( !SWITCH_OFF inst150 - INSTRUMENT sat000 - SATELLITE )
	( !TURN_TO sat000 - SATELLITE dir970 - DIRECTION dir976 - DIRECTION )
	( !SWITCH_ON inst6 - INSTRUMENT sat000 - SATELLITE )
	( !CALIBRATE sat000 - SATELLITE inst6 - INSTRUMENT dir970 - DIRECTION )
	( !TURN_TO sat000 - SATELLITE dir770 - DIRECTION dir970 - DIRECTION )
	( !TAKE_IMAGE sat000 - SATELLITE dir770 - DIRECTION inst6 - INSTRUMENT mode6 - MODE )
	( !SWITCH_OFF inst6 - INSTRUMENT sat000 - SATELLITE )
	( !TURN_TO sat000 - SATELLITE dir970 - DIRECTION dir770 - DIRECTION )
	( !SWITCH_ON inst606 - INSTRUMENT sat000 - SATELLITE )
	( !CALIBRATE sat000 - SATELLITE inst606 - INSTRUMENT dir970 - DIRECTION )
	( !TURN_TO sat000 - SATELLITE dir979 - DIRECTION dir970 - DIRECTION )
	( !TAKE_IMAGE sat000 - SATELLITE dir979 - DIRECTION inst606 - INSTRUMENT mode606 - MODE )
	( !SWITCH_OFF inst606 - INSTRUMENT sat000 - SATELLITE )
	( !TURN_TO sat000 - SATELLITE dir970 - DIRECTION dir979 - DIRECTION )
	( !SWITCH_ON inst677 - INSTRUMENT sat000 - SATELLITE )
	( !CALIBRATE sat000 - SATELLITE inst677 - INSTRUMENT dir970 - DIRECTION )
	( !TURN_TO sat000 - SATELLITE dir109 - DIRECTION dir970 - DIRECTION )
	( !TAKE_IMAGE sat000 - SATELLITE dir109 - DIRECTION inst677 - INSTRUMENT mode677 - MODE )
	( !SWITCH_OFF inst677 - INSTRUMENT sat000 - SATELLITE )
	( !TURN_TO sat000 - SATELLITE dir970 - DIRECTION dir109 - DIRECTION )
	( !SWITCH_ON inst233 - INSTRUMENT sat000 - SATELLITE )
	( !CALIBRATE sat000 - SATELLITE inst233 - INSTRUMENT dir970 - DIRECTION )
	( !TURN_TO sat000 - SATELLITE dir833 - DIRECTION dir970 - DIRECTION )
	( !TAKE_IMAGE sat000 - SATELLITE dir833 - DIRECTION inst233 - INSTRUMENT mode233 - MODE )
plan length: 35
873.843
/lustre/rli12314/HGNII/ICAPS22_HPLAN_experiments_Satellite/results_with_methods/satellite_curriculum_7_0.pddl
/lustre/rli12314/HGNII/ICAPS22_HPLAN_experiments_Satellite/satellite/problem7-0-htn.pddl
