Doing one experiment in logistics domain, problem 2, try 0
Reading strip domain file /lustre/rli12314/HGNII/ICAPS22_HPLAN_experiments_learn_and_verification/logistics/domain_strips.pddl
Reading strip problem file /lustre/rli12314/HGNII/ICAPS22_HPLAN_experiments_learn_and_verification/logistics/problem2-0-strips.pddl
Reading strip solution file /lustre/rli12314/HGNII/ICAPS22_HPLAN_experiments_learn_and_verification/logistics/problem2-0-solution.plan
Reading htn domain file /lustre/rli12314/HGNII/ICAPS22_HPLAN_experiments_learn_and_verification/logistics/domain_partial_htn.pddl
Reading task file /lustre/rli12314/HGNII/ICAPS22_HPLAN_experiments_learn_and_verification/logistics/tasks2.pddl
Reading task files for logistics domain with curriculum: 
Reading task: task_deliver1.pddl
Reading task: task_deliver2.pddl
 Done reading task file /lustre/rli12314/HGNII/ICAPS22_HPLAN_experiments_learn_and_verification/logistics/tasks2.pddl
Doing one experiment in logistics domain, problem 2, try 1
Reading strip domain file /lustre/rli12314/HGNII/ICAPS22_HPLAN_experiments_learn_and_verification/logistics/domain_strips.pddl
Reading strip problem file /lustre/rli12314/HGNII/ICAPS22_HPLAN_experiments_learn_and_verification/logistics/problem2-1-strips.pddl
Reading strip solution file /lustre/rli12314/HGNII/ICAPS22_HPLAN_experiments_learn_and_verification/logistics/problem2-1-solution.plan
Reading htn domain file /lustre/rli12314/HGNII/ICAPS22_HPLAN_experiments_learn_and_verification/logistics/domain_partial_htn.pddl
Reading task file /lustre/rli12314/HGNII/ICAPS22_HPLAN_experiments_learn_and_verification/logistics/tasks2.pddl
Reading task files for logistics domain with curriculum: 
Reading task: task_deliver1.pddl
Reading task: task_deliver2.pddl
 Done reading task file /lustre/rli12314/HGNII/ICAPS22_HPLAN_experiments_learn_and_verification/logistics/tasks2.pddl
Doing one experiment in logistics domain, problem 2, try 2
Reading strip domain file /lustre/rli12314/HGNII/ICAPS22_HPLAN_experiments_learn_and_verification/logistics/domain_strips.pddl
Reading strip problem file /lustre/rli12314/HGNII/ICAPS22_HPLAN_experiments_learn_and_verification/logistics/problem2-2-strips.pddl
Reading strip solution file /lustre/rli12314/HGNII/ICAPS22_HPLAN_experiments_learn_and_verification/logistics/problem2-2-solution.plan
Reading htn domain file /lustre/rli12314/HGNII/ICAPS22_HPLAN_experiments_learn_and_verification/logistics/domain_partial_htn.pddl
Reading task file /lustre/rli12314/HGNII/ICAPS22_HPLAN_experiments_learn_and_verification/logistics/tasks2.pddl
Reading task files for logistics domain with curriculum: 
Reading task: task_deliver1.pddl
Reading task: task_deliver2.pddl
 Done reading task file /lustre/rli12314/HGNII/ICAPS22_HPLAN_experiments_learn_and_verification/logistics/tasks2.pddl
Doing one experiment in logistics domain, problem 2, try 3
Reading strip domain file /lustre/rli12314/HGNII/ICAPS22_HPLAN_experiments_learn_and_verification/logistics/domain_strips.pddl
Reading strip problem file /lustre/rli12314/HGNII/ICAPS22_HPLAN_experiments_learn_and_verification/logistics/problem2-3-strips.pddl
Reading strip solution file /lustre/rli12314/HGNII/ICAPS22_HPLAN_experiments_learn_and_verification/logistics/problem2-3-solution.plan
Reading htn domain file /lustre/rli12314/HGNII/ICAPS22_HPLAN_experiments_learn_and_verification/logistics/domain_partial_htn.pddl
Reading task file /lustre/rli12314/HGNII/ICAPS22_HPLAN_experiments_learn_and_verification/logistics/tasks2.pddl
Reading task files for logistics domain with curriculum: 
Reading task: task_deliver1.pddl
Reading task: task_deliver2.pddl
 Done reading task file /lustre/rli12314/HGNII/ICAPS22_HPLAN_experiments_learn_and_verification/logistics/tasks2.pddl
Doing one experiment in logistics domain, problem 2, try 4
Reading strip domain file /lustre/rli12314/HGNII/ICAPS22_HPLAN_experiments_learn_and_verification/logistics/domain_strips.pddl
Reading strip problem file /lustre/rli12314/HGNII/ICAPS22_HPLAN_experiments_learn_and_verification/logistics/problem2-4-strips.pddl
Reading strip solution file /lustre/rli12314/HGNII/ICAPS22_HPLAN_experiments_learn_and_verification/logistics/problem2-4-solution.plan
Reading htn domain file /lustre/rli12314/HGNII/ICAPS22_HPLAN_experiments_learn_and_verification/logistics/domain_partial_htn.pddl
Reading task file /lustre/rli12314/HGNII/ICAPS22_HPLAN_experiments_learn_and_verification/logistics/tasks2.pddl
Reading task files for logistics domain with curriculum: 
Reading task: task_deliver1.pddl
Reading task: task_deliver2.pddl
 Done reading task file /lustre/rli12314/HGNII/ICAPS22_HPLAN_experiments_learn_and_verification/logistics/tasks2.pddl
Doing one experiment in logistics domain, problem 3, try 0
Reading strip domain file /lustre/rli12314/HGNII/ICAPS22_HPLAN_experiments_learn_and_verification/logistics/domain_strips.pddl
Reading strip problem file /lustre/rli12314/HGNII/ICAPS22_HPLAN_experiments_learn_and_verification/logistics/problem3-0-strips.pddl
Reading strip solution file /lustre/rli12314/HGNII/ICAPS22_HPLAN_experiments_learn_and_verification/logistics/problem3-0-solution.plan
Reading htn domain file /lustre/rli12314/HGNII/ICAPS22_HPLAN_experiments_learn_and_verification/logistics/domain_partial_htn.pddl
Reading task file /lustre/rli12314/HGNII/ICAPS22_HPLAN_experiments_learn_and_verification/logistics/tasks3.pddl
Reading task files for logistics domain with curriculum: 
Reading task: task_deliver1.pddl
Reading task: task_deliver2.pddl
Reading task: task_deliver3.pddl
 Done reading task file /lustre/rli12314/HGNII/ICAPS22_HPLAN_experiments_learn_and_verification/logistics/tasks3.pddl
Doing one experiment in logistics domain, problem 3, try 1
Reading strip domain file /lustre/rli12314/HGNII/ICAPS22_HPLAN_experiments_learn_and_verification/logistics/domain_strips.pddl
Reading strip problem file /lustre/rli12314/HGNII/ICAPS22_HPLAN_experiments_learn_and_verification/logistics/problem3-1-strips.pddl
Reading strip solution file /lustre/rli12314/HGNII/ICAPS22_HPLAN_experiments_learn_and_verification/logistics/problem3-1-solution.plan
Reading htn domain file /lustre/rli12314/HGNII/ICAPS22_HPLAN_experiments_learn_and_verification/logistics/domain_partial_htn.pddl
Reading task file /lustre/rli12314/HGNII/ICAPS22_HPLAN_experiments_learn_and_verification/logistics/tasks3.pddl
Reading task files for logistics domain with curriculum: 
Reading task: task_deliver1.pddl
Reading task: task_deliver2.pddl
Reading task: task_deliver3.pddl
 Done reading task file /lustre/rli12314/HGNII/ICAPS22_HPLAN_experiments_learn_and_verification/logistics/tasks3.pddl
Doing one experiment in logistics domain, problem 3, try 2
Reading strip domain file /lustre/rli12314/HGNII/ICAPS22_HPLAN_experiments_learn_and_verification/logistics/domain_strips.pddl
Reading strip problem file /lustre/rli12314/HGNII/ICAPS22_HPLAN_experiments_learn_and_verification/logistics/problem3-2-strips.pddl
Reading strip solution file /lustre/rli12314/HGNII/ICAPS22_HPLAN_experiments_learn_and_verification/logistics/problem3-2-solution.plan
Reading htn domain file /lustre/rli12314/HGNII/ICAPS22_HPLAN_experiments_learn_and_verification/logistics/domain_partial_htn.pddl
Reading task file /lustre/rli12314/HGNII/ICAPS22_HPLAN_experiments_learn_and_verification/logistics/tasks3.pddl
Reading task files for logistics domain with curriculum: 
Reading task: task_deliver1.pddl
Reading task: task_deliver2.pddl
Reading task: task_deliver3.pddl
 Done reading task file /lustre/rli12314/HGNII/ICAPS22_HPLAN_experiments_learn_and_verification/logistics/tasks3.pddl
Doing one experiment in logistics domain, problem 3, try 3
Reading strip domain file /lustre/rli12314/HGNII/ICAPS22_HPLAN_experiments_learn_and_verification/logistics/domain_strips.pddl
Reading strip problem file /lustre/rli12314/HGNII/ICAPS22_HPLAN_experiments_learn_and_verification/logistics/problem3-3-strips.pddl
Reading strip solution file /lustre/rli12314/HGNII/ICAPS22_HPLAN_experiments_learn_and_verification/logistics/problem3-3-solution.plan
Reading htn domain file /lustre/rli12314/HGNII/ICAPS22_HPLAN_experiments_learn_and_verification/logistics/domain_partial_htn.pddl
Reading task file /lustre/rli12314/HGNII/ICAPS22_HPLAN_experiments_learn_and_verification/logistics/tasks3.pddl
Reading task files for logistics domain with curriculum: 
Reading task: task_deliver1.pddl
Reading task: task_deliver2.pddl
Reading task: task_deliver3.pddl
 Done reading task file /lustre/rli12314/HGNII/ICAPS22_HPLAN_experiments_learn_and_verification/logistics/tasks3.pddl
Doing one experiment in logistics domain, problem 3, try 4
Reading strip domain file /lustre/rli12314/HGNII/ICAPS22_HPLAN_experiments_learn_and_verification/logistics/domain_strips.pddl
Reading strip problem file /lustre/rli12314/HGNII/ICAPS22_HPLAN_experiments_learn_and_verification/logistics/problem3-4-strips.pddl
Reading strip solution file /lustre/rli12314/HGNII/ICAPS22_HPLAN_experiments_learn_and_verification/logistics/problem3-4-solution.plan
Reading htn domain file /lustre/rli12314/HGNII/ICAPS22_HPLAN_experiments_learn_and_verification/logistics/domain_partial_htn.pddl
Reading task file /lustre/rli12314/HGNII/ICAPS22_HPLAN_experiments_learn_and_verification/logistics/tasks3.pddl
Reading task files for logistics domain with curriculum: 
Reading task: task_deliver1.pddl
Reading task: task_deliver2.pddl
Reading task: task_deliver3.pddl
 Done reading task file /lustre/rli12314/HGNII/ICAPS22_HPLAN_experiments_learn_and_verification/logistics/tasks3.pddl
Doing one experiment in logistics domain, problem 4, try 0
Reading strip domain file /lustre/rli12314/HGNII/ICAPS22_HPLAN_experiments_learn_and_verification/logistics/domain_strips.pddl
Reading strip problem file /lustre/rli12314/HGNII/ICAPS22_HPLAN_experiments_learn_and_verification/logistics/problem4-0-strips.pddl
Reading strip solution file /lustre/rli12314/HGNII/ICAPS22_HPLAN_experiments_learn_and_verification/logistics/problem4-0-solution.plan
Reading htn domain file /lustre/rli12314/HGNII/ICAPS22_HPLAN_experiments_learn_and_verification/logistics/domain_partial_htn.pddl
Reading task file /lustre/rli12314/HGNII/ICAPS22_HPLAN_experiments_learn_and_verification/logistics/tasks4.pddl
Reading task files for logistics domain with curriculum: 
Reading task: task_deliver1.pddl
Reading task: task_deliver2.pddl
Reading task: task_deliver3.pddl
Reading task: task_deliver4.pddl
 Done reading task file /lustre/rli12314/HGNII/ICAPS22_HPLAN_experiments_learn_and_verification/logistics/tasks4.pddl
Doing one experiment in logistics domain, problem 4, try 1
Reading strip domain file /lustre/rli12314/HGNII/ICAPS22_HPLAN_experiments_learn_and_verification/logistics/domain_strips.pddl
Reading strip problem file /lustre/rli12314/HGNII/ICAPS22_HPLAN_experiments_learn_and_verification/logistics/problem4-1-strips.pddl
Reading strip solution file /lustre/rli12314/HGNII/ICAPS22_HPLAN_experiments_learn_and_verification/logistics/problem4-1-solution.plan
Reading htn domain file /lustre/rli12314/HGNII/ICAPS22_HPLAN_experiments_learn_and_verification/logistics/domain_partial_htn.pddl
Reading task file /lustre/rli12314/HGNII/ICAPS22_HPLAN_experiments_learn_and_verification/logistics/tasks4.pddl
Reading task files for logistics domain with curriculum: 
Reading task: task_deliver1.pddl
Reading task: task_deliver2.pddl
Reading task: task_deliver3.pddl
Reading task: task_deliver4.pddl
 Done reading task file /lustre/rli12314/HGNII/ICAPS22_HPLAN_experiments_learn_and_verification/logistics/tasks4.pddl
Doing one experiment in logistics domain, problem 4, try 2
Reading strip domain file /lustre/rli12314/HGNII/ICAPS22_HPLAN_experiments_learn_and_verification/logistics/domain_strips.pddl
Reading strip problem file /lustre/rli12314/HGNII/ICAPS22_HPLAN_experiments_learn_and_verification/logistics/problem4-2-strips.pddl
Reading strip solution file /lustre/rli12314/HGNII/ICAPS22_HPLAN_experiments_learn_and_verification/logistics/problem4-2-solution.plan
Reading htn domain file /lustre/rli12314/HGNII/ICAPS22_HPLAN_experiments_learn_and_verification/logistics/domain_partial_htn.pddl
Reading task file /lustre/rli12314/HGNII/ICAPS22_HPLAN_experiments_learn_and_verification/logistics/tasks4.pddl
Reading task files for logistics domain with curriculum: 
Reading task: task_deliver1.pddl
Reading task: task_deliver2.pddl
Reading task: task_deliver3.pddl
Reading task: task_deliver4.pddl
 Done reading task file /lustre/rli12314/HGNII/ICAPS22_HPLAN_experiments_learn_and_verification/logistics/tasks4.pddl
Doing one experiment in logistics domain, problem 4, try 3
Reading strip domain file /lustre/rli12314/HGNII/ICAPS22_HPLAN_experiments_learn_and_verification/logistics/domain_strips.pddl
Reading strip problem file /lustre/rli12314/HGNII/ICAPS22_HPLAN_experiments_learn_and_verification/logistics/problem4-3-strips.pddl
Reading strip solution file /lustre/rli12314/HGNII/ICAPS22_HPLAN_experiments_learn_and_verification/logistics/problem4-3-solution.plan
Reading htn domain file /lustre/rli12314/HGNII/ICAPS22_HPLAN_experiments_learn_and_verification/logistics/domain_partial_htn.pddl
Reading task file /lustre/rli12314/HGNII/ICAPS22_HPLAN_experiments_learn_and_verification/logistics/tasks4.pddl
Reading task files for logistics domain with curriculum: 
Reading task: task_deliver1.pddl
Reading task: task_deliver2.pddl
Reading task: task_deliver3.pddl
Reading task: task_deliver4.pddl
 Done reading task file /lustre/rli12314/HGNII/ICAPS22_HPLAN_experiments_learn_and_verification/logistics/tasks4.pddl
Doing one experiment in logistics domain, problem 4, try 4
Reading strip domain file /lustre/rli12314/HGNII/ICAPS22_HPLAN_experiments_learn_and_verification/logistics/domain_strips.pddl
Reading strip problem file /lustre/rli12314/HGNII/ICAPS22_HPLAN_experiments_learn_and_verification/logistics/problem4-4-strips.pddl
Reading strip solution file /lustre/rli12314/HGNII/ICAPS22_HPLAN_experiments_learn_and_verification/logistics/problem4-4-solution.plan
Reading htn domain file /lustre/rli12314/HGNII/ICAPS22_HPLAN_experiments_learn_and_verification/logistics/domain_partial_htn.pddl
Reading task file /lustre/rli12314/HGNII/ICAPS22_HPLAN_experiments_learn_and_verification/logistics/tasks4.pddl
Reading task files for logistics domain with curriculum: 
Reading task: task_deliver1.pddl
Reading task: task_deliver2.pddl
Reading task: task_deliver3.pddl
Reading task: task_deliver4.pddl
 Done reading task file /lustre/rli12314/HGNII/ICAPS22_HPLAN_experiments_learn_and_verification/logistics/tasks4.pddl
Doing one experiment in logistics domain, problem 5, try 0
Reading strip domain file /lustre/rli12314/HGNII/ICAPS22_HPLAN_experiments_learn_and_verification/logistics/domain_strips.pddl
Reading strip problem file /lustre/rli12314/HGNII/ICAPS22_HPLAN_experiments_learn_and_verification/logistics/problem5-0-strips.pddl
Reading strip solution file /lustre/rli12314/HGNII/ICAPS22_HPLAN_experiments_learn_and_verification/logistics/problem5-0-solution.plan
Reading htn domain file /lustre/rli12314/HGNII/ICAPS22_HPLAN_experiments_learn_and_verification/logistics/domain_partial_htn.pddl
Reading task file /lustre/rli12314/HGNII/ICAPS22_HPLAN_experiments_learn_and_verification/logistics/tasks5.pddl
Reading task files for logistics domain with curriculum: 
Reading task: task_deliver1.pddl
Reading task: task_deliver2.pddl
Reading task: task_deliver3.pddl
Reading task: task_deliver4.pddl
Reading task: task_deliver5.pddl
 Done reading task file /lustre/rli12314/HGNII/ICAPS22_HPLAN_experiments_learn_and_verification/logistics/tasks5.pddl
Doing one experiment in logistics domain, problem 5, try 1
Reading strip domain file /lustre/rli12314/HGNII/ICAPS22_HPLAN_experiments_learn_and_verification/logistics/domain_strips.pddl
Reading strip problem file /lustre/rli12314/HGNII/ICAPS22_HPLAN_experiments_learn_and_verification/logistics/problem5-1-strips.pddl
Reading strip solution file /lustre/rli12314/HGNII/ICAPS22_HPLAN_experiments_learn_and_verification/logistics/problem5-1-solution.plan
Reading htn domain file /lustre/rli12314/HGNII/ICAPS22_HPLAN_experiments_learn_and_verification/logistics/domain_partial_htn.pddl
Reading task file /lustre/rli12314/HGNII/ICAPS22_HPLAN_experiments_learn_and_verification/logistics/tasks5.pddl
Reading task files for logistics domain with curriculum: 
Reading task: task_deliver1.pddl
Reading task: task_deliver2.pddl
Reading task: task_deliver3.pddl
Reading task: task_deliver4.pddl
Reading task: task_deliver5.pddl
 Done reading task file /lustre/rli12314/HGNII/ICAPS22_HPLAN_experiments_learn_and_verification/logistics/tasks5.pddl
Doing one experiment in logistics domain, problem 5, try 2
Reading strip domain file /lustre/rli12314/HGNII/ICAPS22_HPLAN_experiments_learn_and_verification/logistics/domain_strips.pddl
Reading strip problem file /lustre/rli12314/HGNII/ICAPS22_HPLAN_experiments_learn_and_verification/logistics/problem5-2-strips.pddl
Reading strip solution file /lustre/rli12314/HGNII/ICAPS22_HPLAN_experiments_learn_and_verification/logistics/problem5-2-solution.plan
Reading htn domain file /lustre/rli12314/HGNII/ICAPS22_HPLAN_experiments_learn_and_verification/logistics/domain_partial_htn.pddl
Reading task file /lustre/rli12314/HGNII/ICAPS22_HPLAN_experiments_learn_and_verification/logistics/tasks5.pddl
Reading task files for logistics domain with curriculum: 
Reading task: task_deliver1.pddl
Reading task: task_deliver2.pddl
Reading task: task_deliver3.pddl
Reading task: task_deliver4.pddl
Reading task: task_deliver5.pddl
 Done reading task file /lustre/rli12314/HGNII/ICAPS22_HPLAN_experiments_learn_and_verification/logistics/tasks5.pddl
Doing one experiment in logistics domain, problem 5, try 3
Reading strip domain file /lustre/rli12314/HGNII/ICAPS22_HPLAN_experiments_learn_and_verification/logistics/domain_strips.pddl
Reading strip problem file /lustre/rli12314/HGNII/ICAPS22_HPLAN_experiments_learn_and_verification/logistics/problem5-3-strips.pddl
Reading strip solution file /lustre/rli12314/HGNII/ICAPS22_HPLAN_experiments_learn_and_verification/logistics/problem5-3-solution.plan
Reading htn domain file /lustre/rli12314/HGNII/ICAPS22_HPLAN_experiments_learn_and_verification/logistics/domain_partial_htn.pddl
Reading task file /lustre/rli12314/HGNII/ICAPS22_HPLAN_experiments_learn_and_verification/logistics/tasks5.pddl
Reading task files for logistics domain with curriculum: 
Reading task: task_deliver1.pddl
Reading task: task_deliver2.pddl
Reading task: task_deliver3.pddl
Reading task: task_deliver4.pddl
Reading task: task_deliver5.pddl
 Done reading task file /lustre/rli12314/HGNII/ICAPS22_HPLAN_experiments_learn_and_verification/logistics/tasks5.pddl
Doing one experiment in logistics domain, problem 5, try 4
Reading strip domain file /lustre/rli12314/HGNII/ICAPS22_HPLAN_experiments_learn_and_verification/logistics/domain_strips.pddl
Reading strip problem file /lustre/rli12314/HGNII/ICAPS22_HPLAN_experiments_learn_and_verification/logistics/problem5-4-strips.pddl
Reading strip solution file /lustre/rli12314/HGNII/ICAPS22_HPLAN_experiments_learn_and_verification/logistics/problem5-4-solution.plan
Reading htn domain file /lustre/rli12314/HGNII/ICAPS22_HPLAN_experiments_learn_and_verification/logistics/domain_partial_htn.pddl
Reading task file /lustre/rli12314/HGNII/ICAPS22_HPLAN_experiments_learn_and_verification/logistics/tasks5.pddl
Reading task files for logistics domain with curriculum: 
Reading task: task_deliver1.pddl
Reading task: task_deliver2.pddl
Reading task: task_deliver3.pddl
Reading task: task_deliver4.pddl
Reading task: task_deliver5.pddl
 Done reading task file /lustre/rli12314/HGNII/ICAPS22_HPLAN_experiments_learn_and_verification/logistics/tasks5.pddl
Doing one experiment in logistics domain, problem 6, try 0
Reading strip domain file /lustre/rli12314/HGNII/ICAPS22_HPLAN_experiments_learn_and_verification/logistics/domain_strips.pddl
Reading strip problem file /lustre/rli12314/HGNII/ICAPS22_HPLAN_experiments_learn_and_verification/logistics/problem6-0-strips.pddl
Reading strip solution file /lustre/rli12314/HGNII/ICAPS22_HPLAN_experiments_learn_and_verification/logistics/problem6-0-solution.plan
Reading htn domain file /lustre/rli12314/HGNII/ICAPS22_HPLAN_experiments_learn_and_verification/logistics/domain_partial_htn.pddl
Reading task file /lustre/rli12314/HGNII/ICAPS22_HPLAN_experiments_learn_and_verification/logistics/tasks6.pddl
Reading task files for logistics domain with curriculum: 
Reading task: task_deliver1.pddl
Reading task: task_deliver2.pddl
Reading task: task_deliver3.pddl
Reading task: task_deliver4.pddl
Reading task: task_deliver5.pddl
Reading task: task_deliver6.pddl
 Done reading task file /lustre/rli12314/HGNII/ICAPS22_HPLAN_experiments_learn_and_verification/logistics/tasks6.pddl
Doing one experiment in logistics domain, problem 6, try 1
Reading strip domain file /lustre/rli12314/HGNII/ICAPS22_HPLAN_experiments_learn_and_verification/logistics/domain_strips.pddl
Reading strip problem file /lustre/rli12314/HGNII/ICAPS22_HPLAN_experiments_learn_and_verification/logistics/problem6-1-strips.pddl
Reading strip solution file /lustre/rli12314/HGNII/ICAPS22_HPLAN_experiments_learn_and_verification/logistics/problem6-1-solution.plan
Reading htn domain file /lustre/rli12314/HGNII/ICAPS22_HPLAN_experiments_learn_and_verification/logistics/domain_partial_htn.pddl
Reading task file /lustre/rli12314/HGNII/ICAPS22_HPLAN_experiments_learn_and_verification/logistics/tasks6.pddl
Reading task files for logistics domain with curriculum: 
Reading task: task_deliver1.pddl
Reading task: task_deliver2.pddl
Reading task: task_deliver3.pddl
Reading task: task_deliver4.pddl
Reading task: task_deliver5.pddl
Reading task: task_deliver6.pddl
 Done reading task file /lustre/rli12314/HGNII/ICAPS22_HPLAN_experiments_learn_and_verification/logistics/tasks6.pddl
Doing one experiment in logistics domain, problem 6, try 2
Reading strip domain file /lustre/rli12314/HGNII/ICAPS22_HPLAN_experiments_learn_and_verification/logistics/domain_strips.pddl
Reading strip problem file /lustre/rli12314/HGNII/ICAPS22_HPLAN_experiments_learn_and_verification/logistics/problem6-2-strips.pddl
Reading strip solution file /lustre/rli12314/HGNII/ICAPS22_HPLAN_experiments_learn_and_verification/logistics/problem6-2-solution.plan
Reading htn domain file /lustre/rli12314/HGNII/ICAPS22_HPLAN_experiments_learn_and_verification/logistics/domain_partial_htn.pddl
Reading task file /lustre/rli12314/HGNII/ICAPS22_HPLAN_experiments_learn_and_verification/logistics/tasks6.pddl
Reading task files for logistics domain with curriculum: 
Reading task: task_deliver1.pddl
Reading task: task_deliver2.pddl
Reading task: task_deliver3.pddl
Reading task: task_deliver4.pddl
Reading task: task_deliver5.pddl
Reading task: task_deliver6.pddl
 Done reading task file /lustre/rli12314/HGNII/ICAPS22_HPLAN_experiments_learn_and_verification/logistics/tasks6.pddl
Doing one experiment in logistics domain, problem 6, try 3
Reading strip domain file /lustre/rli12314/HGNII/ICAPS22_HPLAN_experiments_learn_and_verification/logistics/domain_strips.pddl
Reading strip problem file /lustre/rli12314/HGNII/ICAPS22_HPLAN_experiments_learn_and_verification/logistics/problem6-3-strips.pddl
Reading strip solution file /lustre/rli12314/HGNII/ICAPS22_HPLAN_experiments_learn_and_verification/logistics/problem6-3-solution.plan
Reading htn domain file /lustre/rli12314/HGNII/ICAPS22_HPLAN_experiments_learn_and_verification/logistics/domain_partial_htn.pddl
Reading task file /lustre/rli12314/HGNII/ICAPS22_HPLAN_experiments_learn_and_verification/logistics/tasks6.pddl
Reading task files for logistics domain with curriculum: 
Reading task: task_deliver1.pddl
Reading task: task_deliver2.pddl
Reading task: task_deliver3.pddl
Reading task: task_deliver4.pddl
Reading task: task_deliver5.pddl
Reading task: task_deliver6.pddl
 Done reading task file /lustre/rli12314/HGNII/ICAPS22_HPLAN_experiments_learn_and_verification/logistics/tasks6.pddl
Doing one experiment in logistics domain, problem 6, try 4
Reading strip domain file /lustre/rli12314/HGNII/ICAPS22_HPLAN_experiments_learn_and_verification/logistics/domain_strips.pddl
Reading strip problem file /lustre/rli12314/HGNII/ICAPS22_HPLAN_experiments_learn_and_verification/logistics/problem6-4-strips.pddl
Reading strip solution file /lustre/rli12314/HGNII/ICAPS22_HPLAN_experiments_learn_and_verification/logistics/problem6-4-solution.plan
Reading htn domain file /lustre/rli12314/HGNII/ICAPS22_HPLAN_experiments_learn_and_verification/logistics/domain_partial_htn.pddl
Reading task file /lustre/rli12314/HGNII/ICAPS22_HPLAN_experiments_learn_and_verification/logistics/tasks6.pddl
Reading task files for logistics domain with curriculum: 
Reading task: task_deliver1.pddl
Reading task: task_deliver2.pddl
Reading task: task_deliver3.pddl
Reading task: task_deliver4.pddl
Reading task: task_deliver5.pddl
Reading task: task_deliver6.pddl
 Done reading task file /lustre/rli12314/HGNII/ICAPS22_HPLAN_experiments_learn_and_verification/logistics/tasks6.pddl
Doing one experiment in logistics domain, problem 7, try 0
Reading strip domain file /lustre/rli12314/HGNII/ICAPS22_HPLAN_experiments_learn_and_verification/logistics/domain_strips.pddl
Reading strip problem file /lustre/rli12314/HGNII/ICAPS22_HPLAN_experiments_learn_and_verification/logistics/problem7-0-strips.pddl
Reading strip solution file /lustre/rli12314/HGNII/ICAPS22_HPLAN_experiments_learn_and_verification/logistics/problem7-0-solution.plan
Reading htn domain file /lustre/rli12314/HGNII/ICAPS22_HPLAN_experiments_learn_and_verification/logistics/domain_partial_htn.pddl
Reading task file /lustre/rli12314/HGNII/ICAPS22_HPLAN_experiments_learn_and_verification/logistics/tasks7.pddl
Reading task files for logistics domain with curriculum: 
Reading task: task_deliver1.pddl
Reading task: task_deliver2.pddl
Reading task: task_deliver3.pddl
Reading task: task_deliver4.pddl
Reading task: task_deliver5.pddl
Reading task: task_deliver6.pddl
Reading task: task_deliver7.pddl
 Done reading task file /lustre/rli12314/HGNII/ICAPS22_HPLAN_experiments_learn_and_verification/logistics/tasks7.pddl
slurmstepd: error: *** JOB 18551328 ON compute-b24-4 CANCELLED AT 2022-05-01T17:00:03 DUE TO TIME LIMIT ***
