Doing one experiment in logistics domain, problem 2, try 0
Reading strip domain file /lustre/rli12314/HGNII/ICAPS22_HPLAN_experiments_learn_and_verification/logistics/domain_strips.pddl
Reading strip problem file /lustre/rli12314/HGNII/ICAPS22_HPLAN_experiments_learn_and_verification/logistics/problem2-0-strips.pddl
Reading strip solution file /lustre/rli12314/HGNII/ICAPS22_HPLAN_experiments_learn_and_verification/logistics/problem2-0-solution.plan
Reading htn domain file /lustre/rli12314/HGNII/ICAPS22_HPLAN_experiments_learn_and_verification/logistics/domain_partial_htn.pddl
Reading task file /lustre/rli12314/HGNII/ICAPS22_HPLAN_experiments_learn_and_verification/logistics/tasks2_prec.pddl
 Done reading task file /lustre/rli12314/HGNII/ICAPS22_HPLAN_experiments_learn_and_verification/logistics/tasks2_prec.pddl
Doing one experiment in logistics domain, problem 2, try 1
Reading strip domain file /lustre/rli12314/HGNII/ICAPS22_HPLAN_experiments_learn_and_verification/logistics/domain_strips.pddl
Reading strip problem file /lustre/rli12314/HGNII/ICAPS22_HPLAN_experiments_learn_and_verification/logistics/problem2-1-strips.pddl
Reading strip solution file /lustre/rli12314/HGNII/ICAPS22_HPLAN_experiments_learn_and_verification/logistics/problem2-1-solution.plan
Reading htn domain file /lustre/rli12314/HGNII/ICAPS22_HPLAN_experiments_learn_and_verification/logistics/domain_partial_htn.pddl
Reading task file /lustre/rli12314/HGNII/ICAPS22_HPLAN_experiments_learn_and_verification/logistics/tasks2_prec.pddl
 Done reading task file /lustre/rli12314/HGNII/ICAPS22_HPLAN_experiments_learn_and_verification/logistics/tasks2_prec.pddl
Doing one experiment in logistics domain, problem 2, try 2
Reading strip domain file /lustre/rli12314/HGNII/ICAPS22_HPLAN_experiments_learn_and_verification/logistics/domain_strips.pddl
Reading strip problem file /lustre/rli12314/HGNII/ICAPS22_HPLAN_experiments_learn_and_verification/logistics/problem2-2-strips.pddl
Reading strip solution file /lustre/rli12314/HGNII/ICAPS22_HPLAN_experiments_learn_and_verification/logistics/problem2-2-solution.plan
Reading htn domain file /lustre/rli12314/HGNII/ICAPS22_HPLAN_experiments_learn_and_verification/logistics/domain_partial_htn.pddl
Reading task file /lustre/rli12314/HGNII/ICAPS22_HPLAN_experiments_learn_and_verification/logistics/tasks2_prec.pddl
 Done reading task file /lustre/rli12314/HGNII/ICAPS22_HPLAN_experiments_learn_and_verification/logistics/tasks2_prec.pddl
Doing one experiment in logistics domain, problem 2, try 3
Reading strip domain file /lustre/rli12314/HGNII/ICAPS22_HPLAN_experiments_learn_and_verification/logistics/domain_strips.pddl
Reading strip problem file /lustre/rli12314/HGNII/ICAPS22_HPLAN_experiments_learn_and_verification/logistics/problem2-3-strips.pddl
Reading strip solution file /lustre/rli12314/HGNII/ICAPS22_HPLAN_experiments_learn_and_verification/logistics/problem2-3-solution.plan
Reading htn domain file /lustre/rli12314/HGNII/ICAPS22_HPLAN_experiments_learn_and_verification/logistics/domain_partial_htn.pddl
Reading task file /lustre/rli12314/HGNII/ICAPS22_HPLAN_experiments_learn_and_verification/logistics/tasks2_prec.pddl
 Done reading task file /lustre/rli12314/HGNII/ICAPS22_HPLAN_experiments_learn_and_verification/logistics/tasks2_prec.pddl
Doing one experiment in logistics domain, problem 2, try 4
Reading strip domain file /lustre/rli12314/HGNII/ICAPS22_HPLAN_experiments_learn_and_verification/logistics/domain_strips.pddl
Reading strip problem file /lustre/rli12314/HGNII/ICAPS22_HPLAN_experiments_learn_and_verification/logistics/problem2-4-strips.pddl
Reading strip solution file /lustre/rli12314/HGNII/ICAPS22_HPLAN_experiments_learn_and_verification/logistics/problem2-4-solution.plan
Reading htn domain file /lustre/rli12314/HGNII/ICAPS22_HPLAN_experiments_learn_and_verification/logistics/domain_partial_htn.pddl
Reading task file /lustre/rli12314/HGNII/ICAPS22_HPLAN_experiments_learn_and_verification/logistics/tasks2_prec.pddl
 Done reading task file /lustre/rli12314/HGNII/ICAPS22_HPLAN_experiments_learn_and_verification/logistics/tasks2_prec.pddl
Doing one experiment in logistics domain, problem 3, try 0
Reading strip domain file /lustre/rli12314/HGNII/ICAPS22_HPLAN_experiments_learn_and_verification/logistics/domain_strips.pddl
Reading strip problem file /lustre/rli12314/HGNII/ICAPS22_HPLAN_experiments_learn_and_verification/logistics/problem3-0-strips.pddl
Reading strip solution file /lustre/rli12314/HGNII/ICAPS22_HPLAN_experiments_learn_and_verification/logistics/problem3-0-solution.plan
Reading htn domain file /lustre/rli12314/HGNII/ICAPS22_HPLAN_experiments_learn_and_verification/logistics/domain_partial_htn.pddl
Reading task file /lustre/rli12314/HGNII/ICAPS22_HPLAN_experiments_learn_and_verification/logistics/tasks3_prec.pddl
 Done reading task file /lustre/rli12314/HGNII/ICAPS22_HPLAN_experiments_learn_and_verification/logistics/tasks3_prec.pddl
Doing one experiment in logistics domain, problem 3, try 1
Reading strip domain file /lustre/rli12314/HGNII/ICAPS22_HPLAN_experiments_learn_and_verification/logistics/domain_strips.pddl
Reading strip problem file /lustre/rli12314/HGNII/ICAPS22_HPLAN_experiments_learn_and_verification/logistics/problem3-1-strips.pddl
Reading strip solution file /lustre/rli12314/HGNII/ICAPS22_HPLAN_experiments_learn_and_verification/logistics/problem3-1-solution.plan
Reading htn domain file /lustre/rli12314/HGNII/ICAPS22_HPLAN_experiments_learn_and_verification/logistics/domain_partial_htn.pddl
Reading task file /lustre/rli12314/HGNII/ICAPS22_HPLAN_experiments_learn_and_verification/logistics/tasks3_prec.pddl
 Done reading task file /lustre/rli12314/HGNII/ICAPS22_HPLAN_experiments_learn_and_verification/logistics/tasks3_prec.pddl
Doing one experiment in logistics domain, problem 3, try 2
Reading strip domain file /lustre/rli12314/HGNII/ICAPS22_HPLAN_experiments_learn_and_verification/logistics/domain_strips.pddl
Reading strip problem file /lustre/rli12314/HGNII/ICAPS22_HPLAN_experiments_learn_and_verification/logistics/problem3-2-strips.pddl
Reading strip solution file /lustre/rli12314/HGNII/ICAPS22_HPLAN_experiments_learn_and_verification/logistics/problem3-2-solution.plan
Reading htn domain file /lustre/rli12314/HGNII/ICAPS22_HPLAN_experiments_learn_and_verification/logistics/domain_partial_htn.pddl
Reading task file /lustre/rli12314/HGNII/ICAPS22_HPLAN_experiments_learn_and_verification/logistics/tasks3_prec.pddl
 Done reading task file /lustre/rli12314/HGNII/ICAPS22_HPLAN_experiments_learn_and_verification/logistics/tasks3_prec.pddl
Doing one experiment in logistics domain, problem 3, try 3
Reading strip domain file /lustre/rli12314/HGNII/ICAPS22_HPLAN_experiments_learn_and_verification/logistics/domain_strips.pddl
Reading strip problem file /lustre/rli12314/HGNII/ICAPS22_HPLAN_experiments_learn_and_verification/logistics/problem3-3-strips.pddl
Reading strip solution file /lustre/rli12314/HGNII/ICAPS22_HPLAN_experiments_learn_and_verification/logistics/problem3-3-solution.plan
Reading htn domain file /lustre/rli12314/HGNII/ICAPS22_HPLAN_experiments_learn_and_verification/logistics/domain_partial_htn.pddl
Reading task file /lustre/rli12314/HGNII/ICAPS22_HPLAN_experiments_learn_and_verification/logistics/tasks3_prec.pddl
 Done reading task file /lustre/rli12314/HGNII/ICAPS22_HPLAN_experiments_learn_and_verification/logistics/tasks3_prec.pddl
Doing one experiment in logistics domain, problem 3, try 4
Reading strip domain file /lustre/rli12314/HGNII/ICAPS22_HPLAN_experiments_learn_and_verification/logistics/domain_strips.pddl
Reading strip problem file /lustre/rli12314/HGNII/ICAPS22_HPLAN_experiments_learn_and_verification/logistics/problem3-4-strips.pddl
Reading strip solution file /lustre/rli12314/HGNII/ICAPS22_HPLAN_experiments_learn_and_verification/logistics/problem3-4-solution.plan
Reading htn domain file /lustre/rli12314/HGNII/ICAPS22_HPLAN_experiments_learn_and_verification/logistics/domain_partial_htn.pddl
Reading task file /lustre/rli12314/HGNII/ICAPS22_HPLAN_experiments_learn_and_verification/logistics/tasks3_prec.pddl
 Done reading task file /lustre/rli12314/HGNII/ICAPS22_HPLAN_experiments_learn_and_verification/logistics/tasks3_prec.pddl
Doing one experiment in logistics domain, problem 4, try 0
Reading strip domain file /lustre/rli12314/HGNII/ICAPS22_HPLAN_experiments_learn_and_verification/logistics/domain_strips.pddl
Reading strip problem file /lustre/rli12314/HGNII/ICAPS22_HPLAN_experiments_learn_and_verification/logistics/problem4-0-strips.pddl
Reading strip solution file /lustre/rli12314/HGNII/ICAPS22_HPLAN_experiments_learn_and_verification/logistics/problem4-0-solution.plan
Reading htn domain file /lustre/rli12314/HGNII/ICAPS22_HPLAN_experiments_learn_and_verification/logistics/domain_partial_htn.pddl
Reading task file /lustre/rli12314/HGNII/ICAPS22_HPLAN_experiments_learn_and_verification/logistics/tasks4_prec.pddl
 Done reading task file /lustre/rli12314/HGNII/ICAPS22_HPLAN_experiments_learn_and_verification/logistics/tasks4_prec.pddl
Doing one experiment in logistics domain, problem 4, try 1
Reading strip domain file /lustre/rli12314/HGNII/ICAPS22_HPLAN_experiments_learn_and_verification/logistics/domain_strips.pddl
Reading strip problem file /lustre/rli12314/HGNII/ICAPS22_HPLAN_experiments_learn_and_verification/logistics/problem4-1-strips.pddl
Reading strip solution file /lustre/rli12314/HGNII/ICAPS22_HPLAN_experiments_learn_and_verification/logistics/problem4-1-solution.plan
Reading htn domain file /lustre/rli12314/HGNII/ICAPS22_HPLAN_experiments_learn_and_verification/logistics/domain_partial_htn.pddl
Reading task file /lustre/rli12314/HGNII/ICAPS22_HPLAN_experiments_learn_and_verification/logistics/tasks4_prec.pddl
 Done reading task file /lustre/rli12314/HGNII/ICAPS22_HPLAN_experiments_learn_and_verification/logistics/tasks4_prec.pddl
Doing one experiment in logistics domain, problem 4, try 2
Reading strip domain file /lustre/rli12314/HGNII/ICAPS22_HPLAN_experiments_learn_and_verification/logistics/domain_strips.pddl
Reading strip problem file /lustre/rli12314/HGNII/ICAPS22_HPLAN_experiments_learn_and_verification/logistics/problem4-2-strips.pddl
Reading strip solution file /lustre/rli12314/HGNII/ICAPS22_HPLAN_experiments_learn_and_verification/logistics/problem4-2-solution.plan
Reading htn domain file /lustre/rli12314/HGNII/ICAPS22_HPLAN_experiments_learn_and_verification/logistics/domain_partial_htn.pddl
Reading task file /lustre/rli12314/HGNII/ICAPS22_HPLAN_experiments_learn_and_verification/logistics/tasks4_prec.pddl
 Done reading task file /lustre/rli12314/HGNII/ICAPS22_HPLAN_experiments_learn_and_verification/logistics/tasks4_prec.pddl
Doing one experiment in logistics domain, problem 4, try 3
Reading strip domain file /lustre/rli12314/HGNII/ICAPS22_HPLAN_experiments_learn_and_verification/logistics/domain_strips.pddl
Reading strip problem file /lustre/rli12314/HGNII/ICAPS22_HPLAN_experiments_learn_and_verification/logistics/problem4-3-strips.pddl
Reading strip solution file /lustre/rli12314/HGNII/ICAPS22_HPLAN_experiments_learn_and_verification/logistics/problem4-3-solution.plan
Reading htn domain file /lustre/rli12314/HGNII/ICAPS22_HPLAN_experiments_learn_and_verification/logistics/domain_partial_htn.pddl
Reading task file /lustre/rli12314/HGNII/ICAPS22_HPLAN_experiments_learn_and_verification/logistics/tasks4_prec.pddl
 Done reading task file /lustre/rli12314/HGNII/ICAPS22_HPLAN_experiments_learn_and_verification/logistics/tasks4_prec.pddl
Doing one experiment in logistics domain, problem 4, try 4
Reading strip domain file /lustre/rli12314/HGNII/ICAPS22_HPLAN_experiments_learn_and_verification/logistics/domain_strips.pddl
Reading strip problem file /lustre/rli12314/HGNII/ICAPS22_HPLAN_experiments_learn_and_verification/logistics/problem4-4-strips.pddl
Reading strip solution file /lustre/rli12314/HGNII/ICAPS22_HPLAN_experiments_learn_and_verification/logistics/problem4-4-solution.plan
Reading htn domain file /lustre/rli12314/HGNII/ICAPS22_HPLAN_experiments_learn_and_verification/logistics/domain_partial_htn.pddl
Reading task file /lustre/rli12314/HGNII/ICAPS22_HPLAN_experiments_learn_and_verification/logistics/tasks4_prec.pddl
 Done reading task file /lustre/rli12314/HGNII/ICAPS22_HPLAN_experiments_learn_and_verification/logistics/tasks4_prec.pddl
Doing one experiment in logistics domain, problem 5, try 0
Reading strip domain file /lustre/rli12314/HGNII/ICAPS22_HPLAN_experiments_learn_and_verification/logistics/domain_strips.pddl
Reading strip problem file /lustre/rli12314/HGNII/ICAPS22_HPLAN_experiments_learn_and_verification/logistics/problem5-0-strips.pddl
Reading strip solution file /lustre/rli12314/HGNII/ICAPS22_HPLAN_experiments_learn_and_verification/logistics/problem5-0-solution.plan
Reading htn domain file /lustre/rli12314/HGNII/ICAPS22_HPLAN_experiments_learn_and_verification/logistics/domain_partial_htn.pddl
Reading task file /lustre/rli12314/HGNII/ICAPS22_HPLAN_experiments_learn_and_verification/logistics/tasks5_prec.pddl
 Done reading task file /lustre/rli12314/HGNII/ICAPS22_HPLAN_experiments_learn_and_verification/logistics/tasks5_prec.pddl
slurmstepd: error: *** JOB 18551325 ON compute-b25-47 CANCELLED AT 2022-05-01T14:59:38 ***
