Doing one experiment in zenotravel domain, problem 2, try 0
Reading strip domain file /lustre/rli12314/HGNIII/ICAPS22_HPLAN_experiments_zenotravel/zenotravel/domain_strips.pddl
Reading strip problem file /lustre/rli12314/HGNIII/ICAPS22_HPLAN_experiments_zenotravel/zenotravel/problem2-0-strips.pddl
Reading strip solution file /lustre/rli12314/HGNIII/ICAPS22_HPLAN_experiments_zenotravel/zenotravel/problem2-0-solution.plan
Reading htn domain file /lustre/rli12314/HGNIII/ICAPS22_HPLAN_experiments_zenotravel/zenotravel/domain_partial_htn.pddl
Reading task file /lustre/rli12314/HGNIII/ICAPS22_HPLAN_experiments_zenotravel/zenotravel/tasks2.pddl
Reading task files for logistics domain with curriculum: 
Reading task: task_Fly-1Ppl.pddl
Reading task: task_Fly-2Ppl.pddl
 Done reading task files
Doing one experiment in zenotravel domain, problem 2, try 1
Reading strip domain file /lustre/rli12314/HGNIII/ICAPS22_HPLAN_experiments_zenotravel/zenotravel/domain_strips.pddl
Reading strip problem file /lustre/rli12314/HGNIII/ICAPS22_HPLAN_experiments_zenotravel/zenotravel/problem2-1-strips.pddl
Reading strip solution file /lustre/rli12314/HGNIII/ICAPS22_HPLAN_experiments_zenotravel/zenotravel/problem2-1-solution.plan
Reading htn domain file /lustre/rli12314/HGNIII/ICAPS22_HPLAN_experiments_zenotravel/zenotravel/domain_partial_htn.pddl
Reading task file /lustre/rli12314/HGNIII/ICAPS22_HPLAN_experiments_zenotravel/zenotravel/tasks2.pddl
Reading task files for logistics domain with curriculum: 
Reading task: task_Fly-1Ppl.pddl
Reading task: task_Fly-2Ppl.pddl
 Done reading task files
Doing one experiment in zenotravel domain, problem 2, try 2
Reading strip domain file /lustre/rli12314/HGNIII/ICAPS22_HPLAN_experiments_zenotravel/zenotravel/domain_strips.pddl
Reading strip problem file /lustre/rli12314/HGNIII/ICAPS22_HPLAN_experiments_zenotravel/zenotravel/problem2-2-strips.pddl
Reading strip solution file /lustre/rli12314/HGNIII/ICAPS22_HPLAN_experiments_zenotravel/zenotravel/problem2-2-solution.plan
Reading htn domain file /lustre/rli12314/HGNIII/ICAPS22_HPLAN_experiments_zenotravel/zenotravel/domain_partial_htn.pddl
Reading task file /lustre/rli12314/HGNIII/ICAPS22_HPLAN_experiments_zenotravel/zenotravel/tasks2.pddl
Reading task files for logistics domain with curriculum: 
Reading task: task_Fly-1Ppl.pddl
Reading task: task_Fly-2Ppl.pddl
 Done reading task files
Doing one experiment in zenotravel domain, problem 2, try 3
Reading strip domain file /lustre/rli12314/HGNIII/ICAPS22_HPLAN_experiments_zenotravel/zenotravel/domain_strips.pddl
Reading strip problem file /lustre/rli12314/HGNIII/ICAPS22_HPLAN_experiments_zenotravel/zenotravel/problem2-3-strips.pddl
Reading strip solution file /lustre/rli12314/HGNIII/ICAPS22_HPLAN_experiments_zenotravel/zenotravel/problem2-3-solution.plan
Reading htn domain file /lustre/rli12314/HGNIII/ICAPS22_HPLAN_experiments_zenotravel/zenotravel/domain_partial_htn.pddl
Reading task file /lustre/rli12314/HGNIII/ICAPS22_HPLAN_experiments_zenotravel/zenotravel/tasks2.pddl
Reading task files for logistics domain with curriculum: 
Reading task: task_Fly-1Ppl.pddl
Reading task: task_Fly-2Ppl.pddl
 Done reading task files
Doing one experiment in zenotravel domain, problem 2, try 4
Reading strip domain file /lustre/rli12314/HGNIII/ICAPS22_HPLAN_experiments_zenotravel/zenotravel/domain_strips.pddl
Reading strip problem file /lustre/rli12314/HGNIII/ICAPS22_HPLAN_experiments_zenotravel/zenotravel/problem2-4-strips.pddl
Reading strip solution file /lustre/rli12314/HGNIII/ICAPS22_HPLAN_experiments_zenotravel/zenotravel/problem2-4-solution.plan
Reading htn domain file /lustre/rli12314/HGNIII/ICAPS22_HPLAN_experiments_zenotravel/zenotravel/domain_partial_htn.pddl
Reading task file /lustre/rli12314/HGNIII/ICAPS22_HPLAN_experiments_zenotravel/zenotravel/tasks2.pddl
Reading task files for logistics domain with curriculum: 
Reading task: task_Fly-1Ppl.pddl
Reading task: task_Fly-2Ppl.pddl
 Done reading task files
Doing one experiment in zenotravel domain, problem 3, try 0
Reading strip domain file /lustre/rli12314/HGNIII/ICAPS22_HPLAN_experiments_zenotravel/zenotravel/domain_strips.pddl
Reading strip problem file /lustre/rli12314/HGNIII/ICAPS22_HPLAN_experiments_zenotravel/zenotravel/problem3-0-strips.pddl
Reading strip solution file /lustre/rli12314/HGNIII/ICAPS22_HPLAN_experiments_zenotravel/zenotravel/problem3-0-solution.plan
Reading htn domain file /lustre/rli12314/HGNIII/ICAPS22_HPLAN_experiments_zenotravel/zenotravel/domain_partial_htn.pddl
Reading task file /lustre/rli12314/HGNIII/ICAPS22_HPLAN_experiments_zenotravel/zenotravel/tasks3.pddl
Reading task files for logistics domain with curriculum: 
Reading task: task_Fly-1Ppl.pddl
Reading task: task_Fly-2Ppl.pddl
Reading task: task_Fly-3Ppl.pddl
 Done reading task files
Doing one experiment in zenotravel domain, problem 3, try 1
Reading strip domain file /lustre/rli12314/HGNIII/ICAPS22_HPLAN_experiments_zenotravel/zenotravel/domain_strips.pddl
Reading strip problem file /lustre/rli12314/HGNIII/ICAPS22_HPLAN_experiments_zenotravel/zenotravel/problem3-1-strips.pddl
Reading strip solution file /lustre/rli12314/HGNIII/ICAPS22_HPLAN_experiments_zenotravel/zenotravel/problem3-1-solution.plan
Reading htn domain file /lustre/rli12314/HGNIII/ICAPS22_HPLAN_experiments_zenotravel/zenotravel/domain_partial_htn.pddl
Reading task file /lustre/rli12314/HGNIII/ICAPS22_HPLAN_experiments_zenotravel/zenotravel/tasks3.pddl
Reading task files for logistics domain with curriculum: 
Reading task: task_Fly-1Ppl.pddl
Reading task: task_Fly-2Ppl.pddl
Reading task: task_Fly-3Ppl.pddl
 Done reading task files
Doing one experiment in zenotravel domain, problem 3, try 2
Reading strip domain file /lustre/rli12314/HGNIII/ICAPS22_HPLAN_experiments_zenotravel/zenotravel/domain_strips.pddl
Reading strip problem file /lustre/rli12314/HGNIII/ICAPS22_HPLAN_experiments_zenotravel/zenotravel/problem3-2-strips.pddl
Reading strip solution file /lustre/rli12314/HGNIII/ICAPS22_HPLAN_experiments_zenotravel/zenotravel/problem3-2-solution.plan
Reading htn domain file /lustre/rli12314/HGNIII/ICAPS22_HPLAN_experiments_zenotravel/zenotravel/domain_partial_htn.pddl
Reading task file /lustre/rli12314/HGNIII/ICAPS22_HPLAN_experiments_zenotravel/zenotravel/tasks3.pddl
Reading task files for logistics domain with curriculum: 
Reading task: task_Fly-1Ppl.pddl
Reading task: task_Fly-2Ppl.pddl
Reading task: task_Fly-3Ppl.pddl
 Done reading task files
Doing one experiment in zenotravel domain, problem 3, try 3
Reading strip domain file /lustre/rli12314/HGNIII/ICAPS22_HPLAN_experiments_zenotravel/zenotravel/domain_strips.pddl
Reading strip problem file /lustre/rli12314/HGNIII/ICAPS22_HPLAN_experiments_zenotravel/zenotravel/problem3-3-strips.pddl
Reading strip solution file /lustre/rli12314/HGNIII/ICAPS22_HPLAN_experiments_zenotravel/zenotravel/problem3-3-solution.plan
Reading htn domain file /lustre/rli12314/HGNIII/ICAPS22_HPLAN_experiments_zenotravel/zenotravel/domain_partial_htn.pddl
Reading task file /lustre/rli12314/HGNIII/ICAPS22_HPLAN_experiments_zenotravel/zenotravel/tasks3.pddl
Reading task files for logistics domain with curriculum: 
Reading task: task_Fly-1Ppl.pddl
Reading task: task_Fly-2Ppl.pddl
Reading task: task_Fly-3Ppl.pddl
 Done reading task files
Doing one experiment in zenotravel domain, problem 3, try 4
Reading strip domain file /lustre/rli12314/HGNIII/ICAPS22_HPLAN_experiments_zenotravel/zenotravel/domain_strips.pddl
Reading strip problem file /lustre/rli12314/HGNIII/ICAPS22_HPLAN_experiments_zenotravel/zenotravel/problem3-4-strips.pddl
Reading strip solution file /lustre/rli12314/HGNIII/ICAPS22_HPLAN_experiments_zenotravel/zenotravel/problem3-4-solution.plan
Reading htn domain file /lustre/rli12314/HGNIII/ICAPS22_HPLAN_experiments_zenotravel/zenotravel/domain_partial_htn.pddl
Reading task file /lustre/rli12314/HGNIII/ICAPS22_HPLAN_experiments_zenotravel/zenotravel/tasks3.pddl
Reading task files for logistics domain with curriculum: 
Reading task: task_Fly-1Ppl.pddl
Reading task: task_Fly-2Ppl.pddl
Reading task: task_Fly-3Ppl.pddl
 Done reading task files
Doing one experiment in zenotravel domain, problem 4, try 0
Reading strip domain file /lustre/rli12314/HGNIII/ICAPS22_HPLAN_experiments_zenotravel/zenotravel/domain_strips.pddl
Reading strip problem file /lustre/rli12314/HGNIII/ICAPS22_HPLAN_experiments_zenotravel/zenotravel/problem4-0-strips.pddl
Reading strip solution file /lustre/rli12314/HGNIII/ICAPS22_HPLAN_experiments_zenotravel/zenotravel/problem4-0-solution.plan
Reading htn domain file /lustre/rli12314/HGNIII/ICAPS22_HPLAN_experiments_zenotravel/zenotravel/domain_partial_htn.pddl
Reading task file /lustre/rli12314/HGNIII/ICAPS22_HPLAN_experiments_zenotravel/zenotravel/tasks4.pddl
Reading task files for logistics domain with curriculum: 
Reading task: task_Fly-1Ppl.pddl
Reading task: task_Fly-2Ppl.pddl
Reading task: task_Fly-3Ppl.pddl
Reading task: task_Fly-4Ppl.pddl
 Done reading task files
Doing one experiment in zenotravel domain, problem 4, try 1
Reading strip domain file /lustre/rli12314/HGNIII/ICAPS22_HPLAN_experiments_zenotravel/zenotravel/domain_strips.pddl
Reading strip problem file /lustre/rli12314/HGNIII/ICAPS22_HPLAN_experiments_zenotravel/zenotravel/problem4-1-strips.pddl
Reading strip solution file /lustre/rli12314/HGNIII/ICAPS22_HPLAN_experiments_zenotravel/zenotravel/problem4-1-solution.plan
Reading htn domain file /lustre/rli12314/HGNIII/ICAPS22_HPLAN_experiments_zenotravel/zenotravel/domain_partial_htn.pddl
Reading task file /lustre/rli12314/HGNIII/ICAPS22_HPLAN_experiments_zenotravel/zenotravel/tasks4.pddl
Reading task files for logistics domain with curriculum: 
Reading task: task_Fly-1Ppl.pddl
Reading task: task_Fly-2Ppl.pddl
Reading task: task_Fly-3Ppl.pddl
Reading task: task_Fly-4Ppl.pddl
 Done reading task files
Doing one experiment in zenotravel domain, problem 4, try 2
Reading strip domain file /lustre/rli12314/HGNIII/ICAPS22_HPLAN_experiments_zenotravel/zenotravel/domain_strips.pddl
Reading strip problem file /lustre/rli12314/HGNIII/ICAPS22_HPLAN_experiments_zenotravel/zenotravel/problem4-2-strips.pddl
Reading strip solution file /lustre/rli12314/HGNIII/ICAPS22_HPLAN_experiments_zenotravel/zenotravel/problem4-2-solution.plan
Reading htn domain file /lustre/rli12314/HGNIII/ICAPS22_HPLAN_experiments_zenotravel/zenotravel/domain_partial_htn.pddl
Reading task file /lustre/rli12314/HGNIII/ICAPS22_HPLAN_experiments_zenotravel/zenotravel/tasks4.pddl
Reading task files for logistics domain with curriculum: 
Reading task: task_Fly-1Ppl.pddl
Reading task: task_Fly-2Ppl.pddl
Reading task: task_Fly-3Ppl.pddl
Reading task: task_Fly-4Ppl.pddl
 Done reading task files
Doing one experiment in zenotravel domain, problem 4, try 3
Reading strip domain file /lustre/rli12314/HGNIII/ICAPS22_HPLAN_experiments_zenotravel/zenotravel/domain_strips.pddl
Reading strip problem file /lustre/rli12314/HGNIII/ICAPS22_HPLAN_experiments_zenotravel/zenotravel/problem4-3-strips.pddl
Reading strip solution file /lustre/rli12314/HGNIII/ICAPS22_HPLAN_experiments_zenotravel/zenotravel/problem4-3-solution.plan
Reading htn domain file /lustre/rli12314/HGNIII/ICAPS22_HPLAN_experiments_zenotravel/zenotravel/domain_partial_htn.pddl
Reading task file /lustre/rli12314/HGNIII/ICAPS22_HPLAN_experiments_zenotravel/zenotravel/tasks4.pddl
Reading task files for logistics domain with curriculum: 
Reading task: task_Fly-1Ppl.pddl
Reading task: task_Fly-2Ppl.pddl
Reading task: task_Fly-3Ppl.pddl
Reading task: task_Fly-4Ppl.pddl
 Done reading task files
Doing one experiment in zenotravel domain, problem 4, try 4
Reading strip domain file /lustre/rli12314/HGNIII/ICAPS22_HPLAN_experiments_zenotravel/zenotravel/domain_strips.pddl
Reading strip problem file /lustre/rli12314/HGNIII/ICAPS22_HPLAN_experiments_zenotravel/zenotravel/problem4-4-strips.pddl
Reading strip solution file /lustre/rli12314/HGNIII/ICAPS22_HPLAN_experiments_zenotravel/zenotravel/problem4-4-solution.plan
Reading htn domain file /lustre/rli12314/HGNIII/ICAPS22_HPLAN_experiments_zenotravel/zenotravel/domain_partial_htn.pddl
Reading task file /lustre/rli12314/HGNIII/ICAPS22_HPLAN_experiments_zenotravel/zenotravel/tasks4.pddl
Reading task files for logistics domain with curriculum: 
Reading task: task_Fly-1Ppl.pddl
Reading task: task_Fly-2Ppl.pddl
Reading task: task_Fly-3Ppl.pddl
Reading task: task_Fly-4Ppl.pddl
 Done reading task files
Doing one experiment in zenotravel domain, problem 5, try 0
Reading strip domain file /lustre/rli12314/HGNIII/ICAPS22_HPLAN_experiments_zenotravel/zenotravel/domain_strips.pddl
Reading strip problem file /lustre/rli12314/HGNIII/ICAPS22_HPLAN_experiments_zenotravel/zenotravel/problem5-0-strips.pddl
Reading strip solution file /lustre/rli12314/HGNIII/ICAPS22_HPLAN_experiments_zenotravel/zenotravel/problem5-0-solution.plan
Reading htn domain file /lustre/rli12314/HGNIII/ICAPS22_HPLAN_experiments_zenotravel/zenotravel/domain_partial_htn.pddl
Reading task file /lustre/rli12314/HGNIII/ICAPS22_HPLAN_experiments_zenotravel/zenotravel/tasks5.pddl
Reading task files for logistics domain with curriculum: 
Reading task: task_Fly-1Ppl.pddl
Reading task: task_Fly-2Ppl.pddl
Reading task: task_Fly-3Ppl.pddl
Reading task: task_Fly-4Ppl.pddl
Reading task: task_Fly-5Ppl.pddl
 Done reading task files
Doing one experiment in zenotravel domain, problem 5, try 1
Reading strip domain file /lustre/rli12314/HGNIII/ICAPS22_HPLAN_experiments_zenotravel/zenotravel/domain_strips.pddl
Reading strip problem file /lustre/rli12314/HGNIII/ICAPS22_HPLAN_experiments_zenotravel/zenotravel/problem5-1-strips.pddl
Reading strip solution file /lustre/rli12314/HGNIII/ICAPS22_HPLAN_experiments_zenotravel/zenotravel/problem5-1-solution.plan
Reading htn domain file /lustre/rli12314/HGNIII/ICAPS22_HPLAN_experiments_zenotravel/zenotravel/domain_partial_htn.pddl
Reading task file /lustre/rli12314/HGNIII/ICAPS22_HPLAN_experiments_zenotravel/zenotravel/tasks5.pddl
Reading task files for logistics domain with curriculum: 
Reading task: task_Fly-1Ppl.pddl
Reading task: task_Fly-2Ppl.pddl
Reading task: task_Fly-3Ppl.pddl
Reading task: task_Fly-4Ppl.pddl
Reading task: task_Fly-5Ppl.pddl
 Done reading task files
Doing one experiment in zenotravel domain, problem 5, try 2
Reading strip domain file /lustre/rli12314/HGNIII/ICAPS22_HPLAN_experiments_zenotravel/zenotravel/domain_strips.pddl
Reading strip problem file /lustre/rli12314/HGNIII/ICAPS22_HPLAN_experiments_zenotravel/zenotravel/problem5-2-strips.pddl
Reading strip solution file /lustre/rli12314/HGNIII/ICAPS22_HPLAN_experiments_zenotravel/zenotravel/problem5-2-solution.plan
Reading htn domain file /lustre/rli12314/HGNIII/ICAPS22_HPLAN_experiments_zenotravel/zenotravel/domain_partial_htn.pddl
Reading task file /lustre/rli12314/HGNIII/ICAPS22_HPLAN_experiments_zenotravel/zenotravel/tasks5.pddl
Reading task files for logistics domain with curriculum: 
Reading task: task_Fly-1Ppl.pddl
Reading task: task_Fly-2Ppl.pddl
Reading task: task_Fly-3Ppl.pddl
Reading task: task_Fly-4Ppl.pddl
Reading task: task_Fly-5Ppl.pddl
 Done reading task files
Doing one experiment in zenotravel domain, problem 5, try 3
Reading strip domain file /lustre/rli12314/HGNIII/ICAPS22_HPLAN_experiments_zenotravel/zenotravel/domain_strips.pddl
Reading strip problem file /lustre/rli12314/HGNIII/ICAPS22_HPLAN_experiments_zenotravel/zenotravel/problem5-3-strips.pddl
Reading strip solution file /lustre/rli12314/HGNIII/ICAPS22_HPLAN_experiments_zenotravel/zenotravel/problem5-3-solution.plan
Reading htn domain file /lustre/rli12314/HGNIII/ICAPS22_HPLAN_experiments_zenotravel/zenotravel/domain_partial_htn.pddl
Reading task file /lustre/rli12314/HGNIII/ICAPS22_HPLAN_experiments_zenotravel/zenotravel/tasks5.pddl
Reading task files for logistics domain with curriculum: 
Reading task: task_Fly-1Ppl.pddl
Reading task: task_Fly-2Ppl.pddl
Reading task: task_Fly-3Ppl.pddl
Reading task: task_Fly-4Ppl.pddl
Reading task: task_Fly-5Ppl.pddl
 Done reading task files
Doing one experiment in zenotravel domain, problem 5, try 4
Reading strip domain file /lustre/rli12314/HGNIII/ICAPS22_HPLAN_experiments_zenotravel/zenotravel/domain_strips.pddl
Reading strip problem file /lustre/rli12314/HGNIII/ICAPS22_HPLAN_experiments_zenotravel/zenotravel/problem5-4-strips.pddl
Reading strip solution file /lustre/rli12314/HGNIII/ICAPS22_HPLAN_experiments_zenotravel/zenotravel/problem5-4-solution.plan
Reading htn domain file /lustre/rli12314/HGNIII/ICAPS22_HPLAN_experiments_zenotravel/zenotravel/domain_partial_htn.pddl
Reading task file /lustre/rli12314/HGNIII/ICAPS22_HPLAN_experiments_zenotravel/zenotravel/tasks5.pddl
Reading task files for logistics domain with curriculum: 
Reading task: task_Fly-1Ppl.pddl
Reading task: task_Fly-2Ppl.pddl
Reading task: task_Fly-3Ppl.pddl
Reading task: task_Fly-4Ppl.pddl
Reading task: task_Fly-5Ppl.pddl
 Done reading task files
Doing one experiment in zenotravel domain, problem 6, try 0
Reading strip domain file /lustre/rli12314/HGNIII/ICAPS22_HPLAN_experiments_zenotravel/zenotravel/domain_strips.pddl
Reading strip problem file /lustre/rli12314/HGNIII/ICAPS22_HPLAN_experiments_zenotravel/zenotravel/problem6-0-strips.pddl
Reading strip solution file /lustre/rli12314/HGNIII/ICAPS22_HPLAN_experiments_zenotravel/zenotravel/problem6-0-solution.plan
Reading htn domain file /lustre/rli12314/HGNIII/ICAPS22_HPLAN_experiments_zenotravel/zenotravel/domain_partial_htn.pddl
Reading task file /lustre/rli12314/HGNIII/ICAPS22_HPLAN_experiments_zenotravel/zenotravel/tasks6.pddl
Reading task files for logistics domain with curriculum: 
Reading task: task_Fly-1Ppl.pddl
Reading task: task_Fly-2Ppl.pddl
Reading task: task_Fly-3Ppl.pddl
Reading task: task_Fly-4Ppl.pddl
Reading task: task_Fly-5Ppl.pddl
Reading task: task_Fly-6Ppl.pddl
 Done reading task files
Doing one experiment in zenotravel domain, problem 6, try 1
Reading strip domain file /lustre/rli12314/HGNIII/ICAPS22_HPLAN_experiments_zenotravel/zenotravel/domain_strips.pddl
Reading strip problem file /lustre/rli12314/HGNIII/ICAPS22_HPLAN_experiments_zenotravel/zenotravel/problem6-1-strips.pddl
Reading strip solution file /lustre/rli12314/HGNIII/ICAPS22_HPLAN_experiments_zenotravel/zenotravel/problem6-1-solution.plan
Reading htn domain file /lustre/rli12314/HGNIII/ICAPS22_HPLAN_experiments_zenotravel/zenotravel/domain_partial_htn.pddl
Reading task file /lustre/rli12314/HGNIII/ICAPS22_HPLAN_experiments_zenotravel/zenotravel/tasks6.pddl
Reading task files for logistics domain with curriculum: 
Reading task: task_Fly-1Ppl.pddl
Reading task: task_Fly-2Ppl.pddl
Reading task: task_Fly-3Ppl.pddl
Reading task: task_Fly-4Ppl.pddl
Reading task: task_Fly-5Ppl.pddl
Reading task: task_Fly-6Ppl.pddl
 Done reading task files
Doing one experiment in zenotravel domain, problem 6, try 2
Reading strip domain file /lustre/rli12314/HGNIII/ICAPS22_HPLAN_experiments_zenotravel/zenotravel/domain_strips.pddl
Reading strip problem file /lustre/rli12314/HGNIII/ICAPS22_HPLAN_experiments_zenotravel/zenotravel/problem6-2-strips.pddl
Reading strip solution file /lustre/rli12314/HGNIII/ICAPS22_HPLAN_experiments_zenotravel/zenotravel/problem6-2-solution.plan
Reading htn domain file /lustre/rli12314/HGNIII/ICAPS22_HPLAN_experiments_zenotravel/zenotravel/domain_partial_htn.pddl
Reading task file /lustre/rli12314/HGNIII/ICAPS22_HPLAN_experiments_zenotravel/zenotravel/tasks6.pddl
Reading task files for logistics domain with curriculum: 
Reading task: task_Fly-1Ppl.pddl
Reading task: task_Fly-2Ppl.pddl
Reading task: task_Fly-3Ppl.pddl
Reading task: task_Fly-4Ppl.pddl
Reading task: task_Fly-5Ppl.pddl
Reading task: task_Fly-6Ppl.pddl
 Done reading task files
Doing one experiment in zenotravel domain, problem 6, try 3
Reading strip domain file /lustre/rli12314/HGNIII/ICAPS22_HPLAN_experiments_zenotravel/zenotravel/domain_strips.pddl
Reading strip problem file /lustre/rli12314/HGNIII/ICAPS22_HPLAN_experiments_zenotravel/zenotravel/problem6-3-strips.pddl
Reading strip solution file /lustre/rli12314/HGNIII/ICAPS22_HPLAN_experiments_zenotravel/zenotravel/problem6-3-solution.plan
Reading htn domain file /lustre/rli12314/HGNIII/ICAPS22_HPLAN_experiments_zenotravel/zenotravel/domain_partial_htn.pddl
Reading task file /lustre/rli12314/HGNIII/ICAPS22_HPLAN_experiments_zenotravel/zenotravel/tasks6.pddl
Reading task files for logistics domain with curriculum: 
Reading task: task_Fly-1Ppl.pddl
Reading task: task_Fly-2Ppl.pddl
Reading task: task_Fly-3Ppl.pddl
Reading task: task_Fly-4Ppl.pddl
Reading task: task_Fly-5Ppl.pddl
Reading task: task_Fly-6Ppl.pddl
 Done reading task files
Doing one experiment in zenotravel domain, problem 6, try 4
Reading strip domain file /lustre/rli12314/HGNIII/ICAPS22_HPLAN_experiments_zenotravel/zenotravel/domain_strips.pddl
Reading strip problem file /lustre/rli12314/HGNIII/ICAPS22_HPLAN_experiments_zenotravel/zenotravel/problem6-4-strips.pddl
Reading strip solution file /lustre/rli12314/HGNIII/ICAPS22_HPLAN_experiments_zenotravel/zenotravel/problem6-4-solution.plan
Reading htn domain file /lustre/rli12314/HGNIII/ICAPS22_HPLAN_experiments_zenotravel/zenotravel/domain_partial_htn.pddl
Reading task file /lustre/rli12314/HGNIII/ICAPS22_HPLAN_experiments_zenotravel/zenotravel/tasks6.pddl
Reading task files for logistics domain with curriculum: 
Reading task: task_Fly-1Ppl.pddl
Reading task: task_Fly-2Ppl.pddl
Reading task: task_Fly-3Ppl.pddl
Reading task: task_Fly-4Ppl.pddl
Reading task: task_Fly-5Ppl.pddl
Reading task: task_Fly-6Ppl.pddl
 Done reading task files
Doing one experiment in zenotravel domain, problem 7, try 0
Reading strip domain file /lustre/rli12314/HGNIII/ICAPS22_HPLAN_experiments_zenotravel/zenotravel/domain_strips.pddl
Reading strip problem file /lustre/rli12314/HGNIII/ICAPS22_HPLAN_experiments_zenotravel/zenotravel/problem7-0-strips.pddl
Reading strip solution file /lustre/rli12314/HGNIII/ICAPS22_HPLAN_experiments_zenotravel/zenotravel/problem7-0-solution.plan
Reading htn domain file /lustre/rli12314/HGNIII/ICAPS22_HPLAN_experiments_zenotravel/zenotravel/domain_partial_htn.pddl
Reading task file /lustre/rli12314/HGNIII/ICAPS22_HPLAN_experiments_zenotravel/zenotravel/tasks7.pddl
Reading task files for logistics domain with curriculum: 
Reading task: task_Fly-1Ppl.pddl
Reading task: task_Fly-2Ppl.pddl
Reading task: task_Fly-3Ppl.pddl
Reading task: task_Fly-4Ppl.pddl
Reading task: task_Fly-5Ppl.pddl
Reading task: task_Fly-6Ppl.pddl
Reading task: task_Fly-7Ppl.pddl
 Done reading task files
slurmstepd: error: *** JOB 18568113 ON compute-b27-27 CANCELLED AT 2022-05-09T00:02:52 DUE TO TIME LIMIT ***
